cd /tmp/Nopol_IntroClassJava_checksum_36d8008b13f6475ca8fa4553fea10042b0a6c623665065672051445c3464d61b29b47cb66321844a0264505a0f5ccf5aa6de072aa266b5a8b0cf13198380a389_003;
export JAVA_TOOL_OPTIONS="-Dfile.encoding=UTF8 -Duser.language=en-US -Duser.country=US -Duser.language=en";
TZ="America/New_York"; export TZ;
export PATH="/usr/lib/jvm/java-1.8.0-openjdk-amd64/bin/:$PATH";
export JAVA_HOME="/usr/lib/jvm/java-1.8.0-openjdk-amd64/bin/";
time java -Xmx4048m -cp /home/tdurieux/RepairThemAll/script/../repair_tools/nopol.jar:/usr/lib/jvm/java-1.8.0-openjdk-amd64/bin//../lib/tools.jar fr.inria.lille.repair.Main \
	--mode repair \
	--type pre_then_cond \
	--oracle angelic \
	--synthesis smt \
	--flocal gzoltar \
	--json \
	--solver z3 \
	--solver-path /home/tdurieux/RepairThemAll/script/../libs/z3/build/z3 \
	--complianceLevel 7 \
	--source src/main/java \
	--classpath "target/classes:target/test-classes:/home/tdurieux/.m2/repository/junit/junit/4.11/junit-4.11.jar:/home/tdurieux/.m2/repository/org/hamcrest/hamcrest-core/1.3/hamcrest-core-1.3.jar:/home/tdurieux/RepairThemAll/script/../repair_tools/nopol.jar";
	echo "\n\nNode: `hostname`\n";
	echo "\n\nDate: `date`\n";
Picked up JAVA_TOOL_OPTIONS: -Dfile.encoding=UTF8 -Duser.language=en-US -Duser.country=US -Duser.language=en
15:55:10.512 [main] INFO  fr.inria.lille.repair.nopol.NoPol - Source files: [src/main/java]
15:55:10.527 [main] INFO  fr.inria.lille.repair.nopol.NoPol - Classpath: [file:/tmp/Nopol_IntroClassJava_checksum_36d8008b13f6475ca8fa4553fea10042b0a6c623665065672051445c3464d61b29b47cb66321844a0264505a0f5ccf5aa6de072aa266b5a8b0cf13198380a389_003/target/classes/, file:/tmp/Nopol_IntroClassJava_checksum_36d8008b13f6475ca8fa4553fea10042b0a6c623665065672051445c3464d61b29b47cb66321844a0264505a0f5ccf5aa6de072aa266b5a8b0cf13198380a389_003/target/test-classes/, file:/home/tdurieux/.m2/repository/junit/junit/4.11/junit-4.11.jar, file:/home/tdurieux/.m2/repository/org/hamcrest/hamcrest-core/1.3/hamcrest-core-1.3.jar, file:/home/tdurieux/RepairThemAll/script/../repair_tools/nopol.jar]
15:55:10.527 [main] INFO  fr.inria.lille.repair.nopol.NoPol - Statement type: PRE_THEN_COND
15:55:10.527 [main] INFO  fr.inria.lille.repair.nopol.NoPol - Args: [introclassJava.checksum_36d8008b_003BlackboxTest, introclassJava.checksum_36d8008b_003WhiteboxTest]
15:55:10.529 [main] INFO  fr.inria.lille.repair.nopol.NoPol - Config: Config{synthesisDepth=3, collectStaticMethods=true, collectStaticFields=false, collectLiterals=false, onlyOneSynthesisResult=true, sortExpressions=true, maxLineInvocationPerTest=250, timeoutMethodInvocation=2000, dataCollectionTimeoutInSecondForSynthesis=900, addWeight=0.19478, subWeight=0.04554, mulWeight=0.0102, divWeight=0.00613, andWeight=0.10597, orWeight=0.05708, eqWeight=0.22798, nEqWeight=0.0, lessEqWeight=0.0255, lessWeight=0.0947, methodCallWeight=0.1, fieldAccessWeight=0.08099, constantWeight=0.14232, variableWeight=0.05195, mode=REPAIR, type=PRE_THEN_COND, synthesis=SMT, oracle=ANGELIC, solver=Z3, solverPath='/home/tdurieux/RepairThemAll/script/../libs/z3/build/z3', projectSources=[src/main/java], projectClasspath='[Ljava.net.URL;@66d33a', projectTests=[introclassJava.checksum_36d8008b_003BlackboxTest, introclassJava.checksum_36d8008b_003WhiteboxTest], complianceLevel=7, outputFolder=., json=true}
15:55:10.529 [main] INFO  fr.inria.lille.repair.nopol.NoPol - Available processors (cores): 24
15:55:10.535 [main] INFO  fr.inria.lille.repair.nopol.NoPol - Free memory: 1 GB
15:55:10.535 [main] INFO  fr.inria.lille.repair.nopol.NoPol - Maximum memory: 3 GB
15:55:10.535 [main] INFO  fr.inria.lille.repair.nopol.NoPol - Total memory available to JVM: 1 GB
15:55:10.535 [main] INFO  fr.inria.lille.repair.nopol.NoPol - Java version: 1.8.0_181
15:55:10.536 [main] INFO  fr.inria.lille.repair.nopol.NoPol - JAVA_HOME: /usr/lib/jvm/java-1.8.0-openjdk-amd64/bin/
15:55:10.536 [main] INFO  fr.inria.lille.repair.nopol.NoPol - PATH: /usr/lib/jvm/java-1.8.0-openjdk-amd64/bin/:/usr/lib/oar/oardodo:/usr/lib/oar/oardodo:/usr/local/bin:/usr/bin:/bin:/usr/games
15:55:13.278 [pool-2-thread-1] DEBUG fr.inria.lille.repair.nopol.NoPol - statement #1
15:55:13.279 [pool-2-thread-1] DEBUG fr.inria.lille.repair.nopol.NoPol - Analysing SourceLocation introclassJava.checksum_36d8008b_003:77 which is executed by 16 tests
-2093792494
15:55:13.536 [pool-2-thread-1] DEBUG fr.inria.lille.repair.nopol.NoPol - looking with class fr.inria.lille.repair.nopol.spoon.smt.ConditionalAdder
org.junit.ComparisonFailure: expected:<...agereturn>Checksumis[]]> but was:<...agereturn>Checksumis[]>
    at org.junit.Assert.assertEquals(Assert.java:115)
    at org.junit.Assert.assertEquals(Assert.java:144)
    at introclassJava.checksum_36d8008b_003WhiteboxTest.test1(checksum_36d8008b_003WhiteboxTest.java:14)
    at sun.reflect.NativeMethodAccessorImpl.invoke0(Native Method)
    at sun.reflect.NativeMethodAccessorImpl.invoke(NativeMethodAccessorImpl.java:62)
    at sun.reflect.DelegatingMethodAccessorImpl.invoke(DelegatingMethodAccessorImpl.java:43)
org.junit.ComparisonFailure: expected:<...agereturn>Checksumis[V]> but was:<...agereturn>Checksumis[]>
    at org.junit.Assert.assertEquals(Assert.java:115)
    at org.junit.Assert.assertEquals(Assert.java:144)
    at introclassJava.checksum_36d8008b_003WhiteboxTest.test7(checksum_36d8008b_003WhiteboxTest.java:77)
    at sun.reflect.NativeMethodAccessorImpl.invoke0(Native Method)
    at sun.reflect.NativeMethodAccessorImpl.invoke(NativeMethodAccessorImpl.java:62)
    at sun.reflect.DelegatingMethodAccessorImpl.invoke(DelegatingMethodAccessorImpl.java:43)
org.junit.ComparisonFailure: expected:<...agereturn>Checksumis[X]> but was:<...agereturn>Checksumis[]>
    at org.junit.Assert.assertEquals(Assert.java:115)
    at org.junit.Assert.assertEquals(Assert.java:144)
    at introclassJava.checksum_36d8008b_003WhiteboxTest.test8(checksum_36d8008b_003WhiteboxTest.java:86)
    at sun.reflect.NativeMethodAccessorImpl.invoke0(Native Method)
    at sun.reflect.NativeMethodAccessorImpl.invoke(NativeMethodAccessorImpl.java:62)
    at sun.reflect.DelegatingMethodAccessorImpl.invoke(DelegatingMethodAccessorImpl.java:43)
org.junit.ComparisonFailure: expected:<...agereturn>Checksumis[]]> but was:<...agereturn>Checksumis[]>
    at org.junit.Assert.assertEquals(Assert.java:115)
    at org.junit.Assert.assertEquals(Assert.java:144)
    at introclassJava.checksum_36d8008b_003WhiteboxTest.test1(checksum_36d8008b_003WhiteboxTest.java:14)
    at sun.reflect.NativeMethodAccessorImpl.invoke0(Native Method)
    at sun.reflect.NativeMethodAccessorImpl.invoke(NativeMethodAccessorImpl.java:62)
    at sun.reflect.DelegatingMethodAccessorImpl.invoke(DelegatingMethodAccessorImpl.java:43)
org.junit.ComparisonFailure: expected:<...agereturn>Checksumis[V]> but was:<...agereturn>Checksumis[]>
    at org.junit.Assert.assertEquals(Assert.java:115)
    at org.junit.Assert.assertEquals(Assert.java:144)
    at introclassJava.checksum_36d8008b_003WhiteboxTest.test7(checksum_36d8008b_003WhiteboxTest.java:77)
    at sun.reflect.NativeMethodAccessorImpl.invoke0(Native Method)
    at sun.reflect.NativeMethodAccessorImpl.invoke(NativeMethodAccessorImpl.java:62)
    at sun.reflect.DelegatingMethodAccessorImpl.invoke(DelegatingMethodAccessorImpl.java:43)
org.junit.ComparisonFailure: expected:<...agereturn>Checksumis[X]> but was:<...agereturn>Checksumis[]>
    at org.junit.Assert.assertEquals(Assert.java:115)
    at org.junit.Assert.assertEquals(Assert.java:144)
    at introclassJava.checksum_36d8008b_003WhiteboxTest.test8(checksum_36d8008b_003WhiteboxTest.java:86)
    at sun.reflect.NativeMethodAccessorImpl.invoke0(Native Method)
    at sun.reflect.NativeMethodAccessorImpl.invoke(NativeMethodAccessorImpl.java:62)
    at sun.reflect.DelegatingMethodAccessorImpl.invoke(DelegatingMethodAccessorImpl.java:43)
org.junit.ComparisonFailure: expected:<...agereturn>Checksumis[]]> but was:<...agereturn>Checksumis[]>
    at org.junit.Assert.assertEquals(Assert.java:115)
    at org.junit.Assert.assertEquals(Assert.java:144)
    at introclassJava.checksum_36d8008b_003WhiteboxTest.test1(checksum_36d8008b_003WhiteboxTest.java:14)
    at sun.reflect.NativeMethodAccessorImpl.invoke0(Native Method)
    at sun.reflect.NativeMethodAccessorImpl.invoke(NativeMethodAccessorImpl.java:62)
    at sun.reflect.DelegatingMethodAccessorImpl.invoke(DelegatingMethodAccessorImpl.java:43)
org.junit.ComparisonFailure: expected:<...agereturn>Checksumis[V]> but was:<...agereturn>Checksumis[]>
    at org.junit.Assert.assertEquals(Assert.java:115)
    at org.junit.Assert.assertEquals(Assert.java:144)
    at introclassJava.checksum_36d8008b_003WhiteboxTest.test7(checksum_36d8008b_003WhiteboxTest.java:77)
    at sun.reflect.NativeMethodAccessorImpl.invoke0(Native Method)
    at sun.reflect.NativeMethodAccessorImpl.invoke(NativeMethodAccessorImpl.java:62)
    at sun.reflect.DelegatingMethodAccessorImpl.invoke(DelegatingMethodAccessorImpl.java:43)
org.junit.ComparisonFailure: expected:<...agereturn>Checksumis[X]> but was:<...agereturn>Checksumis[]>
    at org.junit.Assert.assertEquals(Assert.java:115)
    at org.junit.Assert.assertEquals(Assert.java:144)
    at introclassJava.checksum_36d8008b_003WhiteboxTest.test8(checksum_36d8008b_003WhiteboxTest.java:86)
    at sun.reflect.NativeMethodAccessorImpl.invoke0(Native Method)
    at sun.reflect.NativeMethodAccessorImpl.invoke(NativeMethodAccessorImpl.java:62)
    at sun.reflect.DelegatingMethodAccessorImpl.invoke(DelegatingMethodAccessorImpl.java:43)
15:55:13.597 [pool-4-thread-1] INFO  xxl.java.junit.TestCasesListener - Tests run finished (37 ms)
<> Total tests run: 30
<> Ignored tests: 0
<> Failed tests: 9
~ test1(introclassJava.checksum_36d8008b_003WhiteboxTest)
[expected:<...agereturn>Checksumis[]]> but was:<...agereturn>Checksumis[]>]
org.junit.ComparisonFailure: expected:<...agereturn>Checksumis[]]> but was:<...agereturn>Checksumis[]>    at org.junit.Assert.assertEquals(Assert.java:115)
    at org.junit.Assert.assertEquals(Assert.java:144)
    at introclassJava.checksum_36d8008b_003WhiteboxTest.test1(checksum_36d8008b_003WhiteboxTest.java:14)
    at sun.reflect.NativeMethodAccessorImpl.invoke0(Native Method)
    at sun.reflect.NativeMethodAccessorImpl.invoke(NativeMethodAccessorImpl.java:62)
    at sun.reflect.DelegatingMethodAccessorImpl.invoke(DelegatingMethodAccessorImpl.java:43)
~ test7(introclassJava.checksum_36d8008b_003WhiteboxTest)
[expected:<...agereturn>Checksumis[V]> but was:<...agereturn>Checksumis[]>]
org.junit.ComparisonFailure: expected:<...agereturn>Checksumis[V]> but was:<...agereturn>Checksumis[]>    at org.junit.Assert.assertEquals(Assert.java:115)
    at org.junit.Assert.assertEquals(Assert.java:144)
    at introclassJava.checksum_36d8008b_003WhiteboxTest.test7(checksum_36d8008b_003WhiteboxTest.java:77)
    at sun.reflect.NativeMethodAccessorImpl.invoke0(Native Method)
    at sun.reflect.NativeMethodAccessorImpl.invoke(NativeMethodAccessorImpl.java:62)
    at sun.reflect.DelegatingMethodAccessorImpl.invoke(DelegatingMethodAccessorImpl.java:43)
~ test8(introclassJava.checksum_36d8008b_003WhiteboxTest)
[expected:<...agereturn>Checksumis[X]> but was:<...agereturn>Checksumis[]>]
org.junit.ComparisonFailure: expected:<...agereturn>Checksumis[X]> but was:<...agereturn>Checksumis[]>    at org.junit.Assert.assertEquals(Assert.java:115)
    at org.junit.Assert.assertEquals(Assert.java:144)
    at introclassJava.checksum_36d8008b_003WhiteboxTest.test8(checksum_36d8008b_003WhiteboxTest.java:86)
    at sun.reflect.NativeMethodAccessorImpl.invoke0(Native Method)
    at sun.reflect.NativeMethodAccessorImpl.invoke(NativeMethodAccessorImpl.java:62)
    at sun.reflect.DelegatingMethodAccessorImpl.invoke(DelegatingMethodAccessorImpl.java:43)
~ test1(introclassJava.checksum_36d8008b_003WhiteboxTest)
[expected:<...agereturn>Checksumis[]]> but was:<...agereturn>Checksumis[]>]
org.junit.ComparisonFailure: expected:<...agereturn>Checksumis[]]> but was:<...agereturn>Checksumis[]>    at org.junit.Assert.assertEquals(Assert.java:115)
    at org.junit.Assert.assertEquals(Assert.java:144)
    at introclassJava.checksum_36d8008b_003WhiteboxTest.test1(checksum_36d8008b_003WhiteboxTest.java:14)
    at sun.reflect.NativeMethodAccessorImpl.invoke0(Native Method)
    at sun.reflect.NativeMethodAccessorImpl.invoke(NativeMethodAccessorImpl.java:62)
    at sun.reflect.DelegatingMethodAccessorImpl.invoke(DelegatingMethodAccessorImpl.java:43)
~ test7(introclassJava.checksum_36d8008b_003WhiteboxTest)
[expected:<...agereturn>Checksumis[V]> but was:<...agereturn>Checksumis[]>]
org.junit.ComparisonFailure: expected:<...agereturn>Checksumis[V]> but was:<...agereturn>Checksumis[]>    at org.junit.Assert.assertEquals(Assert.java:115)
    at org.junit.Assert.assertEquals(Assert.java:144)
    at introclassJava.checksum_36d8008b_003WhiteboxTest.test7(checksum_36d8008b_003WhiteboxTest.java:77)
    at sun.reflect.NativeMethodAccessorImpl.invoke0(Native Method)
    at sun.reflect.NativeMethodAccessorImpl.invoke(NativeMethodAccessorImpl.java:62)
    at sun.reflect.DelegatingMethodAccessorImpl.invoke(DelegatingMethodAccessorImpl.java:43)
~ test8(introclassJava.checksum_36d8008b_003WhiteboxTest)
[expected:<...agereturn>Checksumis[X]> but was:<...agereturn>Checksumis[]>]
org.junit.ComparisonFailure: expected:<...agereturn>Checksumis[X]> but was:<...agereturn>Checksumis[]>    at org.junit.Assert.assertEquals(Assert.java:115)
    at org.junit.Assert.assertEquals(Assert.java:144)
    at introclassJava.checksum_36d8008b_003WhiteboxTest.test8(checksum_36d8008b_003WhiteboxTest.java:86)
    at sun.reflect.NativeMethodAccessorImpl.invoke0(Native Method)
    at sun.reflect.NativeMethodAccessorImpl.invoke(NativeMethodAccessorImpl.java:62)
    at sun.reflect.DelegatingMethodAccessorImpl.invoke(DelegatingMethodAccessorImpl.java:43)
~ test1(introclassJava.checksum_36d8008b_003WhiteboxTest)
[expected:<...agereturn>Checksumis[]]> but was:<...agereturn>Checksumis[]>]
org.junit.ComparisonFailure: expected:<...agereturn>Checksumis[]]> but was:<...agereturn>Checksumis[]>    at org.junit.Assert.assertEquals(Assert.java:115)
    at org.junit.Assert.assertEquals(Assert.java:144)
    at introclassJava.checksum_36d8008b_003WhiteboxTest.test1(checksum_36d8008b_003WhiteboxTest.java:14)
    at sun.reflect.NativeMethodAccessorImpl.invoke0(Native Method)
    at sun.reflect.NativeMethodAccessorImpl.invoke(NativeMethodAccessorImpl.java:62)
    at sun.reflect.DelegatingMethodAccessorImpl.invoke(DelegatingMethodAccessorImpl.java:43)
~ test7(introclassJava.checksum_36d8008b_003WhiteboxTest)
[expected:<...agereturn>Checksumis[V]> but was:<...agereturn>Checksumis[]>]
org.junit.ComparisonFailure: expected:<...agereturn>Checksumis[V]> but was:<...agereturn>Checksumis[]>    at org.junit.Assert.assertEquals(Assert.java:115)
    at org.junit.Assert.assertEquals(Assert.java:144)
    at introclassJava.checksum_36d8008b_003WhiteboxTest.test7(checksum_36d8008b_003WhiteboxTest.java:77)
    at sun.reflect.NativeMethodAccessorImpl.invoke0(Native Method)
    at sun.reflect.NativeMethodAccessorImpl.invoke(NativeMethodAccessorImpl.java:62)
    at sun.reflect.DelegatingMethodAccessorImpl.invoke(DelegatingMethodAccessorImpl.java:43)
~ test8(introclassJava.checksum_36d8008b_003WhiteboxTest)
[expected:<...agereturn>Checksumis[X]> but was:<...agereturn>Checksumis[]>]
org.junit.ComparisonFailure: expected:<...agereturn>Checksumis[X]> but was:<...agereturn>Checksumis[]>    at org.junit.Assert.assertEquals(Assert.java:115)
    at org.junit.Assert.assertEquals(Assert.java:144)
    at introclassJava.checksum_36d8008b_003WhiteboxTest.test8(checksum_36d8008b_003WhiteboxTest.java:86)
    at sun.reflect.NativeMethodAccessorImpl.invoke0(Native Method)
    at sun.reflect.NativeMethodAccessorImpl.invoke(NativeMethodAccessorImpl.java:62)
    at sun.reflect.DelegatingMethodAccessorImpl.invoke(DelegatingMethodAccessorImpl.java:43)

org.junit.ComparisonFailure: expected:<...agereturn>Checksumis[]]> but was:<...agereturn>Checksumis[]>
    at org.junit.Assert.assertEquals(Assert.java:115)
    at org.junit.Assert.assertEquals(Assert.java:144)
    at introclassJava.checksum_36d8008b_003WhiteboxTest.test1(checksum_36d8008b_003WhiteboxTest.java:14)
    at sun.reflect.NativeMethodAccessorImpl.invoke0(Native Method)
    at sun.reflect.NativeMethodAccessorImpl.invoke(NativeMethodAccessorImpl.java:62)
    at sun.reflect.DelegatingMethodAccessorImpl.invoke(DelegatingMethodAccessorImpl.java:43)
15:55:14.097 [pool-5-thread-1] INFO  f.i.l.c.t.SpecificationTestCasesListener - Tests run finished (6 ms)
<> Total tests run: 1
<> Ignored tests: 0
<> Failed tests: 1
~ test1(introclassJava.checksum_36d8008b_003WhiteboxTest)
[expected:<...agereturn>Checksumis[]]> but was:<...agereturn>Checksumis[]>]
org.junit.ComparisonFailure: expected:<...agereturn>Checksumis[]]> but was:<...agereturn>Checksumis[]>    at org.junit.Assert.assertEquals(Assert.java:115)
    at org.junit.Assert.assertEquals(Assert.java:144)
    at introclassJava.checksum_36d8008b_003WhiteboxTest.test1(checksum_36d8008b_003WhiteboxTest.java:14)
    at sun.reflect.NativeMethodAccessorImpl.invoke0(Native Method)
    at sun.reflect.NativeMethodAccessorImpl.invoke(NativeMethodAccessorImpl.java:62)
    at sun.reflect.DelegatingMethodAccessorImpl.invoke(DelegatingMethodAccessorImpl.java:43)

org.junit.ComparisonFailure: expected:<...agereturn>Checksumis[X]> but was:<...agereturn>Checksumis[]>
    at org.junit.Assert.assertEquals(Assert.java:115)
    at org.junit.Assert.assertEquals(Assert.java:144)
    at introclassJava.checksum_36d8008b_003WhiteboxTest.test8(checksum_36d8008b_003WhiteboxTest.java:86)
    at sun.reflect.NativeMethodAccessorImpl.invoke0(Native Method)
    at sun.reflect.NativeMethodAccessorImpl.invoke(NativeMethodAccessorImpl.java:62)
    at sun.reflect.DelegatingMethodAccessorImpl.invoke(DelegatingMethodAccessorImpl.java:43)
15:55:14.100 [pool-6-thread-1] INFO  f.i.l.c.t.SpecificationTestCasesListener - Tests run finished (1 ms)
<> Total tests run: 1
<> Ignored tests: 0
<> Failed tests: 1
~ test8(introclassJava.checksum_36d8008b_003WhiteboxTest)
[expected:<...agereturn>Checksumis[X]> but was:<...agereturn>Checksumis[]>]
org.junit.ComparisonFailure: expected:<...agereturn>Checksumis[X]> but was:<...agereturn>Checksumis[]>    at org.junit.Assert.assertEquals(Assert.java:115)
    at org.junit.Assert.assertEquals(Assert.java:144)
    at introclassJava.checksum_36d8008b_003WhiteboxTest.test8(checksum_36d8008b_003WhiteboxTest.java:86)
    at sun.reflect.NativeMethodAccessorImpl.invoke0(Native Method)
    at sun.reflect.NativeMethodAccessorImpl.invoke(NativeMethodAccessorImpl.java:62)
    at sun.reflect.DelegatingMethodAccessorImpl.invoke(DelegatingMethodAccessorImpl.java:43)

org.junit.ComparisonFailure: expected:<...agereturn>Checksumis[V]> but was:<...agereturn>Checksumis[]>
    at org.junit.Assert.assertEquals(Assert.java:115)
    at org.junit.Assert.assertEquals(Assert.java:144)
    at introclassJava.checksum_36d8008b_003WhiteboxTest.test7(checksum_36d8008b_003WhiteboxTest.java:77)
    at sun.reflect.NativeMethodAccessorImpl.invoke0(Native Method)
    at sun.reflect.NativeMethodAccessorImpl.invoke(NativeMethodAccessorImpl.java:62)
    at sun.reflect.DelegatingMethodAccessorImpl.invoke(DelegatingMethodAccessorImpl.java:43)
15:55:14.102 [pool-7-thread-1] INFO  f.i.l.c.t.SpecificationTestCasesListener - Tests run finished (1 ms)
<> Total tests run: 1
<> Ignored tests: 0
<> Failed tests: 1
~ test7(introclassJava.checksum_36d8008b_003WhiteboxTest)
[expected:<...agereturn>Checksumis[V]> but was:<...agereturn>Checksumis[]>]
org.junit.ComparisonFailure: expected:<...agereturn>Checksumis[V]> but was:<...agereturn>Checksumis[]>    at org.junit.Assert.assertEquals(Assert.java:115)
    at org.junit.Assert.assertEquals(Assert.java:144)
    at introclassJava.checksum_36d8008b_003WhiteboxTest.test7(checksum_36d8008b_003WhiteboxTest.java:77)
    at sun.reflect.NativeMethodAccessorImpl.invoke0(Native Method)
    at sun.reflect.NativeMethodAccessorImpl.invoke(NativeMethodAccessorImpl.java:62)
    at sun.reflect.DelegatingMethodAccessorImpl.invoke(DelegatingMethodAccessorImpl.java:43)

org.junit.ComparisonFailure: expected:<...agereturn>Checksumis[]]> but was:<...agereturn>Checksumis[]>
    at org.junit.Assert.assertEquals(Assert.java:115)
    at org.junit.Assert.assertEquals(Assert.java:144)
    at introclassJava.checksum_36d8008b_003WhiteboxTest.test1(checksum_36d8008b_003WhiteboxTest.java:14)
    at sun.reflect.NativeMethodAccessorImpl.invoke0(Native Method)
    at sun.reflect.NativeMethodAccessorImpl.invoke(NativeMethodAccessorImpl.java:62)
    at sun.reflect.DelegatingMethodAccessorImpl.invoke(DelegatingMethodAccessorImpl.java:43)
15:55:14.104 [pool-8-thread-1] INFO  f.i.l.c.t.SpecificationTestCasesListener - Tests run finished (1 ms)
<> Total tests run: 1
<> Ignored tests: 0
<> Failed tests: 1
~ test1(introclassJava.checksum_36d8008b_003WhiteboxTest)
[expected:<...agereturn>Checksumis[]]> but was:<...agereturn>Checksumis[]>]
org.junit.ComparisonFailure: expected:<...agereturn>Checksumis[]]> but was:<...agereturn>Checksumis[]>    at org.junit.Assert.assertEquals(Assert.java:115)
    at org.junit.Assert.assertEquals(Assert.java:144)
    at introclassJava.checksum_36d8008b_003WhiteboxTest.test1(checksum_36d8008b_003WhiteboxTest.java:14)
    at sun.reflect.NativeMethodAccessorImpl.invoke0(Native Method)
    at sun.reflect.NativeMethodAccessorImpl.invoke(NativeMethodAccessorImpl.java:62)
    at sun.reflect.DelegatingMethodAccessorImpl.invoke(DelegatingMethodAccessorImpl.java:43)

org.junit.ComparisonFailure: expected:<...agereturn>Checksumis[X]> but was:<...agereturn>Checksumis[]>
    at org.junit.Assert.assertEquals(Assert.java:115)
    at org.junit.Assert.assertEquals(Assert.java:144)
    at introclassJava.checksum_36d8008b_003WhiteboxTest.test8(checksum_36d8008b_003WhiteboxTest.java:86)
    at sun.reflect.NativeMethodAccessorImpl.invoke0(Native Method)
    at sun.reflect.NativeMethodAccessorImpl.invoke(NativeMethodAccessorImpl.java:62)
    at sun.reflect.DelegatingMethodAccessorImpl.invoke(DelegatingMethodAccessorImpl.java:43)
15:55:14.106 [pool-9-thread-1] INFO  f.i.l.c.t.SpecificationTestCasesListener - Tests run finished (1 ms)
<> Total tests run: 1
<> Ignored tests: 0
<> Failed tests: 1
~ test8(introclassJava.checksum_36d8008b_003WhiteboxTest)
[expected:<...agereturn>Checksumis[X]> but was:<...agereturn>Checksumis[]>]
org.junit.ComparisonFailure: expected:<...agereturn>Checksumis[X]> but was:<...agereturn>Checksumis[]>    at org.junit.Assert.assertEquals(Assert.java:115)
    at org.junit.Assert.assertEquals(Assert.java:144)
    at introclassJava.checksum_36d8008b_003WhiteboxTest.test8(checksum_36d8008b_003WhiteboxTest.java:86)
    at sun.reflect.NativeMethodAccessorImpl.invoke0(Native Method)
    at sun.reflect.NativeMethodAccessorImpl.invoke(NativeMethodAccessorImpl.java:62)
    at sun.reflect.DelegatingMethodAccessorImpl.invoke(DelegatingMethodAccessorImpl.java:43)

org.junit.ComparisonFailure: expected:<...agereturn>Checksumis[V]> but was:<...agereturn>Checksumis[]>
    at org.junit.Assert.assertEquals(Assert.java:115)
    at org.junit.Assert.assertEquals(Assert.java:144)
    at introclassJava.checksum_36d8008b_003WhiteboxTest.test7(checksum_36d8008b_003WhiteboxTest.java:77)
    at sun.reflect.NativeMethodAccessorImpl.invoke0(Native Method)
    at sun.reflect.NativeMethodAccessorImpl.invoke(NativeMethodAccessorImpl.java:62)
    at sun.reflect.DelegatingMethodAccessorImpl.invoke(DelegatingMethodAccessorImpl.java:43)
15:55:14.108 [pool-10-thread-1] INFO  f.i.l.c.t.SpecificationTestCasesListener - Tests run finished (1 ms)
<> Total tests run: 1
<> Ignored tests: 0
<> Failed tests: 1
~ test7(introclassJava.checksum_36d8008b_003WhiteboxTest)
[expected:<...agereturn>Checksumis[V]> but was:<...agereturn>Checksumis[]>]
org.junit.ComparisonFailure: expected:<...agereturn>Checksumis[V]> but was:<...agereturn>Checksumis[]>    at org.junit.Assert.assertEquals(Assert.java:115)
    at org.junit.Assert.assertEquals(Assert.java:144)
    at introclassJava.checksum_36d8008b_003WhiteboxTest.test7(checksum_36d8008b_003WhiteboxTest.java:77)
    at sun.reflect.NativeMethodAccessorImpl.invoke0(Native Method)
    at sun.reflect.NativeMethodAccessorImpl.invoke(NativeMethodAccessorImpl.java:62)
    at sun.reflect.DelegatingMethodAccessorImpl.invoke(DelegatingMethodAccessorImpl.java:43)

15:55:14.109 [pool-3-thread-1] DEBUG tests.output - Failing tests with false: 
[test1(introclassJava.checksum_36d8008b_003WhiteboxTest): expected:<...agereturn>Checksumis[]]> but was:<...agereturn>Checksumis[]>, test8(introclassJava.checksum_36d8008b_003WhiteboxTest): expected:<...agereturn>Checksumis[X]> but was:<...agereturn>Checksumis[]>, test7(introclassJava.checksum_36d8008b_003WhiteboxTest): expected:<...agereturn>Checksumis[V]> but was:<...agereturn>Checksumis[]>]
15:55:14.109 [pool-3-thread-1] DEBUG tests.output - Failing tests with true: 
[test1(introclassJava.checksum_36d8008b_003WhiteboxTest): expected:<...agereturn>Checksumis[]]> but was:<...agereturn>Checksumis[]>, test8(introclassJava.checksum_36d8008b_003WhiteboxTest): expected:<...agereturn>Checksumis[X]> but was:<...agereturn>Checksumis[]>, test7(introclassJava.checksum_36d8008b_003WhiteboxTest): expected:<...agereturn>Checksumis[V]> but was:<...agereturn>Checksumis[]>]
15:55:14.110 [pool-3-thread-1] INFO  f.i.l.r.n.synth.SMTNopolSynthesizer - Not enough specifications: 0. A trivial patch is "true" or "false", please write new tests specifying SourceLocation introclassJava.checksum_36d8008b_003:77.
15:55:14.110 [pool-2-thread-1] DEBUG fr.inria.lille.repair.nopol.NoPol - statement #2
15:55:14.110 [pool-2-thread-1] DEBUG fr.inria.lille.repair.nopol.NoPol - Analysing SourceLocation introclassJava.checksum_36d8008b_003:75 which is executed by 16 tests
-2093792494
15:55:14.158 [pool-2-thread-1] DEBUG fr.inria.lille.repair.nopol.NoPol - looking with class fr.inria.lille.repair.nopol.spoon.smt.ConditionalAdder
org.junit.ComparisonFailure: expected:<...agereturn>Checksumis[]]> but was:<...agereturn>Checksumis[]>
    at org.junit.Assert.assertEquals(Assert.java:115)
    at org.junit.Assert.assertEquals(Assert.java:144)
    at introclassJava.checksum_36d8008b_003WhiteboxTest.test1(checksum_36d8008b_003WhiteboxTest.java:14)
    at sun.reflect.NativeMethodAccessorImpl.invoke0(Native Method)
    at sun.reflect.NativeMethodAccessorImpl.invoke(NativeMethodAccessorImpl.java:62)
    at sun.reflect.DelegatingMethodAccessorImpl.invoke(DelegatingMethodAccessorImpl.java:43)
org.junit.ComparisonFailure: expected:<...agereturn>Checksumis[V]> but was:<...agereturn>Checksumis[]>
    at org.junit.Assert.assertEquals(Assert.java:115)
    at org.junit.Assert.assertEquals(Assert.java:144)
    at introclassJava.checksum_36d8008b_003WhiteboxTest.test7(checksum_36d8008b_003WhiteboxTest.java:77)
    at sun.reflect.NativeMethodAccessorImpl.invoke0(Native Method)
    at sun.reflect.NativeMethodAccessorImpl.invoke(NativeMethodAccessorImpl.java:62)
    at sun.reflect.DelegatingMethodAccessorImpl.invoke(DelegatingMethodAccessorImpl.java:43)
org.junit.ComparisonFailure: expected:<...agereturn>Checksumis[X]> but was:<...agereturn>Checksumis[]>
    at org.junit.Assert.assertEquals(Assert.java:115)
    at org.junit.Assert.assertEquals(Assert.java:144)
    at introclassJava.checksum_36d8008b_003WhiteboxTest.test8(checksum_36d8008b_003WhiteboxTest.java:86)
    at sun.reflect.NativeMethodAccessorImpl.invoke0(Native Method)
    at sun.reflect.NativeMethodAccessorImpl.invoke(NativeMethodAccessorImpl.java:62)
    at sun.reflect.DelegatingMethodAccessorImpl.invoke(DelegatingMethodAccessorImpl.java:43)
org.junit.ComparisonFailure: expected:<...agereturn>Checksumis[]]> but was:<...agereturn>Checksumis[]>
    at org.junit.Assert.assertEquals(Assert.java:115)
    at org.junit.Assert.assertEquals(Assert.java:144)
    at introclassJava.checksum_36d8008b_003WhiteboxTest.test1(checksum_36d8008b_003WhiteboxTest.java:14)
    at sun.reflect.NativeMethodAccessorImpl.invoke0(Native Method)
    at sun.reflect.NativeMethodAccessorImpl.invoke(NativeMethodAccessorImpl.java:62)
    at sun.reflect.DelegatingMethodAccessorImpl.invoke(DelegatingMethodAccessorImpl.java:43)
org.junit.ComparisonFailure: expected:<...agereturn>Checksumis[V]> but was:<...agereturn>Checksumis[]>
    at org.junit.Assert.assertEquals(Assert.java:115)
    at org.junit.Assert.assertEquals(Assert.java:144)
    at introclassJava.checksum_36d8008b_003WhiteboxTest.test7(checksum_36d8008b_003WhiteboxTest.java:77)
    at sun.reflect.NativeMethodAccessorImpl.invoke0(Native Method)
    at sun.reflect.NativeMethodAccessorImpl.invoke(NativeMethodAccessorImpl.java:62)
    at sun.reflect.DelegatingMethodAccessorImpl.invoke(DelegatingMethodAccessorImpl.java:43)
org.junit.ComparisonFailure: expected:<...agereturn>Checksumis[X]> but was:<...agereturn>Checksumis[]>
    at org.junit.Assert.assertEquals(Assert.java:115)
    at org.junit.Assert.assertEquals(Assert.java:144)
    at introclassJava.checksum_36d8008b_003WhiteboxTest.test8(checksum_36d8008b_003WhiteboxTest.java:86)
    at sun.reflect.NativeMethodAccessorImpl.invoke0(Native Method)
    at sun.reflect.NativeMethodAccessorImpl.invoke(NativeMethodAccessorImpl.java:62)
    at sun.reflect.DelegatingMethodAccessorImpl.invoke(DelegatingMethodAccessorImpl.java:43)
org.junit.ComparisonFailure: expected:<...agereturn>Checksumis[]]> but was:<...agereturn>Checksumis[]>
    at org.junit.Assert.assertEquals(Assert.java:115)
    at org.junit.Assert.assertEquals(Assert.java:144)
    at introclassJava.checksum_36d8008b_003WhiteboxTest.test1(checksum_36d8008b_003WhiteboxTest.java:14)
    at sun.reflect.NativeMethodAccessorImpl.invoke0(Native Method)
    at sun.reflect.NativeMethodAccessorImpl.invoke(NativeMethodAccessorImpl.java:62)
    at sun.reflect.DelegatingMethodAccessorImpl.invoke(DelegatingMethodAccessorImpl.java:43)
org.junit.ComparisonFailure: expected:<...agereturn>Checksumis[V]> but was:<...agereturn>Checksumis[]>
    at org.junit.Assert.assertEquals(Assert.java:115)
    at org.junit.Assert.assertEquals(Assert.java:144)
    at introclassJava.checksum_36d8008b_003WhiteboxTest.test7(checksum_36d8008b_003WhiteboxTest.java:77)
    at sun.reflect.NativeMethodAccessorImpl.invoke0(Native Method)
    at sun.reflect.NativeMethodAccessorImpl.invoke(NativeMethodAccessorImpl.java:62)
    at sun.reflect.DelegatingMethodAccessorImpl.invoke(DelegatingMethodAccessorImpl.java:43)
org.junit.ComparisonFailure: expected:<...agereturn>Checksumis[X]> but was:<...agereturn>Checksumis[]>
    at org.junit.Assert.assertEquals(Assert.java:115)
    at org.junit.Assert.assertEquals(Assert.java:144)
    at introclassJava.checksum_36d8008b_003WhiteboxTest.test8(checksum_36d8008b_003WhiteboxTest.java:86)
    at sun.reflect.NativeMethodAccessorImpl.invoke0(Native Method)
    at sun.reflect.NativeMethodAccessorImpl.invoke(NativeMethodAccessorImpl.java:62)
    at sun.reflect.DelegatingMethodAccessorImpl.invoke(DelegatingMethodAccessorImpl.java:43)
15:55:14.184 [pool-12-thread-1] INFO  xxl.java.junit.TestCasesListener - Tests run finished (22 ms)
<> Total tests run: 30
<> Ignored tests: 0
<> Failed tests: 9
~ test1(introclassJava.checksum_36d8008b_003WhiteboxTest)
[expected:<...agereturn>Checksumis[]]> but was:<...agereturn>Checksumis[]>]
org.junit.ComparisonFailure: expected:<...agereturn>Checksumis[]]> but was:<...agereturn>Checksumis[]>    at org.junit.Assert.assertEquals(Assert.java:115)
    at org.junit.Assert.assertEquals(Assert.java:144)
    at introclassJava.checksum_36d8008b_003WhiteboxTest.test1(checksum_36d8008b_003WhiteboxTest.java:14)
    at sun.reflect.NativeMethodAccessorImpl.invoke0(Native Method)
    at sun.reflect.NativeMethodAccessorImpl.invoke(NativeMethodAccessorImpl.java:62)
    at sun.reflect.DelegatingMethodAccessorImpl.invoke(DelegatingMethodAccessorImpl.java:43)
~ test7(introclassJava.checksum_36d8008b_003WhiteboxTest)
[expected:<...agereturn>Checksumis[V]> but was:<...agereturn>Checksumis[]>]
org.junit.ComparisonFailure: expected:<...agereturn>Checksumis[V]> but was:<...agereturn>Checksumis[]>    at org.junit.Assert.assertEquals(Assert.java:115)
    at org.junit.Assert.assertEquals(Assert.java:144)
    at introclassJava.checksum_36d8008b_003WhiteboxTest.test7(checksum_36d8008b_003WhiteboxTest.java:77)
    at sun.reflect.NativeMethodAccessorImpl.invoke0(Native Method)
    at sun.reflect.NativeMethodAccessorImpl.invoke(NativeMethodAccessorImpl.java:62)
    at sun.reflect.DelegatingMethodAccessorImpl.invoke(DelegatingMethodAccessorImpl.java:43)
~ test8(introclassJava.checksum_36d8008b_003WhiteboxTest)
[expected:<...agereturn>Checksumis[X]> but was:<...agereturn>Checksumis[]>]
org.junit.ComparisonFailure: expected:<...agereturn>Checksumis[X]> but was:<...agereturn>Checksumis[]>    at org.junit.Assert.assertEquals(Assert.java:115)
    at org.junit.Assert.assertEquals(Assert.java:144)
    at introclassJava.checksum_36d8008b_003WhiteboxTest.test8(checksum_36d8008b_003WhiteboxTest.java:86)
    at sun.reflect.NativeMethodAccessorImpl.invoke0(Native Method)
    at sun.reflect.NativeMethodAccessorImpl.invoke(NativeMethodAccessorImpl.java:62)
    at sun.reflect.DelegatingMethodAccessorImpl.invoke(DelegatingMethodAccessorImpl.java:43)
~ test1(introclassJava.checksum_36d8008b_003WhiteboxTest)
[expected:<...agereturn>Checksumis[]]> but was:<...agereturn>Checksumis[]>]
org.junit.ComparisonFailure: expected:<...agereturn>Checksumis[]]> but was:<...agereturn>Checksumis[]>    at org.junit.Assert.assertEquals(Assert.java:115)
    at org.junit.Assert.assertEquals(Assert.java:144)
    at introclassJava.checksum_36d8008b_003WhiteboxTest.test1(checksum_36d8008b_003WhiteboxTest.java:14)
    at sun.reflect.NativeMethodAccessorImpl.invoke0(Native Method)
    at sun.reflect.NativeMethodAccessorImpl.invoke(NativeMethodAccessorImpl.java:62)
    at sun.reflect.DelegatingMethodAccessorImpl.invoke(DelegatingMethodAccessorImpl.java:43)
~ test7(introclassJava.checksum_36d8008b_003WhiteboxTest)
[expected:<...agereturn>Checksumis[V]> but was:<...agereturn>Checksumis[]>]
org.junit.ComparisonFailure: expected:<...agereturn>Checksumis[V]> but was:<...agereturn>Checksumis[]>    at org.junit.Assert.assertEquals(Assert.java:115)
    at org.junit.Assert.assertEquals(Assert.java:144)
    at introclassJava.checksum_36d8008b_003WhiteboxTest.test7(checksum_36d8008b_003WhiteboxTest.java:77)
    at sun.reflect.NativeMethodAccessorImpl.invoke0(Native Method)
    at sun.reflect.NativeMethodAccessorImpl.invoke(NativeMethodAccessorImpl.java:62)
    at sun.reflect.DelegatingMethodAccessorImpl.invoke(DelegatingMethodAccessorImpl.java:43)
~ test8(introclassJava.checksum_36d8008b_003WhiteboxTest)
[expected:<...agereturn>Checksumis[X]> but was:<...agereturn>Checksumis[]>]
org.junit.ComparisonFailure: expected:<...agereturn>Checksumis[X]> but was:<...agereturn>Checksumis[]>    at org.junit.Assert.assertEquals(Assert.java:115)
    at org.junit.Assert.assertEquals(Assert.java:144)
    at introclassJava.checksum_36d8008b_003WhiteboxTest.test8(checksum_36d8008b_003WhiteboxTest.java:86)
    at sun.reflect.NativeMethodAccessorImpl.invoke0(Native Method)
    at sun.reflect.NativeMethodAccessorImpl.invoke(NativeMethodAccessorImpl.java:62)
    at sun.reflect.DelegatingMethodAccessorImpl.invoke(DelegatingMethodAccessorImpl.java:43)
~ test1(introclassJava.checksum_36d8008b_003WhiteboxTest)
[expected:<...agereturn>Checksumis[]]> but was:<...agereturn>Checksumis[]>]
org.junit.ComparisonFailure: expected:<...agereturn>Checksumis[]]> but was:<...agereturn>Checksumis[]>    at org.junit.Assert.assertEquals(Assert.java:115)
    at org.junit.Assert.assertEquals(Assert.java:144)
    at introclassJava.checksum_36d8008b_003WhiteboxTest.test1(checksum_36d8008b_003WhiteboxTest.java:14)
    at sun.reflect.NativeMethodAccessorImpl.invoke0(Native Method)
    at sun.reflect.NativeMethodAccessorImpl.invoke(NativeMethodAccessorImpl.java:62)
    at sun.reflect.DelegatingMethodAccessorImpl.invoke(DelegatingMethodAccessorImpl.java:43)
~ test7(introclassJava.checksum_36d8008b_003WhiteboxTest)
[expected:<...agereturn>Checksumis[V]> but was:<...agereturn>Checksumis[]>]
org.junit.ComparisonFailure: expected:<...agereturn>Checksumis[V]> but was:<...agereturn>Checksumis[]>    at org.junit.Assert.assertEquals(Assert.java:115)
    at org.junit.Assert.assertEquals(Assert.java:144)
    at introclassJava.checksum_36d8008b_003WhiteboxTest.test7(checksum_36d8008b_003WhiteboxTest.java:77)
    at sun.reflect.NativeMethodAccessorImpl.invoke0(Native Method)
    at sun.reflect.NativeMethodAccessorImpl.invoke(NativeMethodAccessorImpl.java:62)
    at sun.reflect.DelegatingMethodAccessorImpl.invoke(DelegatingMethodAccessorImpl.java:43)
~ test8(introclassJava.checksum_36d8008b_003WhiteboxTest)
[expected:<...agereturn>Checksumis[X]> but was:<...agereturn>Checksumis[]>]
org.junit.ComparisonFailure: expected:<...agereturn>Checksumis[X]> but was:<...agereturn>Checksumis[]>    at org.junit.Assert.assertEquals(Assert.java:115)
    at org.junit.Assert.assertEquals(Assert.java:144)
    at introclassJava.checksum_36d8008b_003WhiteboxTest.test8(checksum_36d8008b_003WhiteboxTest.java:86)
    at sun.reflect.NativeMethodAccessorImpl.invoke0(Native Method)
    at sun.reflect.NativeMethodAccessorImpl.invoke(NativeMethodAccessorImpl.java:62)
    at sun.reflect.DelegatingMethodAccessorImpl.invoke(DelegatingMethodAccessorImpl.java:43)

org.junit.ComparisonFailure: expected:<...gwithcarriagereturn>[Checksumis]]> but was:<...gwithcarriagereturn>[]>
    at org.junit.Assert.assertEquals(Assert.java:115)
    at org.junit.Assert.assertEquals(Assert.java:144)
    at introclassJava.checksum_36d8008b_003WhiteboxTest.test1(checksum_36d8008b_003WhiteboxTest.java:14)
    at sun.reflect.NativeMethodAccessorImpl.invoke0(Native Method)
    at sun.reflect.NativeMethodAccessorImpl.invoke(NativeMethodAccessorImpl.java:62)
    at sun.reflect.DelegatingMethodAccessorImpl.invoke(DelegatingMethodAccessorImpl.java:43)
15:55:14.311 [pool-13-thread-1] INFO  f.i.l.c.t.SpecificationTestCasesListener - Tests run finished (2 ms)
<> Total tests run: 1
<> Ignored tests: 0
<> Failed tests: 1
~ test1(introclassJava.checksum_36d8008b_003WhiteboxTest)
[expected:<...gwithcarriagereturn>[Checksumis]]> but was:<...gwithcarriagereturn>[]>]
org.junit.ComparisonFailure: expected:<...gwithcarriagereturn>[Checksumis]]> but was:<...gwithcarriagereturn>[]>    at org.junit.Assert.assertEquals(Assert.java:115)
    at org.junit.Assert.assertEquals(Assert.java:144)
    at introclassJava.checksum_36d8008b_003WhiteboxTest.test1(checksum_36d8008b_003WhiteboxTest.java:14)
    at sun.reflect.NativeMethodAccessorImpl.invoke0(Native Method)
    at sun.reflect.NativeMethodAccessorImpl.invoke(NativeMethodAccessorImpl.java:62)
    at sun.reflect.DelegatingMethodAccessorImpl.invoke(DelegatingMethodAccessorImpl.java:43)

org.junit.ComparisonFailure: expected:<...gwithcarriagereturn>[ChecksumisX]> but was:<...gwithcarriagereturn>[]>
    at org.junit.Assert.assertEquals(Assert.java:115)
    at org.junit.Assert.assertEquals(Assert.java:144)
    at introclassJava.checksum_36d8008b_003WhiteboxTest.test8(checksum_36d8008b_003WhiteboxTest.java:86)
    at sun.reflect.NativeMethodAccessorImpl.invoke0(Native Method)
    at sun.reflect.NativeMethodAccessorImpl.invoke(NativeMethodAccessorImpl.java:62)
    at sun.reflect.DelegatingMethodAccessorImpl.invoke(DelegatingMethodAccessorImpl.java:43)
15:55:14.313 [pool-14-thread-1] INFO  f.i.l.c.t.SpecificationTestCasesListener - Tests run finished (1 ms)
<> Total tests run: 1
<> Ignored tests: 0
<> Failed tests: 1
~ test8(introclassJava.checksum_36d8008b_003WhiteboxTest)
[expected:<...gwithcarriagereturn>[ChecksumisX]> but was:<...gwithcarriagereturn>[]>]
org.junit.ComparisonFailure: expected:<...gwithcarriagereturn>[ChecksumisX]> but was:<...gwithcarriagereturn>[]>    at org.junit.Assert.assertEquals(Assert.java:115)
    at org.junit.Assert.assertEquals(Assert.java:144)
    at introclassJava.checksum_36d8008b_003WhiteboxTest.test8(checksum_36d8008b_003WhiteboxTest.java:86)
    at sun.reflect.NativeMethodAccessorImpl.invoke0(Native Method)
    at sun.reflect.NativeMethodAccessorImpl.invoke(NativeMethodAccessorImpl.java:62)
    at sun.reflect.DelegatingMethodAccessorImpl.invoke(DelegatingMethodAccessorImpl.java:43)

org.junit.ComparisonFailure: expected:<...gwithcarriagereturn>[ChecksumisV]> but was:<...gwithcarriagereturn>[]>
    at org.junit.Assert.assertEquals(Assert.java:115)
    at org.junit.Assert.assertEquals(Assert.java:144)
    at introclassJava.checksum_36d8008b_003WhiteboxTest.test7(checksum_36d8008b_003WhiteboxTest.java:77)
    at sun.reflect.NativeMethodAccessorImpl.invoke0(Native Method)
    at sun.reflect.NativeMethodAccessorImpl.invoke(NativeMethodAccessorImpl.java:62)
    at sun.reflect.DelegatingMethodAccessorImpl.invoke(DelegatingMethodAccessorImpl.java:43)
15:55:14.315 [pool-15-thread-1] INFO  f.i.l.c.t.SpecificationTestCasesListener - Tests run finished (1 ms)
<> Total tests run: 1
<> Ignored tests: 0
<> Failed tests: 1
~ test7(introclassJava.checksum_36d8008b_003WhiteboxTest)
[expected:<...gwithcarriagereturn>[ChecksumisV]> but was:<...gwithcarriagereturn>[]>]
org.junit.ComparisonFailure: expected:<...gwithcarriagereturn>[ChecksumisV]> but was:<...gwithcarriagereturn>[]>    at org.junit.Assert.assertEquals(Assert.java:115)
    at org.junit.Assert.assertEquals(Assert.java:144)
    at introclassJava.checksum_36d8008b_003WhiteboxTest.test7(checksum_36d8008b_003WhiteboxTest.java:77)
    at sun.reflect.NativeMethodAccessorImpl.invoke0(Native Method)
    at sun.reflect.NativeMethodAccessorImpl.invoke(NativeMethodAccessorImpl.java:62)
    at sun.reflect.DelegatingMethodAccessorImpl.invoke(DelegatingMethodAccessorImpl.java:43)

org.junit.ComparisonFailure: expected:<...agereturn>Checksumis[]]> but was:<...agereturn>Checksumis[]>
    at org.junit.Assert.assertEquals(Assert.java:115)
    at org.junit.Assert.assertEquals(Assert.java:144)
    at introclassJava.checksum_36d8008b_003WhiteboxTest.test1(checksum_36d8008b_003WhiteboxTest.java:14)
    at sun.reflect.NativeMethodAccessorImpl.invoke0(Native Method)
    at sun.reflect.NativeMethodAccessorImpl.invoke(NativeMethodAccessorImpl.java:62)
    at sun.reflect.DelegatingMethodAccessorImpl.invoke(DelegatingMethodAccessorImpl.java:43)
15:55:14.319 [pool-16-thread-1] INFO  f.i.l.c.t.SpecificationTestCasesListener - Tests run finished (1 ms)
<> Total tests run: 1
<> Ignored tests: 0
<> Failed tests: 1
~ test1(introclassJava.checksum_36d8008b_003WhiteboxTest)
[expected:<...agereturn>Checksumis[]]> but was:<...agereturn>Checksumis[]>]
org.junit.ComparisonFailure: expected:<...agereturn>Checksumis[]]> but was:<...agereturn>Checksumis[]>    at org.junit.Assert.assertEquals(Assert.java:115)
    at org.junit.Assert.assertEquals(Assert.java:144)
    at introclassJava.checksum_36d8008b_003WhiteboxTest.test1(checksum_36d8008b_003WhiteboxTest.java:14)
    at sun.reflect.NativeMethodAccessorImpl.invoke0(Native Method)
    at sun.reflect.NativeMethodAccessorImpl.invoke(NativeMethodAccessorImpl.java:62)
    at sun.reflect.DelegatingMethodAccessorImpl.invoke(DelegatingMethodAccessorImpl.java:43)

org.junit.ComparisonFailure: expected:<...agereturn>Checksumis[X]> but was:<...agereturn>Checksumis[]>
    at org.junit.Assert.assertEquals(Assert.java:115)
    at org.junit.Assert.assertEquals(Assert.java:144)
    at introclassJava.checksum_36d8008b_003WhiteboxTest.test8(checksum_36d8008b_003WhiteboxTest.java:86)
    at sun.reflect.NativeMethodAccessorImpl.invoke0(Native Method)
    at sun.reflect.NativeMethodAccessorImpl.invoke(NativeMethodAccessorImpl.java:62)
    at sun.reflect.DelegatingMethodAccessorImpl.invoke(DelegatingMethodAccessorImpl.java:43)
15:55:14.321 [pool-17-thread-1] INFO  f.i.l.c.t.SpecificationTestCasesListener - Tests run finished (1 ms)
<> Total tests run: 1
<> Ignored tests: 0
<> Failed tests: 1
~ test8(introclassJava.checksum_36d8008b_003WhiteboxTest)
[expected:<...agereturn>Checksumis[X]> but was:<...agereturn>Checksumis[]>]
org.junit.ComparisonFailure: expected:<...agereturn>Checksumis[X]> but was:<...agereturn>Checksumis[]>    at org.junit.Assert.assertEquals(Assert.java:115)
    at org.junit.Assert.assertEquals(Assert.java:144)
    at introclassJava.checksum_36d8008b_003WhiteboxTest.test8(checksum_36d8008b_003WhiteboxTest.java:86)
    at sun.reflect.NativeMethodAccessorImpl.invoke0(Native Method)
    at sun.reflect.NativeMethodAccessorImpl.invoke(NativeMethodAccessorImpl.java:62)
    at sun.reflect.DelegatingMethodAccessorImpl.invoke(DelegatingMethodAccessorImpl.java:43)

org.junit.ComparisonFailure: expected:<...agereturn>Checksumis[V]> but was:<...agereturn>Checksumis[]>
    at org.junit.Assert.assertEquals(Assert.java:115)
    at org.junit.Assert.assertEquals(Assert.java:144)
    at introclassJava.checksum_36d8008b_003WhiteboxTest.test7(checksum_36d8008b_003WhiteboxTest.java:77)
    at sun.reflect.NativeMethodAccessorImpl.invoke0(Native Method)
    at sun.reflect.NativeMethodAccessorImpl.invoke(NativeMethodAccessorImpl.java:62)
    at sun.reflect.DelegatingMethodAccessorImpl.invoke(DelegatingMethodAccessorImpl.java:43)
15:55:14.322 [pool-18-thread-1] INFO  f.i.l.c.t.SpecificationTestCasesListener - Tests run finished (0 ms)
<> Total tests run: 1
<> Ignored tests: 0
<> Failed tests: 1
~ test7(introclassJava.checksum_36d8008b_003WhiteboxTest)
[expected:<...agereturn>Checksumis[V]> but was:<...agereturn>Checksumis[]>]
org.junit.ComparisonFailure: expected:<...agereturn>Checksumis[V]> but was:<...agereturn>Checksumis[]>    at org.junit.Assert.assertEquals(Assert.java:115)
    at org.junit.Assert.assertEquals(Assert.java:144)
    at introclassJava.checksum_36d8008b_003WhiteboxTest.test7(checksum_36d8008b_003WhiteboxTest.java:77)
    at sun.reflect.NativeMethodAccessorImpl.invoke0(Native Method)
    at sun.reflect.NativeMethodAccessorImpl.invoke(NativeMethodAccessorImpl.java:62)
    at sun.reflect.DelegatingMethodAccessorImpl.invoke(DelegatingMethodAccessorImpl.java:43)

15:55:14.323 [pool-11-thread-1] DEBUG tests.output - Failing tests with false: 
[test1(introclassJava.checksum_36d8008b_003WhiteboxTest): expected:<...gwithcarriagereturn>[Checksumis]]> but was:<...gwithcarriagereturn>[]>, test8(introclassJava.checksum_36d8008b_003WhiteboxTest): expected:<...gwithcarriagereturn>[ChecksumisX]> but was:<...gwithcarriagereturn>[]>, test7(introclassJava.checksum_36d8008b_003WhiteboxTest): expected:<...gwithcarriagereturn>[ChecksumisV]> but was:<...gwithcarriagereturn>[]>]
15:55:14.324 [pool-11-thread-1] DEBUG tests.output - Failing tests with true: 
[test1(introclassJava.checksum_36d8008b_003WhiteboxTest): expected:<...agereturn>Checksumis[]]> but was:<...agereturn>Checksumis[]>, test8(introclassJava.checksum_36d8008b_003WhiteboxTest): expected:<...agereturn>Checksumis[X]> but was:<...agereturn>Checksumis[]>, test7(introclassJava.checksum_36d8008b_003WhiteboxTest): expected:<...agereturn>Checksumis[V]> but was:<...agereturn>Checksumis[]>]
15:55:14.324 [pool-11-thread-1] INFO  f.i.l.r.n.synth.SMTNopolSynthesizer - Not enough specifications: 0. A trivial patch is "true" or "false", please write new tests specifying SourceLocation introclassJava.checksum_36d8008b_003:75.
15:55:14.324 [pool-2-thread-1] DEBUG fr.inria.lille.repair.nopol.NoPol - statement #3
15:55:14.324 [pool-2-thread-1] DEBUG fr.inria.lille.repair.nopol.NoPol - Analysing SourceLocation introclassJava.checksum_36d8008b_003:74 which is executed by 16 tests
-2093792494
15:55:14.379 [pool-2-thread-1] DEBUG fr.inria.lille.repair.nopol.NoPol - looking with class fr.inria.lille.repair.nopol.spoon.smt.ConditionalAdder
org.junit.ComparisonFailure: expected:<...agereturn>Checksumis[]]> but was:<...agereturn>Checksumis[]>
    at org.junit.Assert.assertEquals(Assert.java:115)
    at org.junit.Assert.assertEquals(Assert.java:144)
    at introclassJava.checksum_36d8008b_003WhiteboxTest.test1(checksum_36d8008b_003WhiteboxTest.java:14)
    at sun.reflect.NativeMethodAccessorImpl.invoke0(Native Method)
    at sun.reflect.NativeMethodAccessorImpl.invoke(NativeMethodAccessorImpl.java:62)
    at sun.reflect.DelegatingMethodAccessorImpl.invoke(DelegatingMethodAccessorImpl.java:43)
org.junit.ComparisonFailure: expected:<...agereturn>Checksumis[V]> but was:<...agereturn>Checksumis[]>
    at org.junit.Assert.assertEquals(Assert.java:115)
    at org.junit.Assert.assertEquals(Assert.java:144)
    at introclassJava.checksum_36d8008b_003WhiteboxTest.test7(checksum_36d8008b_003WhiteboxTest.java:77)
    at sun.reflect.NativeMethodAccessorImpl.invoke0(Native Method)
    at sun.reflect.NativeMethodAccessorImpl.invoke(NativeMethodAccessorImpl.java:62)
    at sun.reflect.DelegatingMethodAccessorImpl.invoke(DelegatingMethodAccessorImpl.java:43)
org.junit.ComparisonFailure: expected:<...agereturn>Checksumis[X]> but was:<...agereturn>Checksumis[]>
    at org.junit.Assert.assertEquals(Assert.java:115)
    at org.junit.Assert.assertEquals(Assert.java:144)
    at introclassJava.checksum_36d8008b_003WhiteboxTest.test8(checksum_36d8008b_003WhiteboxTest.java:86)
    at sun.reflect.NativeMethodAccessorImpl.invoke0(Native Method)
    at sun.reflect.NativeMethodAccessorImpl.invoke(NativeMethodAccessorImpl.java:62)
    at sun.reflect.DelegatingMethodAccessorImpl.invoke(DelegatingMethodAccessorImpl.java:43)
org.junit.ComparisonFailure: expected:<...agereturn>Checksumis[]]> but was:<...agereturn>Checksumis[]>
    at org.junit.Assert.assertEquals(Assert.java:115)
    at org.junit.Assert.assertEquals(Assert.java:144)
    at introclassJava.checksum_36d8008b_003WhiteboxTest.test1(checksum_36d8008b_003WhiteboxTest.java:14)
    at sun.reflect.NativeMethodAccessorImpl.invoke0(Native Method)
    at sun.reflect.NativeMethodAccessorImpl.invoke(NativeMethodAccessorImpl.java:62)
    at sun.reflect.DelegatingMethodAccessorImpl.invoke(DelegatingMethodAccessorImpl.java:43)
org.junit.ComparisonFailure: expected:<...agereturn>Checksumis[V]> but was:<...agereturn>Checksumis[]>
    at org.junit.Assert.assertEquals(Assert.java:115)
    at org.junit.Assert.assertEquals(Assert.java:144)
    at introclassJava.checksum_36d8008b_003WhiteboxTest.test7(checksum_36d8008b_003WhiteboxTest.java:77)
    at sun.reflect.NativeMethodAccessorImpl.invoke0(Native Method)
    at sun.reflect.NativeMethodAccessorImpl.invoke(NativeMethodAccessorImpl.java:62)
    at sun.reflect.DelegatingMethodAccessorImpl.invoke(DelegatingMethodAccessorImpl.java:43)
org.junit.ComparisonFailure: expected:<...agereturn>Checksumis[X]> but was:<...agereturn>Checksumis[]>
    at org.junit.Assert.assertEquals(Assert.java:115)
    at org.junit.Assert.assertEquals(Assert.java:144)
    at introclassJava.checksum_36d8008b_003WhiteboxTest.test8(checksum_36d8008b_003WhiteboxTest.java:86)
    at sun.reflect.NativeMethodAccessorImpl.invoke0(Native Method)
    at sun.reflect.NativeMethodAccessorImpl.invoke(NativeMethodAccessorImpl.java:62)
    at sun.reflect.DelegatingMethodAccessorImpl.invoke(DelegatingMethodAccessorImpl.java:43)
org.junit.ComparisonFailure: expected:<...agereturn>Checksumis[]]> but was:<...agereturn>Checksumis[]>
    at org.junit.Assert.assertEquals(Assert.java:115)
    at org.junit.Assert.assertEquals(Assert.java:144)
    at introclassJava.checksum_36d8008b_003WhiteboxTest.test1(checksum_36d8008b_003WhiteboxTest.java:14)
    at sun.reflect.NativeMethodAccessorImpl.invoke0(Native Method)
    at sun.reflect.NativeMethodAccessorImpl.invoke(NativeMethodAccessorImpl.java:62)
    at sun.reflect.DelegatingMethodAccessorImpl.invoke(DelegatingMethodAccessorImpl.java:43)
org.junit.ComparisonFailure: expected:<...agereturn>Checksumis[V]> but was:<...agereturn>Checksumis[]>
    at org.junit.Assert.assertEquals(Assert.java:115)
    at org.junit.Assert.assertEquals(Assert.java:144)
    at introclassJava.checksum_36d8008b_003WhiteboxTest.test7(checksum_36d8008b_003WhiteboxTest.java:77)
    at sun.reflect.NativeMethodAccessorImpl.invoke0(Native Method)
    at sun.reflect.NativeMethodAccessorImpl.invoke(NativeMethodAccessorImpl.java:62)
    at sun.reflect.DelegatingMethodAccessorImpl.invoke(DelegatingMethodAccessorImpl.java:43)
org.junit.ComparisonFailure: expected:<...agereturn>Checksumis[X]> but was:<...agereturn>Checksumis[]>
    at org.junit.Assert.assertEquals(Assert.java:115)
    at org.junit.Assert.assertEquals(Assert.java:144)
    at introclassJava.checksum_36d8008b_003WhiteboxTest.test8(checksum_36d8008b_003WhiteboxTest.java:86)
    at sun.reflect.NativeMethodAccessorImpl.invoke0(Native Method)
    at sun.reflect.NativeMethodAccessorImpl.invoke(NativeMethodAccessorImpl.java:62)
    at sun.reflect.DelegatingMethodAccessorImpl.invoke(DelegatingMethodAccessorImpl.java:43)
15:55:14.401 [pool-20-thread-1] INFO  xxl.java.junit.TestCasesListener - Tests run finished (18 ms)
<> Total tests run: 30
<> Ignored tests: 0
<> Failed tests: 9
~ test1(introclassJava.checksum_36d8008b_003WhiteboxTest)
[expected:<...agereturn>Checksumis[]]> but was:<...agereturn>Checksumis[]>]
org.junit.ComparisonFailure: expected:<...agereturn>Checksumis[]]> but was:<...agereturn>Checksumis[]>    at org.junit.Assert.assertEquals(Assert.java:115)
    at org.junit.Assert.assertEquals(Assert.java:144)
    at introclassJava.checksum_36d8008b_003WhiteboxTest.test1(checksum_36d8008b_003WhiteboxTest.java:14)
    at sun.reflect.NativeMethodAccessorImpl.invoke0(Native Method)
    at sun.reflect.NativeMethodAccessorImpl.invoke(NativeMethodAccessorImpl.java:62)
    at sun.reflect.DelegatingMethodAccessorImpl.invoke(DelegatingMethodAccessorImpl.java:43)
~ test7(introclassJava.checksum_36d8008b_003WhiteboxTest)
[expected:<...agereturn>Checksumis[V]> but was:<...agereturn>Checksumis[]>]
org.junit.ComparisonFailure: expected:<...agereturn>Checksumis[V]> but was:<...agereturn>Checksumis[]>    at org.junit.Assert.assertEquals(Assert.java:115)
    at org.junit.Assert.assertEquals(Assert.java:144)
    at introclassJava.checksum_36d8008b_003WhiteboxTest.test7(checksum_36d8008b_003WhiteboxTest.java:77)
    at sun.reflect.NativeMethodAccessorImpl.invoke0(Native Method)
    at sun.reflect.NativeMethodAccessorImpl.invoke(NativeMethodAccessorImpl.java:62)
    at sun.reflect.DelegatingMethodAccessorImpl.invoke(DelegatingMethodAccessorImpl.java:43)
~ test8(introclassJava.checksum_36d8008b_003WhiteboxTest)
[expected:<...agereturn>Checksumis[X]> but was:<...agereturn>Checksumis[]>]
org.junit.ComparisonFailure: expected:<...agereturn>Checksumis[X]> but was:<...agereturn>Checksumis[]>    at org.junit.Assert.assertEquals(Assert.java:115)
    at org.junit.Assert.assertEquals(Assert.java:144)
    at introclassJava.checksum_36d8008b_003WhiteboxTest.test8(checksum_36d8008b_003WhiteboxTest.java:86)
    at sun.reflect.NativeMethodAccessorImpl.invoke0(Native Method)
    at sun.reflect.NativeMethodAccessorImpl.invoke(NativeMethodAccessorImpl.java:62)
    at sun.reflect.DelegatingMethodAccessorImpl.invoke(DelegatingMethodAccessorImpl.java:43)
~ test1(introclassJava.checksum_36d8008b_003WhiteboxTest)
[expected:<...agereturn>Checksumis[]]> but was:<...agereturn>Checksumis[]>]
org.junit.ComparisonFailure: expected:<...agereturn>Checksumis[]]> but was:<...agereturn>Checksumis[]>    at org.junit.Assert.assertEquals(Assert.java:115)
    at org.junit.Assert.assertEquals(Assert.java:144)
    at introclassJava.checksum_36d8008b_003WhiteboxTest.test1(checksum_36d8008b_003WhiteboxTest.java:14)
    at sun.reflect.NativeMethodAccessorImpl.invoke0(Native Method)
    at sun.reflect.NativeMethodAccessorImpl.invoke(NativeMethodAccessorImpl.java:62)
    at sun.reflect.DelegatingMethodAccessorImpl.invoke(DelegatingMethodAccessorImpl.java:43)
~ test7(introclassJava.checksum_36d8008b_003WhiteboxTest)
[expected:<...agereturn>Checksumis[V]> but was:<...agereturn>Checksumis[]>]
org.junit.ComparisonFailure: expected:<...agereturn>Checksumis[V]> but was:<...agereturn>Checksumis[]>    at org.junit.Assert.assertEquals(Assert.java:115)
    at org.junit.Assert.assertEquals(Assert.java:144)
    at introclassJava.checksum_36d8008b_003WhiteboxTest.test7(checksum_36d8008b_003WhiteboxTest.java:77)
    at sun.reflect.NativeMethodAccessorImpl.invoke0(Native Method)
    at sun.reflect.NativeMethodAccessorImpl.invoke(NativeMethodAccessorImpl.java:62)
    at sun.reflect.DelegatingMethodAccessorImpl.invoke(DelegatingMethodAccessorImpl.java:43)
~ test8(introclassJava.checksum_36d8008b_003WhiteboxTest)
[expected:<...agereturn>Checksumis[X]> but was:<...agereturn>Checksumis[]>]
org.junit.ComparisonFailure: expected:<...agereturn>Checksumis[X]> but was:<...agereturn>Checksumis[]>    at org.junit.Assert.assertEquals(Assert.java:115)
    at org.junit.Assert.assertEquals(Assert.java:144)
    at introclassJava.checksum_36d8008b_003WhiteboxTest.test8(checksum_36d8008b_003WhiteboxTest.java:86)
    at sun.reflect.NativeMethodAccessorImpl.invoke0(Native Method)
    at sun.reflect.NativeMethodAccessorImpl.invoke(NativeMethodAccessorImpl.java:62)
    at sun.reflect.DelegatingMethodAccessorImpl.invoke(DelegatingMethodAccessorImpl.java:43)
~ test1(introclassJava.checksum_36d8008b_003WhiteboxTest)
[expected:<...agereturn>Checksumis[]]> but was:<...agereturn>Checksumis[]>]
org.junit.ComparisonFailure: expected:<...agereturn>Checksumis[]]> but was:<...agereturn>Checksumis[]>    at org.junit.Assert.assertEquals(Assert.java:115)
    at org.junit.Assert.assertEquals(Assert.java:144)
    at introclassJava.checksum_36d8008b_003WhiteboxTest.test1(checksum_36d8008b_003WhiteboxTest.java:14)
    at sun.reflect.NativeMethodAccessorImpl.invoke0(Native Method)
    at sun.reflect.NativeMethodAccessorImpl.invoke(NativeMethodAccessorImpl.java:62)
    at sun.reflect.DelegatingMethodAccessorImpl.invoke(DelegatingMethodAccessorImpl.java:43)
~ test7(introclassJava.checksum_36d8008b_003WhiteboxTest)
[expected:<...agereturn>Checksumis[V]> but was:<...agereturn>Checksumis[]>]
org.junit.ComparisonFailure: expected:<...agereturn>Checksumis[V]> but was:<...agereturn>Checksumis[]>    at org.junit.Assert.assertEquals(Assert.java:115)
    at org.junit.Assert.assertEquals(Assert.java:144)
    at introclassJava.checksum_36d8008b_003WhiteboxTest.test7(checksum_36d8008b_003WhiteboxTest.java:77)
    at sun.reflect.NativeMethodAccessorImpl.invoke0(Native Method)
    at sun.reflect.NativeMethodAccessorImpl.invoke(NativeMethodAccessorImpl.java:62)
    at sun.reflect.DelegatingMethodAccessorImpl.invoke(DelegatingMethodAccessorImpl.java:43)
~ test8(introclassJava.checksum_36d8008b_003WhiteboxTest)
[expected:<...agereturn>Checksumis[X]> but was:<...agereturn>Checksumis[]>]
org.junit.ComparisonFailure: expected:<...agereturn>Checksumis[X]> but was:<...agereturn>Checksumis[]>    at org.junit.Assert.assertEquals(Assert.java:115)
    at org.junit.Assert.assertEquals(Assert.java:144)
    at introclassJava.checksum_36d8008b_003WhiteboxTest.test8(checksum_36d8008b_003WhiteboxTest.java:86)
    at sun.reflect.NativeMethodAccessorImpl.invoke0(Native Method)
    at sun.reflect.NativeMethodAccessorImpl.invoke(NativeMethodAccessorImpl.java:62)
    at sun.reflect.DelegatingMethodAccessorImpl.invoke(DelegatingMethodAccessorImpl.java:43)

org.junit.ComparisonFailure: expected:<...agereturn>Checksumis[]]> but was:<...agereturn>Checksumis[]>
    at org.junit.Assert.assertEquals(Assert.java:115)
    at org.junit.Assert.assertEquals(Assert.java:144)
    at introclassJava.checksum_36d8008b_003WhiteboxTest.test1(checksum_36d8008b_003WhiteboxTest.java:14)
    at sun.reflect.NativeMethodAccessorImpl.invoke0(Native Method)
    at sun.reflect.NativeMethodAccessorImpl.invoke(NativeMethodAccessorImpl.java:62)
    at sun.reflect.DelegatingMethodAccessorImpl.invoke(DelegatingMethodAccessorImpl.java:43)
15:55:14.518 [pool-21-thread-1] INFO  f.i.l.c.t.SpecificationTestCasesListener - Tests run finished (2 ms)
<> Total tests run: 1
<> Ignored tests: 0
<> Failed tests: 1
~ test1(introclassJava.checksum_36d8008b_003WhiteboxTest)
[expected:<...agereturn>Checksumis[]]> but was:<...agereturn>Checksumis[]>]
org.junit.ComparisonFailure: expected:<...agereturn>Checksumis[]]> but was:<...agereturn>Checksumis[]>    at org.junit.Assert.assertEquals(Assert.java:115)
    at org.junit.Assert.assertEquals(Assert.java:144)
    at introclassJava.checksum_36d8008b_003WhiteboxTest.test1(checksum_36d8008b_003WhiteboxTest.java:14)
    at sun.reflect.NativeMethodAccessorImpl.invoke0(Native Method)
    at sun.reflect.NativeMethodAccessorImpl.invoke(NativeMethodAccessorImpl.java:62)
    at sun.reflect.DelegatingMethodAccessorImpl.invoke(DelegatingMethodAccessorImpl.java:43)

org.junit.ComparisonFailure: expected:<...agereturn>Checksumis[X]> but was:<...agereturn>Checksumis[]>
    at org.junit.Assert.assertEquals(Assert.java:115)
    at org.junit.Assert.assertEquals(Assert.java:144)
    at introclassJava.checksum_36d8008b_003WhiteboxTest.test8(checksum_36d8008b_003WhiteboxTest.java:86)
    at sun.reflect.NativeMethodAccessorImpl.invoke0(Native Method)
    at sun.reflect.NativeMethodAccessorImpl.invoke(NativeMethodAccessorImpl.java:62)
    at sun.reflect.DelegatingMethodAccessorImpl.invoke(DelegatingMethodAccessorImpl.java:43)
15:55:14.520 [pool-22-thread-1] INFO  f.i.l.c.t.SpecificationTestCasesListener - Tests run finished (1 ms)
<> Total tests run: 1
<> Ignored tests: 0
<> Failed tests: 1
~ test8(introclassJava.checksum_36d8008b_003WhiteboxTest)
[expected:<...agereturn>Checksumis[X]> but was:<...agereturn>Checksumis[]>]
org.junit.ComparisonFailure: expected:<...agereturn>Checksumis[X]> but was:<...agereturn>Checksumis[]>    at org.junit.Assert.assertEquals(Assert.java:115)
    at org.junit.Assert.assertEquals(Assert.java:144)
    at introclassJava.checksum_36d8008b_003WhiteboxTest.test8(checksum_36d8008b_003WhiteboxTest.java:86)
    at sun.reflect.NativeMethodAccessorImpl.invoke0(Native Method)
    at sun.reflect.NativeMethodAccessorImpl.invoke(NativeMethodAccessorImpl.java:62)
    at sun.reflect.DelegatingMethodAccessorImpl.invoke(DelegatingMethodAccessorImpl.java:43)

org.junit.ComparisonFailure: expected:<...agereturn>Checksumis[V]> but was:<...agereturn>Checksumis[]>
    at org.junit.Assert.assertEquals(Assert.java:115)
    at org.junit.Assert.assertEquals(Assert.java:144)
    at introclassJava.checksum_36d8008b_003WhiteboxTest.test7(checksum_36d8008b_003WhiteboxTest.java:77)
    at sun.reflect.NativeMethodAccessorImpl.invoke0(Native Method)
    at sun.reflect.NativeMethodAccessorImpl.invoke(NativeMethodAccessorImpl.java:62)
    at sun.reflect.DelegatingMethodAccessorImpl.invoke(DelegatingMethodAccessorImpl.java:43)
15:55:14.522 [pool-23-thread-1] INFO  f.i.l.c.t.SpecificationTestCasesListener - Tests run finished (1 ms)
<> Total tests run: 1
<> Ignored tests: 0
<> Failed tests: 1
~ test7(introclassJava.checksum_36d8008b_003WhiteboxTest)
[expected:<...agereturn>Checksumis[V]> but was:<...agereturn>Checksumis[]>]
org.junit.ComparisonFailure: expected:<...agereturn>Checksumis[V]> but was:<...agereturn>Checksumis[]>    at org.junit.Assert.assertEquals(Assert.java:115)
    at org.junit.Assert.assertEquals(Assert.java:144)
    at introclassJava.checksum_36d8008b_003WhiteboxTest.test7(checksum_36d8008b_003WhiteboxTest.java:77)
    at sun.reflect.NativeMethodAccessorImpl.invoke0(Native Method)
    at sun.reflect.NativeMethodAccessorImpl.invoke(NativeMethodAccessorImpl.java:62)
    at sun.reflect.DelegatingMethodAccessorImpl.invoke(DelegatingMethodAccessorImpl.java:43)

org.junit.ComparisonFailure: expected:<...agereturn>Checksumis[]]> but was:<...agereturn>Checksumis[]>
    at org.junit.Assert.assertEquals(Assert.java:115)
    at org.junit.Assert.assertEquals(Assert.java:144)
    at introclassJava.checksum_36d8008b_003WhiteboxTest.test1(checksum_36d8008b_003WhiteboxTest.java:14)
    at sun.reflect.NativeMethodAccessorImpl.invoke0(Native Method)
    at sun.reflect.NativeMethodAccessorImpl.invoke(NativeMethodAccessorImpl.java:62)
    at sun.reflect.DelegatingMethodAccessorImpl.invoke(DelegatingMethodAccessorImpl.java:43)
15:55:14.524 [pool-24-thread-1] INFO  f.i.l.c.t.SpecificationTestCasesListener - Tests run finished (1 ms)
<> Total tests run: 1
<> Ignored tests: 0
<> Failed tests: 1
~ test1(introclassJava.checksum_36d8008b_003WhiteboxTest)
[expected:<...agereturn>Checksumis[]]> but was:<...agereturn>Checksumis[]>]
org.junit.ComparisonFailure: expected:<...agereturn>Checksumis[]]> but was:<...agereturn>Checksumis[]>    at org.junit.Assert.assertEquals(Assert.java:115)
    at org.junit.Assert.assertEquals(Assert.java:144)
    at introclassJava.checksum_36d8008b_003WhiteboxTest.test1(checksum_36d8008b_003WhiteboxTest.java:14)
    at sun.reflect.NativeMethodAccessorImpl.invoke0(Native Method)
    at sun.reflect.NativeMethodAccessorImpl.invoke(NativeMethodAccessorImpl.java:62)
    at sun.reflect.DelegatingMethodAccessorImpl.invoke(DelegatingMethodAccessorImpl.java:43)

org.junit.ComparisonFailure: expected:<...agereturn>Checksumis[X]> but was:<...agereturn>Checksumis[]>
    at org.junit.Assert.assertEquals(Assert.java:115)
    at org.junit.Assert.assertEquals(Assert.java:144)
    at introclassJava.checksum_36d8008b_003WhiteboxTest.test8(checksum_36d8008b_003WhiteboxTest.java:86)
    at sun.reflect.NativeMethodAccessorImpl.invoke0(Native Method)
    at sun.reflect.NativeMethodAccessorImpl.invoke(NativeMethodAccessorImpl.java:62)
    at sun.reflect.DelegatingMethodAccessorImpl.invoke(DelegatingMethodAccessorImpl.java:43)
15:55:14.525 [pool-25-thread-1] INFO  f.i.l.c.t.SpecificationTestCasesListener - Tests run finished (0 ms)
<> Total tests run: 1
<> Ignored tests: 0
<> Failed tests: 1
~ test8(introclassJava.checksum_36d8008b_003WhiteboxTest)
[expected:<...agereturn>Checksumis[X]> but was:<...agereturn>Checksumis[]>]
org.junit.ComparisonFailure: expected:<...agereturn>Checksumis[X]> but was:<...agereturn>Checksumis[]>    at org.junit.Assert.assertEquals(Assert.java:115)
    at org.junit.Assert.assertEquals(Assert.java:144)
    at introclassJava.checksum_36d8008b_003WhiteboxTest.test8(checksum_36d8008b_003WhiteboxTest.java:86)
    at sun.reflect.NativeMethodAccessorImpl.invoke0(Native Method)
    at sun.reflect.NativeMethodAccessorImpl.invoke(NativeMethodAccessorImpl.java:62)
    at sun.reflect.DelegatingMethodAccessorImpl.invoke(DelegatingMethodAccessorImpl.java:43)

org.junit.ComparisonFailure: expected:<...agereturn>Checksumis[V]> but was:<...agereturn>Checksumis[]>
    at org.junit.Assert.assertEquals(Assert.java:115)
    at org.junit.Assert.assertEquals(Assert.java:144)
    at introclassJava.checksum_36d8008b_003WhiteboxTest.test7(checksum_36d8008b_003WhiteboxTest.java:77)
    at sun.reflect.NativeMethodAccessorImpl.invoke0(Native Method)
    at sun.reflect.NativeMethodAccessorImpl.invoke(NativeMethodAccessorImpl.java:62)
    at sun.reflect.DelegatingMethodAccessorImpl.invoke(DelegatingMethodAccessorImpl.java:43)
15:55:14.534 [pool-26-thread-1] INFO  f.i.l.c.t.SpecificationTestCasesListener - Tests run finished (8 ms)
<> Total tests run: 1
<> Ignored tests: 0
<> Failed tests: 1
~ test7(introclassJava.checksum_36d8008b_003WhiteboxTest)
[expected:<...agereturn>Checksumis[V]> but was:<...agereturn>Checksumis[]>]
org.junit.ComparisonFailure: expected:<...agereturn>Checksumis[V]> but was:<...agereturn>Checksumis[]>    at org.junit.Assert.assertEquals(Assert.java:115)
    at org.junit.Assert.assertEquals(Assert.java:144)
    at introclassJava.checksum_36d8008b_003WhiteboxTest.test7(checksum_36d8008b_003WhiteboxTest.java:77)
    at sun.reflect.NativeMethodAccessorImpl.invoke0(Native Method)
    at sun.reflect.NativeMethodAccessorImpl.invoke(NativeMethodAccessorImpl.java:62)
    at sun.reflect.DelegatingMethodAccessorImpl.invoke(DelegatingMethodAccessorImpl.java:43)

15:55:14.536 [pool-19-thread-1] DEBUG tests.output - Failing tests with false: 
[test1(introclassJava.checksum_36d8008b_003WhiteboxTest): expected:<...agereturn>Checksumis[]]> but was:<...agereturn>Checksumis[]>, test8(introclassJava.checksum_36d8008b_003WhiteboxTest): expected:<...agereturn>Checksumis[X]> but was:<...agereturn>Checksumis[]>, test7(introclassJava.checksum_36d8008b_003WhiteboxTest): expected:<...agereturn>Checksumis[V]> but was:<...agereturn>Checksumis[]>]
15:55:14.536 [pool-19-thread-1] DEBUG tests.output - Failing tests with true: 
[test1(introclassJava.checksum_36d8008b_003WhiteboxTest): expected:<...agereturn>Checksumis[]]> but was:<...agereturn>Checksumis[]>, test8(introclassJava.checksum_36d8008b_003WhiteboxTest): expected:<...agereturn>Checksumis[X]> but was:<...agereturn>Checksumis[]>, test7(introclassJava.checksum_36d8008b_003WhiteboxTest): expected:<...agereturn>Checksumis[V]> but was:<...agereturn>Checksumis[]>]
15:55:14.536 [pool-19-thread-1] INFO  f.i.l.r.n.synth.SMTNopolSynthesizer - Not enough specifications: 0. A trivial patch is "true" or "false", please write new tests specifying SourceLocation introclassJava.checksum_36d8008b_003:74.
15:55:14.537 [pool-2-thread-1] DEBUG fr.inria.lille.repair.nopol.NoPol - statement #4
15:55:14.540 [pool-2-thread-1] DEBUG fr.inria.lille.repair.nopol.NoPol - Analysing SourceLocation introclassJava.checksum_36d8008b_003:72 which is executed by 16 tests
-2093792494
15:55:14.594 [pool-2-thread-1] DEBUG fr.inria.lille.repair.nopol.NoPol - looking with class fr.inria.lille.repair.nopol.spoon.smt.ConditionalAdder
org.junit.ComparisonFailure: expected:<...agereturn>Checksumis[]]> but was:<...agereturn>Checksumis[]>
    at org.junit.Assert.assertEquals(Assert.java:115)
    at org.junit.Assert.assertEquals(Assert.java:144)
    at introclassJava.checksum_36d8008b_003WhiteboxTest.test1(checksum_36d8008b_003WhiteboxTest.java:14)
    at sun.reflect.NativeMethodAccessorImpl.invoke0(Native Method)
    at sun.reflect.NativeMethodAccessorImpl.invoke(NativeMethodAccessorImpl.java:62)
    at sun.reflect.DelegatingMethodAccessorImpl.invoke(DelegatingMethodAccessorImpl.java:43)
org.junit.ComparisonFailure: expected:<...agereturn>Checksumis[V]> but was:<...agereturn>Checksumis[]>
    at org.junit.Assert.assertEquals(Assert.java:115)
    at org.junit.Assert.assertEquals(Assert.java:144)
    at introclassJava.checksum_36d8008b_003WhiteboxTest.test7(checksum_36d8008b_003WhiteboxTest.java:77)
    at sun.reflect.NativeMethodAccessorImpl.invoke0(Native Method)
    at sun.reflect.NativeMethodAccessorImpl.invoke(NativeMethodAccessorImpl.java:62)
    at sun.reflect.DelegatingMethodAccessorImpl.invoke(DelegatingMethodAccessorImpl.java:43)
org.junit.ComparisonFailure: expected:<...agereturn>Checksumis[X]> but was:<...agereturn>Checksumis[]>
    at org.junit.Assert.assertEquals(Assert.java:115)
    at org.junit.Assert.assertEquals(Assert.java:144)
    at introclassJava.checksum_36d8008b_003WhiteboxTest.test8(checksum_36d8008b_003WhiteboxTest.java:86)
    at sun.reflect.NativeMethodAccessorImpl.invoke0(Native Method)
    at sun.reflect.NativeMethodAccessorImpl.invoke(NativeMethodAccessorImpl.java:62)
    at sun.reflect.DelegatingMethodAccessorImpl.invoke(DelegatingMethodAccessorImpl.java:43)
org.junit.ComparisonFailure: expected:<...agereturn>Checksumis[]]> but was:<...agereturn>Checksumis[]>
    at org.junit.Assert.assertEquals(Assert.java:115)
    at org.junit.Assert.assertEquals(Assert.java:144)
    at introclassJava.checksum_36d8008b_003WhiteboxTest.test1(checksum_36d8008b_003WhiteboxTest.java:14)
    at sun.reflect.NativeMethodAccessorImpl.invoke0(Native Method)
    at sun.reflect.NativeMethodAccessorImpl.invoke(NativeMethodAccessorImpl.java:62)
    at sun.reflect.DelegatingMethodAccessorImpl.invoke(DelegatingMethodAccessorImpl.java:43)
org.junit.ComparisonFailure: expected:<...agereturn>Checksumis[V]> but was:<...agereturn>Checksumis[]>
    at org.junit.Assert.assertEquals(Assert.java:115)
    at org.junit.Assert.assertEquals(Assert.java:144)
    at introclassJava.checksum_36d8008b_003WhiteboxTest.test7(checksum_36d8008b_003WhiteboxTest.java:77)
    at sun.reflect.NativeMethodAccessorImpl.invoke0(Native Method)
    at sun.reflect.NativeMethodAccessorImpl.invoke(NativeMethodAccessorImpl.java:62)
    at sun.reflect.DelegatingMethodAccessorImpl.invoke(DelegatingMethodAccessorImpl.java:43)
org.junit.ComparisonFailure: expected:<...agereturn>Checksumis[X]> but was:<...agereturn>Checksumis[]>
    at org.junit.Assert.assertEquals(Assert.java:115)
    at org.junit.Assert.assertEquals(Assert.java:144)
    at introclassJava.checksum_36d8008b_003WhiteboxTest.test8(checksum_36d8008b_003WhiteboxTest.java:86)
    at sun.reflect.NativeMethodAccessorImpl.invoke0(Native Method)
    at sun.reflect.NativeMethodAccessorImpl.invoke(NativeMethodAccessorImpl.java:62)
    at sun.reflect.DelegatingMethodAccessorImpl.invoke(DelegatingMethodAccessorImpl.java:43)
org.junit.ComparisonFailure: expected:<...agereturn>Checksumis[]]> but was:<...agereturn>Checksumis[]>
    at org.junit.Assert.assertEquals(Assert.java:115)
    at org.junit.Assert.assertEquals(Assert.java:144)
    at introclassJava.checksum_36d8008b_003WhiteboxTest.test1(checksum_36d8008b_003WhiteboxTest.java:14)
    at sun.reflect.NativeMethodAccessorImpl.invoke0(Native Method)
    at sun.reflect.NativeMethodAccessorImpl.invoke(NativeMethodAccessorImpl.java:62)
    at sun.reflect.DelegatingMethodAccessorImpl.invoke(DelegatingMethodAccessorImpl.java:43)
org.junit.ComparisonFailure: expected:<...agereturn>Checksumis[V]> but was:<...agereturn>Checksumis[]>
    at org.junit.Assert.assertEquals(Assert.java:115)
    at org.junit.Assert.assertEquals(Assert.java:144)
    at introclassJava.checksum_36d8008b_003WhiteboxTest.test7(checksum_36d8008b_003WhiteboxTest.java:77)
    at sun.reflect.NativeMethodAccessorImpl.invoke0(Native Method)
    at sun.reflect.NativeMethodAccessorImpl.invoke(NativeMethodAccessorImpl.java:62)
    at sun.reflect.DelegatingMethodAccessorImpl.invoke(DelegatingMethodAccessorImpl.java:43)
org.junit.ComparisonFailure: expected:<...agereturn>Checksumis[X]> but was:<...agereturn>Checksumis[]>
    at org.junit.Assert.assertEquals(Assert.java:115)
    at org.junit.Assert.assertEquals(Assert.java:144)
    at introclassJava.checksum_36d8008b_003WhiteboxTest.test8(checksum_36d8008b_003WhiteboxTest.java:86)
    at sun.reflect.NativeMethodAccessorImpl.invoke0(Native Method)
    at sun.reflect.NativeMethodAccessorImpl.invoke(NativeMethodAccessorImpl.java:62)
    at sun.reflect.DelegatingMethodAccessorImpl.invoke(DelegatingMethodAccessorImpl.java:43)
15:55:14.614 [pool-28-thread-1] INFO  xxl.java.junit.TestCasesListener - Tests run finished (16 ms)
<> Total tests run: 30
<> Ignored tests: 0
<> Failed tests: 9
~ test1(introclassJava.checksum_36d8008b_003WhiteboxTest)
[expected:<...agereturn>Checksumis[]]> but was:<...agereturn>Checksumis[]>]
org.junit.ComparisonFailure: expected:<...agereturn>Checksumis[]]> but was:<...agereturn>Checksumis[]>    at org.junit.Assert.assertEquals(Assert.java:115)
    at org.junit.Assert.assertEquals(Assert.java:144)
    at introclassJava.checksum_36d8008b_003WhiteboxTest.test1(checksum_36d8008b_003WhiteboxTest.java:14)
    at sun.reflect.NativeMethodAccessorImpl.invoke0(Native Method)
    at sun.reflect.NativeMethodAccessorImpl.invoke(NativeMethodAccessorImpl.java:62)
    at sun.reflect.DelegatingMethodAccessorImpl.invoke(DelegatingMethodAccessorImpl.java:43)
~ test7(introclassJava.checksum_36d8008b_003WhiteboxTest)
[expected:<...agereturn>Checksumis[V]> but was:<...agereturn>Checksumis[]>]
org.junit.ComparisonFailure: expected:<...agereturn>Checksumis[V]> but was:<...agereturn>Checksumis[]>    at org.junit.Assert.assertEquals(Assert.java:115)
    at org.junit.Assert.assertEquals(Assert.java:144)
    at introclassJava.checksum_36d8008b_003WhiteboxTest.test7(checksum_36d8008b_003WhiteboxTest.java:77)
    at sun.reflect.NativeMethodAccessorImpl.invoke0(Native Method)
    at sun.reflect.NativeMethodAccessorImpl.invoke(NativeMethodAccessorImpl.java:62)
    at sun.reflect.DelegatingMethodAccessorImpl.invoke(DelegatingMethodAccessorImpl.java:43)
~ test8(introclassJava.checksum_36d8008b_003WhiteboxTest)
[expected:<...agereturn>Checksumis[X]> but was:<...agereturn>Checksumis[]>]
org.junit.ComparisonFailure: expected:<...agereturn>Checksumis[X]> but was:<...agereturn>Checksumis[]>    at org.junit.Assert.assertEquals(Assert.java:115)
    at org.junit.Assert.assertEquals(Assert.java:144)
    at introclassJava.checksum_36d8008b_003WhiteboxTest.test8(checksum_36d8008b_003WhiteboxTest.java:86)
    at sun.reflect.NativeMethodAccessorImpl.invoke0(Native Method)
    at sun.reflect.NativeMethodAccessorImpl.invoke(NativeMethodAccessorImpl.java:62)
    at sun.reflect.DelegatingMethodAccessorImpl.invoke(DelegatingMethodAccessorImpl.java:43)
~ test1(introclassJava.checksum_36d8008b_003WhiteboxTest)
[expected:<...agereturn>Checksumis[]]> but was:<...agereturn>Checksumis[]>]
org.junit.ComparisonFailure: expected:<...agereturn>Checksumis[]]> but was:<...agereturn>Checksumis[]>    at org.junit.Assert.assertEquals(Assert.java:115)
    at org.junit.Assert.assertEquals(Assert.java:144)
    at introclassJava.checksum_36d8008b_003WhiteboxTest.test1(checksum_36d8008b_003WhiteboxTest.java:14)
    at sun.reflect.NativeMethodAccessorImpl.invoke0(Native Method)
    at sun.reflect.NativeMethodAccessorImpl.invoke(NativeMethodAccessorImpl.java:62)
    at sun.reflect.DelegatingMethodAccessorImpl.invoke(DelegatingMethodAccessorImpl.java:43)
~ test7(introclassJava.checksum_36d8008b_003WhiteboxTest)
[expected:<...agereturn>Checksumis[V]> but was:<...agereturn>Checksumis[]>]
org.junit.ComparisonFailure: expected:<...agereturn>Checksumis[V]> but was:<...agereturn>Checksumis[]>    at org.junit.Assert.assertEquals(Assert.java:115)
    at org.junit.Assert.assertEquals(Assert.java:144)
    at introclassJava.checksum_36d8008b_003WhiteboxTest.test7(checksum_36d8008b_003WhiteboxTest.java:77)
    at sun.reflect.NativeMethodAccessorImpl.invoke0(Native Method)
    at sun.reflect.NativeMethodAccessorImpl.invoke(NativeMethodAccessorImpl.java:62)
    at sun.reflect.DelegatingMethodAccessorImpl.invoke(DelegatingMethodAccessorImpl.java:43)
~ test8(introclassJava.checksum_36d8008b_003WhiteboxTest)
[expected:<...agereturn>Checksumis[X]> but was:<...agereturn>Checksumis[]>]
org.junit.ComparisonFailure: expected:<...agereturn>Checksumis[X]> but was:<...agereturn>Checksumis[]>    at org.junit.Assert.assertEquals(Assert.java:115)
    at org.junit.Assert.assertEquals(Assert.java:144)
    at introclassJava.checksum_36d8008b_003WhiteboxTest.test8(checksum_36d8008b_003WhiteboxTest.java:86)
    at sun.reflect.NativeMethodAccessorImpl.invoke0(Native Method)
    at sun.reflect.NativeMethodAccessorImpl.invoke(NativeMethodAccessorImpl.java:62)
    at sun.reflect.DelegatingMethodAccessorImpl.invoke(DelegatingMethodAccessorImpl.java:43)
~ test1(introclassJava.checksum_36d8008b_003WhiteboxTest)
[expected:<...agereturn>Checksumis[]]> but was:<...agereturn>Checksumis[]>]
org.junit.ComparisonFailure: expected:<...agereturn>Checksumis[]]> but was:<...agereturn>Checksumis[]>    at org.junit.Assert.assertEquals(Assert.java:115)
    at org.junit.Assert.assertEquals(Assert.java:144)
    at introclassJava.checksum_36d8008b_003WhiteboxTest.test1(checksum_36d8008b_003WhiteboxTest.java:14)
    at sun.reflect.NativeMethodAccessorImpl.invoke0(Native Method)
    at sun.reflect.NativeMethodAccessorImpl.invoke(NativeMethodAccessorImpl.java:62)
    at sun.reflect.DelegatingMethodAccessorImpl.invoke(DelegatingMethodAccessorImpl.java:43)
~ test7(introclassJava.checksum_36d8008b_003WhiteboxTest)
[expected:<...agereturn>Checksumis[V]> but was:<...agereturn>Checksumis[]>]
org.junit.ComparisonFailure: expected:<...agereturn>Checksumis[V]> but was:<...agereturn>Checksumis[]>    at org.junit.Assert.assertEquals(Assert.java:115)
    at org.junit.Assert.assertEquals(Assert.java:144)
    at introclassJava.checksum_36d8008b_003WhiteboxTest.test7(checksum_36d8008b_003WhiteboxTest.java:77)
    at sun.reflect.NativeMethodAccessorImpl.invoke0(Native Method)
    at sun.reflect.NativeMethodAccessorImpl.invoke(NativeMethodAccessorImpl.java:62)
    at sun.reflect.DelegatingMethodAccessorImpl.invoke(DelegatingMethodAccessorImpl.java:43)
~ test8(introclassJava.checksum_36d8008b_003WhiteboxTest)
[expected:<...agereturn>Checksumis[X]> but was:<...agereturn>Checksumis[]>]
org.junit.ComparisonFailure: expected:<...agereturn>Checksumis[X]> but was:<...agereturn>Checksumis[]>    at org.junit.Assert.assertEquals(Assert.java:115)
    at org.junit.Assert.assertEquals(Assert.java:144)
    at introclassJava.checksum_36d8008b_003WhiteboxTest.test8(checksum_36d8008b_003WhiteboxTest.java:86)
    at sun.reflect.NativeMethodAccessorImpl.invoke0(Native Method)
    at sun.reflect.NativeMethodAccessorImpl.invoke(NativeMethodAccessorImpl.java:62)
    at sun.reflect.DelegatingMethodAccessorImpl.invoke(DelegatingMethodAccessorImpl.java:43)

org.junit.ComparisonFailure: expected:<...agereturn>Checksumis[]]> but was:<...agereturn>Checksumis[]>
    at org.junit.Assert.assertEquals(Assert.java:115)
    at org.junit.Assert.assertEquals(Assert.java:144)
    at introclassJava.checksum_36d8008b_003WhiteboxTest.test1(checksum_36d8008b_003WhiteboxTest.java:14)
    at sun.reflect.NativeMethodAccessorImpl.invoke0(Native Method)
    at sun.reflect.NativeMethodAccessorImpl.invoke(NativeMethodAccessorImpl.java:62)
    at sun.reflect.DelegatingMethodAccessorImpl.invoke(DelegatingMethodAccessorImpl.java:43)
15:55:14.712 [pool-29-thread-1] INFO  f.i.l.c.t.SpecificationTestCasesListener - Tests run finished (4 ms)
<> Total tests run: 1
<> Ignored tests: 0
<> Failed tests: 1
~ test1(introclassJava.checksum_36d8008b_003WhiteboxTest)
[expected:<...agereturn>Checksumis[]]> but was:<...agereturn>Checksumis[]>]
org.junit.ComparisonFailure: expected:<...agereturn>Checksumis[]]> but was:<...agereturn>Checksumis[]>    at org.junit.Assert.assertEquals(Assert.java:115)
    at org.junit.Assert.assertEquals(Assert.java:144)
    at introclassJava.checksum_36d8008b_003WhiteboxTest.test1(checksum_36d8008b_003WhiteboxTest.java:14)
    at sun.reflect.NativeMethodAccessorImpl.invoke0(Native Method)
    at sun.reflect.NativeMethodAccessorImpl.invoke(NativeMethodAccessorImpl.java:62)
    at sun.reflect.DelegatingMethodAccessorImpl.invoke(DelegatingMethodAccessorImpl.java:43)

org.junit.ComparisonFailure: expected:<...agereturn>Checksumis[X]> but was:<...agereturn>Checksumis[]>
    at org.junit.Assert.assertEquals(Assert.java:115)
    at org.junit.Assert.assertEquals(Assert.java:144)
    at introclassJava.checksum_36d8008b_003WhiteboxTest.test8(checksum_36d8008b_003WhiteboxTest.java:86)
    at sun.reflect.NativeMethodAccessorImpl.invoke0(Native Method)
    at sun.reflect.NativeMethodAccessorImpl.invoke(NativeMethodAccessorImpl.java:62)
    at sun.reflect.DelegatingMethodAccessorImpl.invoke(DelegatingMethodAccessorImpl.java:43)
15:55:14.714 [pool-30-thread-1] INFO  f.i.l.c.t.SpecificationTestCasesListener - Tests run finished (1 ms)
<> Total tests run: 1
<> Ignored tests: 0
<> Failed tests: 1
~ test8(introclassJava.checksum_36d8008b_003WhiteboxTest)
[expected:<...agereturn>Checksumis[X]> but was:<...agereturn>Checksumis[]>]
org.junit.ComparisonFailure: expected:<...agereturn>Checksumis[X]> but was:<...agereturn>Checksumis[]>    at org.junit.Assert.assertEquals(Assert.java:115)
    at org.junit.Assert.assertEquals(Assert.java:144)
    at introclassJava.checksum_36d8008b_003WhiteboxTest.test8(checksum_36d8008b_003WhiteboxTest.java:86)
    at sun.reflect.NativeMethodAccessorImpl.invoke0(Native Method)
    at sun.reflect.NativeMethodAccessorImpl.invoke(NativeMethodAccessorImpl.java:62)
    at sun.reflect.DelegatingMethodAccessorImpl.invoke(DelegatingMethodAccessorImpl.java:43)

org.junit.ComparisonFailure: expected:<...agereturn>Checksumis[V]> but was:<...agereturn>Checksumis[]>
    at org.junit.Assert.assertEquals(Assert.java:115)
    at org.junit.Assert.assertEquals(Assert.java:144)
    at introclassJava.checksum_36d8008b_003WhiteboxTest.test7(checksum_36d8008b_003WhiteboxTest.java:77)
    at sun.reflect.NativeMethodAccessorImpl.invoke0(Native Method)
    at sun.reflect.NativeMethodAccessorImpl.invoke(NativeMethodAccessorImpl.java:62)
    at sun.reflect.DelegatingMethodAccessorImpl.invoke(DelegatingMethodAccessorImpl.java:43)
15:55:14.716 [pool-31-thread-1] INFO  f.i.l.c.t.SpecificationTestCasesListener - Tests run finished (1 ms)
<> Total tests run: 1
<> Ignored tests: 0
<> Failed tests: 1
~ test7(introclassJava.checksum_36d8008b_003WhiteboxTest)
[expected:<...agereturn>Checksumis[V]> but was:<...agereturn>Checksumis[]>]
org.junit.ComparisonFailure: expected:<...agereturn>Checksumis[V]> but was:<...agereturn>Checksumis[]>    at org.junit.Assert.assertEquals(Assert.java:115)
    at org.junit.Assert.assertEquals(Assert.java:144)
    at introclassJava.checksum_36d8008b_003WhiteboxTest.test7(checksum_36d8008b_003WhiteboxTest.java:77)
    at sun.reflect.NativeMethodAccessorImpl.invoke0(Native Method)
    at sun.reflect.NativeMethodAccessorImpl.invoke(NativeMethodAccessorImpl.java:62)
    at sun.reflect.DelegatingMethodAccessorImpl.invoke(DelegatingMethodAccessorImpl.java:43)

org.junit.ComparisonFailure: expected:<...agereturn>Checksumis[]]> but was:<...agereturn>Checksumis[]>
    at org.junit.Assert.assertEquals(Assert.java:115)
    at org.junit.Assert.assertEquals(Assert.java:144)
    at introclassJava.checksum_36d8008b_003WhiteboxTest.test1(checksum_36d8008b_003WhiteboxTest.java:14)
    at sun.reflect.NativeMethodAccessorImpl.invoke0(Native Method)
    at sun.reflect.NativeMethodAccessorImpl.invoke(NativeMethodAccessorImpl.java:62)
    at sun.reflect.DelegatingMethodAccessorImpl.invoke(DelegatingMethodAccessorImpl.java:43)
15:55:14.718 [pool-32-thread-1] INFO  f.i.l.c.t.SpecificationTestCasesListener - Tests run finished (1 ms)
<> Total tests run: 1
<> Ignored tests: 0
<> Failed tests: 1
~ test1(introclassJava.checksum_36d8008b_003WhiteboxTest)
[expected:<...agereturn>Checksumis[]]> but was:<...agereturn>Checksumis[]>]
org.junit.ComparisonFailure: expected:<...agereturn>Checksumis[]]> but was:<...agereturn>Checksumis[]>    at org.junit.Assert.assertEquals(Assert.java:115)
    at org.junit.Assert.assertEquals(Assert.java:144)
    at introclassJava.checksum_36d8008b_003WhiteboxTest.test1(checksum_36d8008b_003WhiteboxTest.java:14)
    at sun.reflect.NativeMethodAccessorImpl.invoke0(Native Method)
    at sun.reflect.NativeMethodAccessorImpl.invoke(NativeMethodAccessorImpl.java:62)
    at sun.reflect.DelegatingMethodAccessorImpl.invoke(DelegatingMethodAccessorImpl.java:43)

org.junit.ComparisonFailure: expected:<...agereturn>Checksumis[X]> but was:<...agereturn>Checksumis[]>
    at org.junit.Assert.assertEquals(Assert.java:115)
    at org.junit.Assert.assertEquals(Assert.java:144)
    at introclassJava.checksum_36d8008b_003WhiteboxTest.test8(checksum_36d8008b_003WhiteboxTest.java:86)
    at sun.reflect.NativeMethodAccessorImpl.invoke0(Native Method)
    at sun.reflect.NativeMethodAccessorImpl.invoke(NativeMethodAccessorImpl.java:62)
    at sun.reflect.DelegatingMethodAccessorImpl.invoke(DelegatingMethodAccessorImpl.java:43)
15:55:14.720 [pool-33-thread-1] INFO  f.i.l.c.t.SpecificationTestCasesListener - Tests run finished (1 ms)
<> Total tests run: 1
<> Ignored tests: 0
<> Failed tests: 1
~ test8(introclassJava.checksum_36d8008b_003WhiteboxTest)
[expected:<...agereturn>Checksumis[X]> but was:<...agereturn>Checksumis[]>]
org.junit.ComparisonFailure: expected:<...agereturn>Checksumis[X]> but was:<...agereturn>Checksumis[]>    at org.junit.Assert.assertEquals(Assert.java:115)
    at org.junit.Assert.assertEquals(Assert.java:144)
    at introclassJava.checksum_36d8008b_003WhiteboxTest.test8(checksum_36d8008b_003WhiteboxTest.java:86)
    at sun.reflect.NativeMethodAccessorImpl.invoke0(Native Method)
    at sun.reflect.NativeMethodAccessorImpl.invoke(NativeMethodAccessorImpl.java:62)
    at sun.reflect.DelegatingMethodAccessorImpl.invoke(DelegatingMethodAccessorImpl.java:43)

org.junit.ComparisonFailure: expected:<...agereturn>Checksumis[V]> but was:<...agereturn>Checksumis[]>
    at org.junit.Assert.assertEquals(Assert.java:115)
    at org.junit.Assert.assertEquals(Assert.java:144)
    at introclassJava.checksum_36d8008b_003WhiteboxTest.test7(checksum_36d8008b_003WhiteboxTest.java:77)
    at sun.reflect.NativeMethodAccessorImpl.invoke0(Native Method)
    at sun.reflect.NativeMethodAccessorImpl.invoke(NativeMethodAccessorImpl.java:62)
    at sun.reflect.DelegatingMethodAccessorImpl.invoke(DelegatingMethodAccessorImpl.java:43)
15:55:14.722 [pool-34-thread-1] INFO  f.i.l.c.t.SpecificationTestCasesListener - Tests run finished (1 ms)
<> Total tests run: 1
<> Ignored tests: 0
<> Failed tests: 1
~ test7(introclassJava.checksum_36d8008b_003WhiteboxTest)
[expected:<...agereturn>Checksumis[V]> but was:<...agereturn>Checksumis[]>]
org.junit.ComparisonFailure: expected:<...agereturn>Checksumis[V]> but was:<...agereturn>Checksumis[]>    at org.junit.Assert.assertEquals(Assert.java:115)
    at org.junit.Assert.assertEquals(Assert.java:144)
    at introclassJava.checksum_36d8008b_003WhiteboxTest.test7(checksum_36d8008b_003WhiteboxTest.java:77)
    at sun.reflect.NativeMethodAccessorImpl.invoke0(Native Method)
    at sun.reflect.NativeMethodAccessorImpl.invoke(NativeMethodAccessorImpl.java:62)
    at sun.reflect.DelegatingMethodAccessorImpl.invoke(DelegatingMethodAccessorImpl.java:43)

15:55:14.723 [pool-27-thread-1] DEBUG tests.output - Failing tests with false: 
[test1(introclassJava.checksum_36d8008b_003WhiteboxTest): expected:<...agereturn>Checksumis[]]> but was:<...agereturn>Checksumis[]>, test8(introclassJava.checksum_36d8008b_003WhiteboxTest): expected:<...agereturn>Checksumis[X]> but was:<...agereturn>Checksumis[]>, test7(introclassJava.checksum_36d8008b_003WhiteboxTest): expected:<...agereturn>Checksumis[V]> but was:<...agereturn>Checksumis[]>]
15:55:14.723 [pool-27-thread-1] DEBUG tests.output - Failing tests with true: 
[test1(introclassJava.checksum_36d8008b_003WhiteboxTest): expected:<...agereturn>Checksumis[]]> but was:<...agereturn>Checksumis[]>, test8(introclassJava.checksum_36d8008b_003WhiteboxTest): expected:<...agereturn>Checksumis[X]> but was:<...agereturn>Checksumis[]>, test7(introclassJava.checksum_36d8008b_003WhiteboxTest): expected:<...agereturn>Checksumis[V]> but was:<...agereturn>Checksumis[]>]
15:55:14.723 [pool-27-thread-1] INFO  f.i.l.r.n.synth.SMTNopolSynthesizer - Not enough specifications: 0. A trivial patch is "true" or "false", please write new tests specifying SourceLocation introclassJava.checksum_36d8008b_003:72.
15:55:14.723 [pool-2-thread-1] DEBUG fr.inria.lille.repair.nopol.NoPol - statement #5
15:55:14.723 [pool-2-thread-1] DEBUG fr.inria.lille.repair.nopol.NoPol - Analysing SourceLocation introclassJava.checksum_36d8008b_003:70 which is executed by 16 tests
-2093792494
15:55:14.766 [pool-2-thread-1] DEBUG fr.inria.lille.repair.nopol.NoPol - looking with class fr.inria.lille.repair.nopol.spoon.smt.ConditionalAdder
org.junit.ComparisonFailure: expected:<...agereturn>Checksumis[]]> but was:<...agereturn>Checksumis[]>
    at org.junit.Assert.assertEquals(Assert.java:115)
    at org.junit.Assert.assertEquals(Assert.java:144)
    at introclassJava.checksum_36d8008b_003WhiteboxTest.test1(checksum_36d8008b_003WhiteboxTest.java:14)
    at sun.reflect.NativeMethodAccessorImpl.invoke0(Native Method)
    at sun.reflect.NativeMethodAccessorImpl.invoke(NativeMethodAccessorImpl.java:62)
    at sun.reflect.DelegatingMethodAccessorImpl.invoke(DelegatingMethodAccessorImpl.java:43)
org.junit.ComparisonFailure: expected:<...agereturn>Checksumis[V]> but was:<...agereturn>Checksumis[]>
    at org.junit.Assert.assertEquals(Assert.java:115)
    at org.junit.Assert.assertEquals(Assert.java:144)
    at introclassJava.checksum_36d8008b_003WhiteboxTest.test7(checksum_36d8008b_003WhiteboxTest.java:77)
    at sun.reflect.NativeMethodAccessorImpl.invoke0(Native Method)
    at sun.reflect.NativeMethodAccessorImpl.invoke(NativeMethodAccessorImpl.java:62)
    at sun.reflect.DelegatingMethodAccessorImpl.invoke(DelegatingMethodAccessorImpl.java:43)
org.junit.ComparisonFailure: expected:<...agereturn>Checksumis[X]> but was:<...agereturn>Checksumis[]>
    at org.junit.Assert.assertEquals(Assert.java:115)
    at org.junit.Assert.assertEquals(Assert.java:144)
    at introclassJava.checksum_36d8008b_003WhiteboxTest.test8(checksum_36d8008b_003WhiteboxTest.java:86)
    at sun.reflect.NativeMethodAccessorImpl.invoke0(Native Method)
    at sun.reflect.NativeMethodAccessorImpl.invoke(NativeMethodAccessorImpl.java:62)
    at sun.reflect.DelegatingMethodAccessorImpl.invoke(DelegatingMethodAccessorImpl.java:43)
org.junit.ComparisonFailure: expected:<...agereturn>Checksumis[]]> but was:<...agereturn>Checksumis[]>
    at org.junit.Assert.assertEquals(Assert.java:115)
    at org.junit.Assert.assertEquals(Assert.java:144)
    at introclassJava.checksum_36d8008b_003WhiteboxTest.test1(checksum_36d8008b_003WhiteboxTest.java:14)
    at sun.reflect.NativeMethodAccessorImpl.invoke0(Native Method)
    at sun.reflect.NativeMethodAccessorImpl.invoke(NativeMethodAccessorImpl.java:62)
    at sun.reflect.DelegatingMethodAccessorImpl.invoke(DelegatingMethodAccessorImpl.java:43)
org.junit.ComparisonFailure: expected:<...agereturn>Checksumis[V]> but was:<...agereturn>Checksumis[]>
    at org.junit.Assert.assertEquals(Assert.java:115)
    at org.junit.Assert.assertEquals(Assert.java:144)
    at introclassJava.checksum_36d8008b_003WhiteboxTest.test7(checksum_36d8008b_003WhiteboxTest.java:77)
    at sun.reflect.NativeMethodAccessorImpl.invoke0(Native Method)
    at sun.reflect.NativeMethodAccessorImpl.invoke(NativeMethodAccessorImpl.java:62)
    at sun.reflect.DelegatingMethodAccessorImpl.invoke(DelegatingMethodAccessorImpl.java:43)
org.junit.ComparisonFailure: expected:<...agereturn>Checksumis[X]> but was:<...agereturn>Checksumis[]>
    at org.junit.Assert.assertEquals(Assert.java:115)
    at org.junit.Assert.assertEquals(Assert.java:144)
    at introclassJava.checksum_36d8008b_003WhiteboxTest.test8(checksum_36d8008b_003WhiteboxTest.java:86)
    at sun.reflect.NativeMethodAccessorImpl.invoke0(Native Method)
    at sun.reflect.NativeMethodAccessorImpl.invoke(NativeMethodAccessorImpl.java:62)
    at sun.reflect.DelegatingMethodAccessorImpl.invoke(DelegatingMethodAccessorImpl.java:43)
org.junit.ComparisonFailure: expected:<...agereturn>Checksumis[]]> but was:<...agereturn>Checksumis[]>
    at org.junit.Assert.assertEquals(Assert.java:115)
    at org.junit.Assert.assertEquals(Assert.java:144)
    at introclassJava.checksum_36d8008b_003WhiteboxTest.test1(checksum_36d8008b_003WhiteboxTest.java:14)
    at sun.reflect.NativeMethodAccessorImpl.invoke0(Native Method)
    at sun.reflect.NativeMethodAccessorImpl.invoke(NativeMethodAccessorImpl.java:62)
    at sun.reflect.DelegatingMethodAccessorImpl.invoke(DelegatingMethodAccessorImpl.java:43)
org.junit.ComparisonFailure: expected:<...agereturn>Checksumis[V]> but was:<...agereturn>Checksumis[]>
    at org.junit.Assert.assertEquals(Assert.java:115)
    at org.junit.Assert.assertEquals(Assert.java:144)
    at introclassJava.checksum_36d8008b_003WhiteboxTest.test7(checksum_36d8008b_003WhiteboxTest.java:77)
    at sun.reflect.NativeMethodAccessorImpl.invoke0(Native Method)
    at sun.reflect.NativeMethodAccessorImpl.invoke(NativeMethodAccessorImpl.java:62)
    at sun.reflect.DelegatingMethodAccessorImpl.invoke(DelegatingMethodAccessorImpl.java:43)
org.junit.ComparisonFailure: expected:<...agereturn>Checksumis[X]> but was:<...agereturn>Checksumis[]>
    at org.junit.Assert.assertEquals(Assert.java:115)
    at org.junit.Assert.assertEquals(Assert.java:144)
    at introclassJava.checksum_36d8008b_003WhiteboxTest.test8(checksum_36d8008b_003WhiteboxTest.java:86)
    at sun.reflect.NativeMethodAccessorImpl.invoke0(Native Method)
    at sun.reflect.NativeMethodAccessorImpl.invoke(NativeMethodAccessorImpl.java:62)
    at sun.reflect.DelegatingMethodAccessorImpl.invoke(DelegatingMethodAccessorImpl.java:43)
15:55:14.783 [pool-36-thread-1] INFO  xxl.java.junit.TestCasesListener - Tests run finished (13 ms)
<> Total tests run: 30
<> Ignored tests: 0
<> Failed tests: 9
~ test1(introclassJava.checksum_36d8008b_003WhiteboxTest)
[expected:<...agereturn>Checksumis[]]> but was:<...agereturn>Checksumis[]>]
org.junit.ComparisonFailure: expected:<...agereturn>Checksumis[]]> but was:<...agereturn>Checksumis[]>    at org.junit.Assert.assertEquals(Assert.java:115)
    at org.junit.Assert.assertEquals(Assert.java:144)
    at introclassJava.checksum_36d8008b_003WhiteboxTest.test1(checksum_36d8008b_003WhiteboxTest.java:14)
    at sun.reflect.NativeMethodAccessorImpl.invoke0(Native Method)
    at sun.reflect.NativeMethodAccessorImpl.invoke(NativeMethodAccessorImpl.java:62)
    at sun.reflect.DelegatingMethodAccessorImpl.invoke(DelegatingMethodAccessorImpl.java:43)
~ test7(introclassJava.checksum_36d8008b_003WhiteboxTest)
[expected:<...agereturn>Checksumis[V]> but was:<...agereturn>Checksumis[]>]
org.junit.ComparisonFailure: expected:<...agereturn>Checksumis[V]> but was:<...agereturn>Checksumis[]>    at org.junit.Assert.assertEquals(Assert.java:115)
    at org.junit.Assert.assertEquals(Assert.java:144)
    at introclassJava.checksum_36d8008b_003WhiteboxTest.test7(checksum_36d8008b_003WhiteboxTest.java:77)
    at sun.reflect.NativeMethodAccessorImpl.invoke0(Native Method)
    at sun.reflect.NativeMethodAccessorImpl.invoke(NativeMethodAccessorImpl.java:62)
    at sun.reflect.DelegatingMethodAccessorImpl.invoke(DelegatingMethodAccessorImpl.java:43)
~ test8(introclassJava.checksum_36d8008b_003WhiteboxTest)
[expected:<...agereturn>Checksumis[X]> but was:<...agereturn>Checksumis[]>]
org.junit.ComparisonFailure: expected:<...agereturn>Checksumis[X]> but was:<...agereturn>Checksumis[]>    at org.junit.Assert.assertEquals(Assert.java:115)
    at org.junit.Assert.assertEquals(Assert.java:144)
    at introclassJava.checksum_36d8008b_003WhiteboxTest.test8(checksum_36d8008b_003WhiteboxTest.java:86)
    at sun.reflect.NativeMethodAccessorImpl.invoke0(Native Method)
    at sun.reflect.NativeMethodAccessorImpl.invoke(NativeMethodAccessorImpl.java:62)
    at sun.reflect.DelegatingMethodAccessorImpl.invoke(DelegatingMethodAccessorImpl.java:43)
~ test1(introclassJava.checksum_36d8008b_003WhiteboxTest)
[expected:<...agereturn>Checksumis[]]> but was:<...agereturn>Checksumis[]>]
org.junit.ComparisonFailure: expected:<...agereturn>Checksumis[]]> but was:<...agereturn>Checksumis[]>    at org.junit.Assert.assertEquals(Assert.java:115)
    at org.junit.Assert.assertEquals(Assert.java:144)
    at introclassJava.checksum_36d8008b_003WhiteboxTest.test1(checksum_36d8008b_003WhiteboxTest.java:14)
    at sun.reflect.NativeMethodAccessorImpl.invoke0(Native Method)
    at sun.reflect.NativeMethodAccessorImpl.invoke(NativeMethodAccessorImpl.java:62)
    at sun.reflect.DelegatingMethodAccessorImpl.invoke(DelegatingMethodAccessorImpl.java:43)
~ test7(introclassJava.checksum_36d8008b_003WhiteboxTest)
[expected:<...agereturn>Checksumis[V]> but was:<...agereturn>Checksumis[]>]
org.junit.ComparisonFailure: expected:<...agereturn>Checksumis[V]> but was:<...agereturn>Checksumis[]>    at org.junit.Assert.assertEquals(Assert.java:115)
    at org.junit.Assert.assertEquals(Assert.java:144)
    at introclassJava.checksum_36d8008b_003WhiteboxTest.test7(checksum_36d8008b_003WhiteboxTest.java:77)
    at sun.reflect.NativeMethodAccessorImpl.invoke0(Native Method)
    at sun.reflect.NativeMethodAccessorImpl.invoke(NativeMethodAccessorImpl.java:62)
    at sun.reflect.DelegatingMethodAccessorImpl.invoke(DelegatingMethodAccessorImpl.java:43)
~ test8(introclassJava.checksum_36d8008b_003WhiteboxTest)
[expected:<...agereturn>Checksumis[X]> but was:<...agereturn>Checksumis[]>]
org.junit.ComparisonFailure: expected:<...agereturn>Checksumis[X]> but was:<...agereturn>Checksumis[]>    at org.junit.Assert.assertEquals(Assert.java:115)
    at org.junit.Assert.assertEquals(Assert.java:144)
    at introclassJava.checksum_36d8008b_003WhiteboxTest.test8(checksum_36d8008b_003WhiteboxTest.java:86)
    at sun.reflect.NativeMethodAccessorImpl.invoke0(Native Method)
    at sun.reflect.NativeMethodAccessorImpl.invoke(NativeMethodAccessorImpl.java:62)
    at sun.reflect.DelegatingMethodAccessorImpl.invoke(DelegatingMethodAccessorImpl.java:43)
~ test1(introclassJava.checksum_36d8008b_003WhiteboxTest)
[expected:<...agereturn>Checksumis[]]> but was:<...agereturn>Checksumis[]>]
org.junit.ComparisonFailure: expected:<...agereturn>Checksumis[]]> but was:<...agereturn>Checksumis[]>    at org.junit.Assert.assertEquals(Assert.java:115)
    at org.junit.Assert.assertEquals(Assert.java:144)
    at introclassJava.checksum_36d8008b_003WhiteboxTest.test1(checksum_36d8008b_003WhiteboxTest.java:14)
    at sun.reflect.NativeMethodAccessorImpl.invoke0(Native Method)
    at sun.reflect.NativeMethodAccessorImpl.invoke(NativeMethodAccessorImpl.java:62)
    at sun.reflect.DelegatingMethodAccessorImpl.invoke(DelegatingMethodAccessorImpl.java:43)
~ test7(introclassJava.checksum_36d8008b_003WhiteboxTest)
[expected:<...agereturn>Checksumis[V]> but was:<...agereturn>Checksumis[]>]
org.junit.ComparisonFailure: expected:<...agereturn>Checksumis[V]> but was:<...agereturn>Checksumis[]>    at org.junit.Assert.assertEquals(Assert.java:115)
    at org.junit.Assert.assertEquals(Assert.java:144)
    at introclassJava.checksum_36d8008b_003WhiteboxTest.test7(checksum_36d8008b_003WhiteboxTest.java:77)
    at sun.reflect.NativeMethodAccessorImpl.invoke0(Native Method)
    at sun.reflect.NativeMethodAccessorImpl.invoke(NativeMethodAccessorImpl.java:62)
    at sun.reflect.DelegatingMethodAccessorImpl.invoke(DelegatingMethodAccessorImpl.java:43)
~ test8(introclassJava.checksum_36d8008b_003WhiteboxTest)
[expected:<...agereturn>Checksumis[X]> but was:<...agereturn>Checksumis[]>]
org.junit.ComparisonFailure: expected:<...agereturn>Checksumis[X]> but was:<...agereturn>Checksumis[]>    at org.junit.Assert.assertEquals(Assert.java:115)
    at org.junit.Assert.assertEquals(Assert.java:144)
    at introclassJava.checksum_36d8008b_003WhiteboxTest.test8(checksum_36d8008b_003WhiteboxTest.java:86)
    at sun.reflect.NativeMethodAccessorImpl.invoke0(Native Method)
    at sun.reflect.NativeMethodAccessorImpl.invoke(NativeMethodAccessorImpl.java:62)
    at sun.reflect.DelegatingMethodAccessorImpl.invoke(DelegatingMethodAccessorImpl.java:43)

java.lang.Exception: test timed out after 1000 milliseconds
    at java.lang.String.intern(Native Method)
    at fr.inria.lille.commons.trace.collector.ValueCollector.collectWith(ValueCollector.java:31)
    at fr.inria.lille.commons.trace.collector.ValueCollector.collectFrom(ValueCollector.java:21)
    at fr.inria.lille.commons.trace.RuntimeValues.collectInput(RuntimeValues.java:89)
    at introclassJava.checksum_36d8008b_003.exec(checksum_36d8008b_003.java:36)
    at introclassJava.checksum_36d8008b_003WhiteboxTest.test1(checksum_36d8008b_003WhiteboxTest.java:12)
15:55:15.879 [pool-37-thread-1] INFO  f.i.l.c.t.SpecificationTestCasesListener - Tests run finished (1004 ms)
<> Total tests run: 1
<> Ignored tests: 0
<> Failed tests: 1
~ test1(introclassJava.checksum_36d8008b_003WhiteboxTest)
[test timed out after 1000 milliseconds]
java.lang.Exception: test timed out after 1000 milliseconds    at java.lang.String.intern(Native Method)
    at fr.inria.lille.commons.trace.collector.ValueCollector.collectWith(ValueCollector.java:31)
    at fr.inria.lille.commons.trace.collector.ValueCollector.collectFrom(ValueCollector.java:21)
    at fr.inria.lille.commons.trace.RuntimeValues.collectInput(RuntimeValues.java:89)
    at introclassJava.checksum_36d8008b_003.exec(checksum_36d8008b_003.java:36)
    at introclassJava.checksum_36d8008b_003WhiteboxTest.test1(checksum_36d8008b_003WhiteboxTest.java:12)

java.lang.Exception: test timed out after 1000 milliseconds
    at introclassJava.checksum_36d8008b_003.exec(checksum_36d8008b_003.java:26)
    at introclassJava.checksum_36d8008b_003WhiteboxTest.test8(checksum_36d8008b_003WhiteboxTest.java:84)
    at sun.reflect.NativeMethodAccessorImpl.invoke0(Native Method)
    at sun.reflect.NativeMethodAccessorImpl.invoke(NativeMethodAccessorImpl.java:62)
    at sun.reflect.DelegatingMethodAccessorImpl.invoke(DelegatingMethodAccessorImpl.java:43)
    at java.lang.reflect.Method.invoke(Method.java:498)
15:55:16.895 [pool-38-thread-1] INFO  f.i.l.c.t.SpecificationTestCasesListener - Tests run finished (1011 ms)
<> Total tests run: 1
<> Ignored tests: 0
<> Failed tests: 1
~ test8(introclassJava.checksum_36d8008b_003WhiteboxTest)
[test timed out after 1000 milliseconds]
java.lang.Exception: test timed out after 1000 milliseconds    at introclassJava.checksum_36d8008b_003.exec(checksum_36d8008b_003.java:26)
    at introclassJava.checksum_36d8008b_003WhiteboxTest.test8(checksum_36d8008b_003WhiteboxTest.java:84)
    at sun.reflect.NativeMethodAccessorImpl.invoke0(Native Method)
    at sun.reflect.NativeMethodAccessorImpl.invoke(NativeMethodAccessorImpl.java:62)
    at sun.reflect.DelegatingMethodAccessorImpl.invoke(DelegatingMethodAccessorImpl.java:43)
    at java.lang.reflect.Method.invoke(Method.java:498)

java.lang.Exception: test timed out after 1000 milliseconds
    at xxl.java.support.Lockable.release(Lockable.java:30)
    at xxl.java.support.GlobalToggle.releaseToggle(GlobalToggle.java:71)
    at fr.inria.lille.commons.trace.RuntimeValues.collectionEnds(RuntimeValues.java:127)
    at introclassJava.checksum_36d8008b_003.exec(checksum_36d8008b_003.java:41)
    at introclassJava.checksum_36d8008b_003WhiteboxTest.test7(checksum_36d8008b_003WhiteboxTest.java:75)
    at sun.reflect.NativeMethodAccessorImpl.invoke0(Native Method)
15:55:17.904 [pool-39-thread-1] INFO  f.i.l.c.t.SpecificationTestCasesListener - Tests run finished (1007 ms)
<> Total tests run: 1
<> Ignored tests: 0
<> Failed tests: 1
~ test7(introclassJava.checksum_36d8008b_003WhiteboxTest)
[test timed out after 1000 milliseconds]
java.lang.Exception: test timed out after 1000 milliseconds    at xxl.java.support.Lockable.release(Lockable.java:30)
    at xxl.java.support.GlobalToggle.releaseToggle(GlobalToggle.java:71)
    at fr.inria.lille.commons.trace.RuntimeValues.collectionEnds(RuntimeValues.java:127)
    at introclassJava.checksum_36d8008b_003.exec(checksum_36d8008b_003.java:41)
    at introclassJava.checksum_36d8008b_003WhiteboxTest.test7(checksum_36d8008b_003WhiteboxTest.java:75)
    at sun.reflect.NativeMethodAccessorImpl.invoke0(Native Method)

org.junit.ComparisonFailure: expected:<...agereturn>Checksumis[]]> but was:<...agereturn>Checksumis[]>
    at org.junit.Assert.assertEquals(Assert.java:115)
    at org.junit.Assert.assertEquals(Assert.java:144)
    at introclassJava.checksum_36d8008b_003WhiteboxTest.test1(checksum_36d8008b_003WhiteboxTest.java:14)
    at sun.reflect.NativeMethodAccessorImpl.invoke0(Native Method)
    at sun.reflect.NativeMethodAccessorImpl.invoke(NativeMethodAccessorImpl.java:62)
    at sun.reflect.DelegatingMethodAccessorImpl.invoke(DelegatingMethodAccessorImpl.java:43)
15:55:17.921 [pool-40-thread-1] INFO  f.i.l.c.t.SpecificationTestCasesListener - Tests run finished (15 ms)
<> Total tests run: 1
<> Ignored tests: 0
<> Failed tests: 1
~ test1(introclassJava.checksum_36d8008b_003WhiteboxTest)
[expected:<...agereturn>Checksumis[]]> but was:<...agereturn>Checksumis[]>]
org.junit.ComparisonFailure: expected:<...agereturn>Checksumis[]]> but was:<...agereturn>Checksumis[]>    at org.junit.Assert.assertEquals(Assert.java:115)
    at org.junit.Assert.assertEquals(Assert.java:144)
    at introclassJava.checksum_36d8008b_003WhiteboxTest.test1(checksum_36d8008b_003WhiteboxTest.java:14)
    at sun.reflect.NativeMethodAccessorImpl.invoke0(Native Method)
    at sun.reflect.NativeMethodAccessorImpl.invoke(NativeMethodAccessorImpl.java:62)
    at sun.reflect.DelegatingMethodAccessorImpl.invoke(DelegatingMethodAccessorImpl.java:43)

org.junit.ComparisonFailure: expected:<...agereturn>Checksumis[X]> but was:<...agereturn>Checksumis[]>
    at org.junit.Assert.assertEquals(Assert.java:115)
    at org.junit.Assert.assertEquals(Assert.java:144)
    at introclassJava.checksum_36d8008b_003WhiteboxTest.test8(checksum_36d8008b_003WhiteboxTest.java:86)
    at sun.reflect.NativeMethodAccessorImpl.invoke0(Native Method)
    at sun.reflect.NativeMethodAccessorImpl.invoke(NativeMethodAccessorImpl.java:62)
    at sun.reflect.DelegatingMethodAccessorImpl.invoke(DelegatingMethodAccessorImpl.java:43)
15:55:17.922 [pool-41-thread-1] INFO  f.i.l.c.t.SpecificationTestCasesListener - Tests run finished (1 ms)
<> Total tests run: 1
<> Ignored tests: 0
<> Failed tests: 1
~ test8(introclassJava.checksum_36d8008b_003WhiteboxTest)
[expected:<...agereturn>Checksumis[X]> but was:<...agereturn>Checksumis[]>]
org.junit.ComparisonFailure: expected:<...agereturn>Checksumis[X]> but was:<...agereturn>Checksumis[]>    at org.junit.Assert.assertEquals(Assert.java:115)
    at org.junit.Assert.assertEquals(Assert.java:144)
    at introclassJava.checksum_36d8008b_003WhiteboxTest.test8(checksum_36d8008b_003WhiteboxTest.java:86)
    at sun.reflect.NativeMethodAccessorImpl.invoke0(Native Method)
    at sun.reflect.NativeMethodAccessorImpl.invoke(NativeMethodAccessorImpl.java:62)
    at sun.reflect.DelegatingMethodAccessorImpl.invoke(DelegatingMethodAccessorImpl.java:43)

org.junit.ComparisonFailure: expected:<...agereturn>Checksumis[V]> but was:<...agereturn>Checksumis[]>
    at org.junit.Assert.assertEquals(Assert.java:115)
    at org.junit.Assert.assertEquals(Assert.java:144)
    at introclassJava.checksum_36d8008b_003WhiteboxTest.test7(checksum_36d8008b_003WhiteboxTest.java:77)
    at sun.reflect.NativeMethodAccessorImpl.invoke0(Native Method)
    at sun.reflect.NativeMethodAccessorImpl.invoke(NativeMethodAccessorImpl.java:62)
    at sun.reflect.DelegatingMethodAccessorImpl.invoke(DelegatingMethodAccessorImpl.java:43)
15:55:17.924 [pool-42-thread-1] INFO  f.i.l.c.t.SpecificationTestCasesListener - Tests run finished (1 ms)
<> Total tests run: 1
<> Ignored tests: 0
<> Failed tests: 1
~ test7(introclassJava.checksum_36d8008b_003WhiteboxTest)
[expected:<...agereturn>Checksumis[V]> but was:<...agereturn>Checksumis[]>]
org.junit.ComparisonFailure: expected:<...agereturn>Checksumis[V]> but was:<...agereturn>Checksumis[]>    at org.junit.Assert.assertEquals(Assert.java:115)
    at org.junit.Assert.assertEquals(Assert.java:144)
    at introclassJava.checksum_36d8008b_003WhiteboxTest.test7(checksum_36d8008b_003WhiteboxTest.java:77)
    at sun.reflect.NativeMethodAccessorImpl.invoke0(Native Method)
    at sun.reflect.NativeMethodAccessorImpl.invoke(NativeMethodAccessorImpl.java:62)
    at sun.reflect.DelegatingMethodAccessorImpl.invoke(DelegatingMethodAccessorImpl.java:43)

15:55:17.924 [pool-35-thread-1] DEBUG tests.output - Failing tests with false: 
[test1(introclassJava.checksum_36d8008b_003WhiteboxTest): test timed out after 1000 milliseconds, test8(introclassJava.checksum_36d8008b_003WhiteboxTest): test timed out after 1000 milliseconds, test7(introclassJava.checksum_36d8008b_003WhiteboxTest): test timed out after 1000 milliseconds]
15:55:17.924 [pool-35-thread-1] DEBUG tests.output - Failing tests with true: 
[test1(introclassJava.checksum_36d8008b_003WhiteboxTest): expected:<...agereturn>Checksumis[]]> but was:<...agereturn>Checksumis[]>, test8(introclassJava.checksum_36d8008b_003WhiteboxTest): expected:<...agereturn>Checksumis[X]> but was:<...agereturn>Checksumis[]>, test7(introclassJava.checksum_36d8008b_003WhiteboxTest): expected:<...agereturn>Checksumis[V]> but was:<...agereturn>Checksumis[]>]
15:55:17.924 [pool-35-thread-1] INFO  f.i.l.r.n.synth.SMTNopolSynthesizer - Not enough specifications: 0. A trivial patch is "true" or "false", please write new tests specifying SourceLocation introclassJava.checksum_36d8008b_003:70.
15:55:17.924 [pool-2-thread-1] DEBUG fr.inria.lille.repair.nopol.NoPol - statement #6
15:55:17.925 [pool-2-thread-1] DEBUG fr.inria.lille.repair.nopol.NoPol - Analysing SourceLocation introclassJava.checksum_36d8008b_003:71 which is executed by 16 tests
-2093792494
15:55:17.971 [pool-2-thread-1] DEBUG fr.inria.lille.repair.nopol.NoPol - statement #7
15:55:17.971 [pool-2-thread-1] DEBUG fr.inria.lille.repair.nopol.NoPol - Analysing SourceLocation introclassJava.checksum_36d8008b_003:68 which is executed by 16 tests
-2093792494
15:55:18.015 [pool-2-thread-1] DEBUG fr.inria.lille.repair.nopol.NoPol - looking with class fr.inria.lille.repair.nopol.spoon.smt.ConditionalAdder
org.junit.ComparisonFailure: expected:<...agereturn>Checksumis[]]> but was:<...agereturn>Checksumis[]>
    at org.junit.Assert.assertEquals(Assert.java:115)
    at org.junit.Assert.assertEquals(Assert.java:144)
    at introclassJava.checksum_36d8008b_003WhiteboxTest.test1(checksum_36d8008b_003WhiteboxTest.java:14)
    at sun.reflect.NativeMethodAccessorImpl.invoke0(Native Method)
    at sun.reflect.NativeMethodAccessorImpl.invoke(NativeMethodAccessorImpl.java:62)
    at sun.reflect.DelegatingMethodAccessorImpl.invoke(DelegatingMethodAccessorImpl.java:43)
org.junit.ComparisonFailure: expected:<...agereturn>Checksumis[V]> but was:<...agereturn>Checksumis[]>
    at org.junit.Assert.assertEquals(Assert.java:115)
    at org.junit.Assert.assertEquals(Assert.java:144)
    at introclassJava.checksum_36d8008b_003WhiteboxTest.test7(checksum_36d8008b_003WhiteboxTest.java:77)
    at sun.reflect.NativeMethodAccessorImpl.invoke0(Native Method)
    at sun.reflect.NativeMethodAccessorImpl.invoke(NativeMethodAccessorImpl.java:62)
    at sun.reflect.DelegatingMethodAccessorImpl.invoke(DelegatingMethodAccessorImpl.java:43)
org.junit.ComparisonFailure: expected:<...agereturn>Checksumis[X]> but was:<...agereturn>Checksumis[]>
    at org.junit.Assert.assertEquals(Assert.java:115)
    at org.junit.Assert.assertEquals(Assert.java:144)
    at introclassJava.checksum_36d8008b_003WhiteboxTest.test8(checksum_36d8008b_003WhiteboxTest.java:86)
    at sun.reflect.NativeMethodAccessorImpl.invoke0(Native Method)
    at sun.reflect.NativeMethodAccessorImpl.invoke(NativeMethodAccessorImpl.java:62)
    at sun.reflect.DelegatingMethodAccessorImpl.invoke(DelegatingMethodAccessorImpl.java:43)
org.junit.ComparisonFailure: expected:<...agereturn>Checksumis[]]> but was:<...agereturn>Checksumis[]>
    at org.junit.Assert.assertEquals(Assert.java:115)
    at org.junit.Assert.assertEquals(Assert.java:144)
    at introclassJava.checksum_36d8008b_003WhiteboxTest.test1(checksum_36d8008b_003WhiteboxTest.java:14)
    at sun.reflect.NativeMethodAccessorImpl.invoke0(Native Method)
    at sun.reflect.NativeMethodAccessorImpl.invoke(NativeMethodAccessorImpl.java:62)
    at sun.reflect.DelegatingMethodAccessorImpl.invoke(DelegatingMethodAccessorImpl.java:43)
org.junit.ComparisonFailure: expected:<...agereturn>Checksumis[V]> but was:<...agereturn>Checksumis[]>
    at org.junit.Assert.assertEquals(Assert.java:115)
    at org.junit.Assert.assertEquals(Assert.java:144)
    at introclassJava.checksum_36d8008b_003WhiteboxTest.test7(checksum_36d8008b_003WhiteboxTest.java:77)
    at sun.reflect.NativeMethodAccessorImpl.invoke0(Native Method)
    at sun.reflect.NativeMethodAccessorImpl.invoke(NativeMethodAccessorImpl.java:62)
    at sun.reflect.DelegatingMethodAccessorImpl.invoke(DelegatingMethodAccessorImpl.java:43)
org.junit.ComparisonFailure: expected:<...agereturn>Checksumis[X]> but was:<...agereturn>Checksumis[]>
    at org.junit.Assert.assertEquals(Assert.java:115)
    at org.junit.Assert.assertEquals(Assert.java:144)
    at introclassJava.checksum_36d8008b_003WhiteboxTest.test8(checksum_36d8008b_003WhiteboxTest.java:86)
    at sun.reflect.NativeMethodAccessorImpl.invoke0(Native Method)
    at sun.reflect.NativeMethodAccessorImpl.invoke(NativeMethodAccessorImpl.java:62)
    at sun.reflect.DelegatingMethodAccessorImpl.invoke(DelegatingMethodAccessorImpl.java:43)
org.junit.ComparisonFailure: expected:<...agereturn>Checksumis[]]> but was:<...agereturn>Checksumis[]>
    at org.junit.Assert.assertEquals(Assert.java:115)
    at org.junit.Assert.assertEquals(Assert.java:144)
    at introclassJava.checksum_36d8008b_003WhiteboxTest.test1(checksum_36d8008b_003WhiteboxTest.java:14)
    at sun.reflect.NativeMethodAccessorImpl.invoke0(Native Method)
    at sun.reflect.NativeMethodAccessorImpl.invoke(NativeMethodAccessorImpl.java:62)
    at sun.reflect.DelegatingMethodAccessorImpl.invoke(DelegatingMethodAccessorImpl.java:43)
org.junit.ComparisonFailure: expected:<...agereturn>Checksumis[V]> but was:<...agereturn>Checksumis[]>
    at org.junit.Assert.assertEquals(Assert.java:115)
    at org.junit.Assert.assertEquals(Assert.java:144)
    at introclassJava.checksum_36d8008b_003WhiteboxTest.test7(checksum_36d8008b_003WhiteboxTest.java:77)
    at sun.reflect.NativeMethodAccessorImpl.invoke0(Native Method)
    at sun.reflect.NativeMethodAccessorImpl.invoke(NativeMethodAccessorImpl.java:62)
    at sun.reflect.DelegatingMethodAccessorImpl.invoke(DelegatingMethodAccessorImpl.java:43)
org.junit.ComparisonFailure: expected:<...agereturn>Checksumis[X]> but was:<...agereturn>Checksumis[]>
    at org.junit.Assert.assertEquals(Assert.java:115)
    at org.junit.Assert.assertEquals(Assert.java:144)
    at introclassJava.checksum_36d8008b_003WhiteboxTest.test8(checksum_36d8008b_003WhiteboxTest.java:86)
    at sun.reflect.NativeMethodAccessorImpl.invoke0(Native Method)
    at sun.reflect.NativeMethodAccessorImpl.invoke(NativeMethodAccessorImpl.java:62)
    at sun.reflect.DelegatingMethodAccessorImpl.invoke(DelegatingMethodAccessorImpl.java:43)
15:55:18.033 [pool-44-thread-1] INFO  xxl.java.junit.TestCasesListener - Tests run finished (15 ms)
<> Total tests run: 30
<> Ignored tests: 0
<> Failed tests: 9
~ test1(introclassJava.checksum_36d8008b_003WhiteboxTest)
[expected:<...agereturn>Checksumis[]]> but was:<...agereturn>Checksumis[]>]
org.junit.ComparisonFailure: expected:<...agereturn>Checksumis[]]> but was:<...agereturn>Checksumis[]>    at org.junit.Assert.assertEquals(Assert.java:115)
    at org.junit.Assert.assertEquals(Assert.java:144)
    at introclassJava.checksum_36d8008b_003WhiteboxTest.test1(checksum_36d8008b_003WhiteboxTest.java:14)
    at sun.reflect.NativeMethodAccessorImpl.invoke0(Native Method)
    at sun.reflect.NativeMethodAccessorImpl.invoke(NativeMethodAccessorImpl.java:62)
    at sun.reflect.DelegatingMethodAccessorImpl.invoke(DelegatingMethodAccessorImpl.java:43)
~ test7(introclassJava.checksum_36d8008b_003WhiteboxTest)
[expected:<...agereturn>Checksumis[V]> but was:<...agereturn>Checksumis[]>]
org.junit.ComparisonFailure: expected:<...agereturn>Checksumis[V]> but was:<...agereturn>Checksumis[]>    at org.junit.Assert.assertEquals(Assert.java:115)
    at org.junit.Assert.assertEquals(Assert.java:144)
    at introclassJava.checksum_36d8008b_003WhiteboxTest.test7(checksum_36d8008b_003WhiteboxTest.java:77)
    at sun.reflect.NativeMethodAccessorImpl.invoke0(Native Method)
    at sun.reflect.NativeMethodAccessorImpl.invoke(NativeMethodAccessorImpl.java:62)
    at sun.reflect.DelegatingMethodAccessorImpl.invoke(DelegatingMethodAccessorImpl.java:43)
~ test8(introclassJava.checksum_36d8008b_003WhiteboxTest)
[expected:<...agereturn>Checksumis[X]> but was:<...agereturn>Checksumis[]>]
org.junit.ComparisonFailure: expected:<...agereturn>Checksumis[X]> but was:<...agereturn>Checksumis[]>    at org.junit.Assert.assertEquals(Assert.java:115)
    at org.junit.Assert.assertEquals(Assert.java:144)
    at introclassJava.checksum_36d8008b_003WhiteboxTest.test8(checksum_36d8008b_003WhiteboxTest.java:86)
    at sun.reflect.NativeMethodAccessorImpl.invoke0(Native Method)
    at sun.reflect.NativeMethodAccessorImpl.invoke(NativeMethodAccessorImpl.java:62)
    at sun.reflect.DelegatingMethodAccessorImpl.invoke(DelegatingMethodAccessorImpl.java:43)
~ test1(introclassJava.checksum_36d8008b_003WhiteboxTest)
[expected:<...agereturn>Checksumis[]]> but was:<...agereturn>Checksumis[]>]
org.junit.ComparisonFailure: expected:<...agereturn>Checksumis[]]> but was:<...agereturn>Checksumis[]>    at org.junit.Assert.assertEquals(Assert.java:115)
    at org.junit.Assert.assertEquals(Assert.java:144)
    at introclassJava.checksum_36d8008b_003WhiteboxTest.test1(checksum_36d8008b_003WhiteboxTest.java:14)
    at sun.reflect.NativeMethodAccessorImpl.invoke0(Native Method)
    at sun.reflect.NativeMethodAccessorImpl.invoke(NativeMethodAccessorImpl.java:62)
    at sun.reflect.DelegatingMethodAccessorImpl.invoke(DelegatingMethodAccessorImpl.java:43)
~ test7(introclassJava.checksum_36d8008b_003WhiteboxTest)
[expected:<...agereturn>Checksumis[V]> but was:<...agereturn>Checksumis[]>]
org.junit.ComparisonFailure: expected:<...agereturn>Checksumis[V]> but was:<...agereturn>Checksumis[]>    at org.junit.Assert.assertEquals(Assert.java:115)
    at org.junit.Assert.assertEquals(Assert.java:144)
    at introclassJava.checksum_36d8008b_003WhiteboxTest.test7(checksum_36d8008b_003WhiteboxTest.java:77)
    at sun.reflect.NativeMethodAccessorImpl.invoke0(Native Method)
    at sun.reflect.NativeMethodAccessorImpl.invoke(NativeMethodAccessorImpl.java:62)
    at sun.reflect.DelegatingMethodAccessorImpl.invoke(DelegatingMethodAccessorImpl.java:43)
~ test8(introclassJava.checksum_36d8008b_003WhiteboxTest)
[expected:<...agereturn>Checksumis[X]> but was:<...agereturn>Checksumis[]>]
org.junit.ComparisonFailure: expected:<...agereturn>Checksumis[X]> but was:<...agereturn>Checksumis[]>    at org.junit.Assert.assertEquals(Assert.java:115)
    at org.junit.Assert.assertEquals(Assert.java:144)
    at introclassJava.checksum_36d8008b_003WhiteboxTest.test8(checksum_36d8008b_003WhiteboxTest.java:86)
    at sun.reflect.NativeMethodAccessorImpl.invoke0(Native Method)
    at sun.reflect.NativeMethodAccessorImpl.invoke(NativeMethodAccessorImpl.java:62)
    at sun.reflect.DelegatingMethodAccessorImpl.invoke(DelegatingMethodAccessorImpl.java:43)
~ test1(introclassJava.checksum_36d8008b_003WhiteboxTest)
[expected:<...agereturn>Checksumis[]]> but was:<...agereturn>Checksumis[]>]
org.junit.ComparisonFailure: expected:<...agereturn>Checksumis[]]> but was:<...agereturn>Checksumis[]>    at org.junit.Assert.assertEquals(Assert.java:115)
    at org.junit.Assert.assertEquals(Assert.java:144)
    at introclassJava.checksum_36d8008b_003WhiteboxTest.test1(checksum_36d8008b_003WhiteboxTest.java:14)
    at sun.reflect.NativeMethodAccessorImpl.invoke0(Native Method)
    at sun.reflect.NativeMethodAccessorImpl.invoke(NativeMethodAccessorImpl.java:62)
    at sun.reflect.DelegatingMethodAccessorImpl.invoke(DelegatingMethodAccessorImpl.java:43)
~ test7(introclassJava.checksum_36d8008b_003WhiteboxTest)
[expected:<...agereturn>Checksumis[V]> but was:<...agereturn>Checksumis[]>]
org.junit.ComparisonFailure: expected:<...agereturn>Checksumis[V]> but was:<...agereturn>Checksumis[]>    at org.junit.Assert.assertEquals(Assert.java:115)
    at org.junit.Assert.assertEquals(Assert.java:144)
    at introclassJava.checksum_36d8008b_003WhiteboxTest.test7(checksum_36d8008b_003WhiteboxTest.java:77)
    at sun.reflect.NativeMethodAccessorImpl.invoke0(Native Method)
    at sun.reflect.NativeMethodAccessorImpl.invoke(NativeMethodAccessorImpl.java:62)
    at sun.reflect.DelegatingMethodAccessorImpl.invoke(DelegatingMethodAccessorImpl.java:43)
~ test8(introclassJava.checksum_36d8008b_003WhiteboxTest)
[expected:<...agereturn>Checksumis[X]> but was:<...agereturn>Checksumis[]>]
org.junit.ComparisonFailure: expected:<...agereturn>Checksumis[X]> but was:<...agereturn>Checksumis[]>    at org.junit.Assert.assertEquals(Assert.java:115)
    at org.junit.Assert.assertEquals(Assert.java:144)
    at introclassJava.checksum_36d8008b_003WhiteboxTest.test8(checksum_36d8008b_003WhiteboxTest.java:86)
    at sun.reflect.NativeMethodAccessorImpl.invoke0(Native Method)
    at sun.reflect.NativeMethodAccessorImpl.invoke(NativeMethodAccessorImpl.java:62)
    at sun.reflect.DelegatingMethodAccessorImpl.invoke(DelegatingMethodAccessorImpl.java:43)

java.lang.Exception: test timed out after 1000 milliseconds
    at java.lang.String.intern(Native Method)
    at fr.inria.lille.commons.trace.collector.ValueCollector.collectWith(ValueCollector.java:31)
    at fr.inria.lille.commons.trace.collector.ValueCollector.collectFrom(ValueCollector.java:21)
    at fr.inria.lille.commons.trace.RuntimeValues.collectInput(RuntimeValues.java:89)
    at introclassJava.checksum_36d8008b_003.exec(checksum_36d8008b_003.java:37)
    at introclassJava.checksum_36d8008b_003WhiteboxTest.test1(checksum_36d8008b_003WhiteboxTest.java:12)
15:55:19.259 [pool-45-thread-1] INFO  f.i.l.c.t.SpecificationTestCasesListener - Tests run finished (1134 ms)
<> Total tests run: 1
<> Ignored tests: 0
<> Failed tests: 1
~ test1(introclassJava.checksum_36d8008b_003WhiteboxTest)
[test timed out after 1000 milliseconds]
java.lang.Exception: test timed out after 1000 milliseconds    at java.lang.String.intern(Native Method)
    at fr.inria.lille.commons.trace.collector.ValueCollector.collectWith(ValueCollector.java:31)
    at fr.inria.lille.commons.trace.collector.ValueCollector.collectFrom(ValueCollector.java:21)
    at fr.inria.lille.commons.trace.RuntimeValues.collectInput(RuntimeValues.java:89)
    at introclassJava.checksum_36d8008b_003.exec(checksum_36d8008b_003.java:37)
    at introclassJava.checksum_36d8008b_003WhiteboxTest.test1(checksum_36d8008b_003WhiteboxTest.java:12)

java.lang.Exception: test timed out after 1000 milliseconds
    at xxl.java.support.Lockable.acquire(Lockable.java:13)
    at xxl.java.support.GlobalToggle.acquireToggle(GlobalToggle.java:67)
    at fr.inria.lille.commons.trace.RuntimeValues.collectionStarts(RuntimeValues.java:55)
    at introclassJava.checksum_36d8008b_003.exec(checksum_36d8008b_003.java:33)
    at introclassJava.checksum_36d8008b_003WhiteboxTest.test8(checksum_36d8008b_003WhiteboxTest.java:84)
    at sun.reflect.NativeMethodAccessorImpl.invoke0(Native Method)
15:55:20.290 [pool-46-thread-1] INFO  f.i.l.c.t.SpecificationTestCasesListener - Tests run finished (1029 ms)
<> Total tests run: 1
<> Ignored tests: 0
<> Failed tests: 1
~ test8(introclassJava.checksum_36d8008b_003WhiteboxTest)
[test timed out after 1000 milliseconds]
java.lang.Exception: test timed out after 1000 milliseconds    at xxl.java.support.Lockable.acquire(Lockable.java:13)
    at xxl.java.support.GlobalToggle.acquireToggle(GlobalToggle.java:67)
    at fr.inria.lille.commons.trace.RuntimeValues.collectionStarts(RuntimeValues.java:55)
    at introclassJava.checksum_36d8008b_003.exec(checksum_36d8008b_003.java:33)
    at introclassJava.checksum_36d8008b_003WhiteboxTest.test8(checksum_36d8008b_003WhiteboxTest.java:84)
    at sun.reflect.NativeMethodAccessorImpl.invoke0(Native Method)

java.lang.Exception: test timed out after 1000 milliseconds
    at xxl.java.support.Lockable.release(Lockable.java:30)
    at xxl.java.support.GlobalToggle.releaseToggle(GlobalToggle.java:71)
    at fr.inria.lille.commons.trace.RuntimeValues.collectionEnds(RuntimeValues.java:127)
    at introclassJava.checksum_36d8008b_003.exec(checksum_36d8008b_003.java:39)
    at introclassJava.checksum_36d8008b_003WhiteboxTest.test7(checksum_36d8008b_003WhiteboxTest.java:75)
    at sun.reflect.NativeMethodAccessorImpl.invoke0(Native Method)
15:55:21.299 [pool-47-thread-1] INFO  f.i.l.c.t.SpecificationTestCasesListener - Tests run finished (1008 ms)
<> Total tests run: 1
<> Ignored tests: 0
<> Failed tests: 1
~ test7(introclassJava.checksum_36d8008b_003WhiteboxTest)
[test timed out after 1000 milliseconds]
java.lang.Exception: test timed out after 1000 milliseconds    at xxl.java.support.Lockable.release(Lockable.java:30)
    at xxl.java.support.GlobalToggle.releaseToggle(GlobalToggle.java:71)
    at fr.inria.lille.commons.trace.RuntimeValues.collectionEnds(RuntimeValues.java:127)
    at introclassJava.checksum_36d8008b_003.exec(checksum_36d8008b_003.java:39)
    at introclassJava.checksum_36d8008b_003WhiteboxTest.test7(checksum_36d8008b_003WhiteboxTest.java:75)
    at sun.reflect.NativeMethodAccessorImpl.invoke0(Native Method)

org.junit.ComparisonFailure: expected:<...agereturn>Checksumis[]]> but was:<...agereturn>Checksumis[]>
    at org.junit.Assert.assertEquals(Assert.java:115)
    at org.junit.Assert.assertEquals(Assert.java:144)
    at introclassJava.checksum_36d8008b_003WhiteboxTest.test1(checksum_36d8008b_003WhiteboxTest.java:14)
    at sun.reflect.NativeMethodAccessorImpl.invoke0(Native Method)
    at sun.reflect.NativeMethodAccessorImpl.invoke(NativeMethodAccessorImpl.java:62)
    at sun.reflect.DelegatingMethodAccessorImpl.invoke(DelegatingMethodAccessorImpl.java:43)
15:55:21.319 [pool-48-thread-1] INFO  f.i.l.c.t.SpecificationTestCasesListener - Tests run finished (19 ms)
<> Total tests run: 1
<> Ignored tests: 0
<> Failed tests: 1
~ test1(introclassJava.checksum_36d8008b_003WhiteboxTest)
[expected:<...agereturn>Checksumis[]]> but was:<...agereturn>Checksumis[]>]
org.junit.ComparisonFailure: expected:<...agereturn>Checksumis[]]> but was:<...agereturn>Checksumis[]>    at org.junit.Assert.assertEquals(Assert.java:115)
    at org.junit.Assert.assertEquals(Assert.java:144)
    at introclassJava.checksum_36d8008b_003WhiteboxTest.test1(checksum_36d8008b_003WhiteboxTest.java:14)
    at sun.reflect.NativeMethodAccessorImpl.invoke0(Native Method)
    at sun.reflect.NativeMethodAccessorImpl.invoke(NativeMethodAccessorImpl.java:62)
    at sun.reflect.DelegatingMethodAccessorImpl.invoke(DelegatingMethodAccessorImpl.java:43)

org.junit.ComparisonFailure: expected:<...agereturn>Checksumis[X]> but was:<...agereturn>Checksumis[]>
    at org.junit.Assert.assertEquals(Assert.java:115)
    at org.junit.Assert.assertEquals(Assert.java:144)
    at introclassJava.checksum_36d8008b_003WhiteboxTest.test8(checksum_36d8008b_003WhiteboxTest.java:86)
    at sun.reflect.NativeMethodAccessorImpl.invoke0(Native Method)
    at sun.reflect.NativeMethodAccessorImpl.invoke(NativeMethodAccessorImpl.java:62)
    at sun.reflect.DelegatingMethodAccessorImpl.invoke(DelegatingMethodAccessorImpl.java:43)
15:55:21.321 [pool-49-thread-1] INFO  f.i.l.c.t.SpecificationTestCasesListener - Tests run finished (1 ms)
<> Total tests run: 1
<> Ignored tests: 0
<> Failed tests: 1
~ test8(introclassJava.checksum_36d8008b_003WhiteboxTest)
[expected:<...agereturn>Checksumis[X]> but was:<...agereturn>Checksumis[]>]
org.junit.ComparisonFailure: expected:<...agereturn>Checksumis[X]> but was:<...agereturn>Checksumis[]>    at org.junit.Assert.assertEquals(Assert.java:115)
    at org.junit.Assert.assertEquals(Assert.java:144)
    at introclassJava.checksum_36d8008b_003WhiteboxTest.test8(checksum_36d8008b_003WhiteboxTest.java:86)
    at sun.reflect.NativeMethodAccessorImpl.invoke0(Native Method)
    at sun.reflect.NativeMethodAccessorImpl.invoke(NativeMethodAccessorImpl.java:62)
    at sun.reflect.DelegatingMethodAccessorImpl.invoke(DelegatingMethodAccessorImpl.java:43)

org.junit.ComparisonFailure: expected:<...agereturn>Checksumis[V]> but was:<...agereturn>Checksumis[]>
    at org.junit.Assert.assertEquals(Assert.java:115)
    at org.junit.Assert.assertEquals(Assert.java:144)
    at introclassJava.checksum_36d8008b_003WhiteboxTest.test7(checksum_36d8008b_003WhiteboxTest.java:77)
    at sun.reflect.NativeMethodAccessorImpl.invoke0(Native Method)
    at sun.reflect.NativeMethodAccessorImpl.invoke(NativeMethodAccessorImpl.java:62)
    at sun.reflect.DelegatingMethodAccessorImpl.invoke(DelegatingMethodAccessorImpl.java:43)
15:55:21.322 [pool-50-thread-1] INFO  f.i.l.c.t.SpecificationTestCasesListener - Tests run finished (1 ms)
<> Total tests run: 1
<> Ignored tests: 0
<> Failed tests: 1
~ test7(introclassJava.checksum_36d8008b_003WhiteboxTest)
[expected:<...agereturn>Checksumis[V]> but was:<...agereturn>Checksumis[]>]
org.junit.ComparisonFailure: expected:<...agereturn>Checksumis[V]> but was:<...agereturn>Checksumis[]>    at org.junit.Assert.assertEquals(Assert.java:115)
    at org.junit.Assert.assertEquals(Assert.java:144)
    at introclassJava.checksum_36d8008b_003WhiteboxTest.test7(checksum_36d8008b_003WhiteboxTest.java:77)
    at sun.reflect.NativeMethodAccessorImpl.invoke0(Native Method)
    at sun.reflect.NativeMethodAccessorImpl.invoke(NativeMethodAccessorImpl.java:62)
    at sun.reflect.DelegatingMethodAccessorImpl.invoke(DelegatingMethodAccessorImpl.java:43)

15:55:21.323 [pool-43-thread-1] DEBUG tests.output - Failing tests with false: 
[test1(introclassJava.checksum_36d8008b_003WhiteboxTest): test timed out after 1000 milliseconds, test8(introclassJava.checksum_36d8008b_003WhiteboxTest): test timed out after 1000 milliseconds, test7(introclassJava.checksum_36d8008b_003WhiteboxTest): test timed out after 1000 milliseconds]
15:55:21.323 [pool-43-thread-1] DEBUG tests.output - Failing tests with true: 
[test1(introclassJava.checksum_36d8008b_003WhiteboxTest): expected:<...agereturn>Checksumis[]]> but was:<...agereturn>Checksumis[]>, test8(introclassJava.checksum_36d8008b_003WhiteboxTest): expected:<...agereturn>Checksumis[X]> but was:<...agereturn>Checksumis[]>, test7(introclassJava.checksum_36d8008b_003WhiteboxTest): expected:<...agereturn>Checksumis[V]> but was:<...agereturn>Checksumis[]>]
15:55:21.323 [pool-43-thread-1] INFO  f.i.l.r.n.synth.SMTNopolSynthesizer - Not enough specifications: 0. A trivial patch is "true" or "false", please write new tests specifying SourceLocation introclassJava.checksum_36d8008b_003:68.
15:55:21.323 [pool-2-thread-1] DEBUG fr.inria.lille.repair.nopol.NoPol - statement #8
15:55:21.323 [pool-2-thread-1] DEBUG fr.inria.lille.repair.nopol.NoPol - Analysing SourceLocation introclassJava.checksum_36d8008b_003:66 which is executed by 16 tests
-2093792494
15:55:21.366 [pool-2-thread-1] DEBUG fr.inria.lille.repair.nopol.NoPol - looking with class fr.inria.lille.repair.nopol.spoon.smt.ConditionalAdder
org.junit.ComparisonFailure: expected:<...agereturn>Checksumis[]]> but was:<...agereturn>Checksumis[]>
    at org.junit.Assert.assertEquals(Assert.java:115)
    at org.junit.Assert.assertEquals(Assert.java:144)
    at introclassJava.checksum_36d8008b_003WhiteboxTest.test1(checksum_36d8008b_003WhiteboxTest.java:14)
    at sun.reflect.NativeMethodAccessorImpl.invoke0(Native Method)
    at sun.reflect.NativeMethodAccessorImpl.invoke(NativeMethodAccessorImpl.java:62)
    at sun.reflect.DelegatingMethodAccessorImpl.invoke(DelegatingMethodAccessorImpl.java:43)
org.junit.ComparisonFailure: expected:<...agereturn>Checksumis[V]> but was:<...agereturn>Checksumis[]>
    at org.junit.Assert.assertEquals(Assert.java:115)
    at org.junit.Assert.assertEquals(Assert.java:144)
    at introclassJava.checksum_36d8008b_003WhiteboxTest.test7(checksum_36d8008b_003WhiteboxTest.java:77)
    at sun.reflect.NativeMethodAccessorImpl.invoke0(Native Method)
    at sun.reflect.NativeMethodAccessorImpl.invoke(NativeMethodAccessorImpl.java:62)
    at sun.reflect.DelegatingMethodAccessorImpl.invoke(DelegatingMethodAccessorImpl.java:43)
org.junit.ComparisonFailure: expected:<...agereturn>Checksumis[X]> but was:<...agereturn>Checksumis[]>
    at org.junit.Assert.assertEquals(Assert.java:115)
    at org.junit.Assert.assertEquals(Assert.java:144)
    at introclassJava.checksum_36d8008b_003WhiteboxTest.test8(checksum_36d8008b_003WhiteboxTest.java:86)
    at sun.reflect.NativeMethodAccessorImpl.invoke0(Native Method)
    at sun.reflect.NativeMethodAccessorImpl.invoke(NativeMethodAccessorImpl.java:62)
    at sun.reflect.DelegatingMethodAccessorImpl.invoke(DelegatingMethodAccessorImpl.java:43)
org.junit.ComparisonFailure: expected:<...agereturn>Checksumis[]]> but was:<...agereturn>Checksumis[]>
    at org.junit.Assert.assertEquals(Assert.java:115)
    at org.junit.Assert.assertEquals(Assert.java:144)
    at introclassJava.checksum_36d8008b_003WhiteboxTest.test1(checksum_36d8008b_003WhiteboxTest.java:14)
    at sun.reflect.NativeMethodAccessorImpl.invoke0(Native Method)
    at sun.reflect.NativeMethodAccessorImpl.invoke(NativeMethodAccessorImpl.java:62)
    at sun.reflect.DelegatingMethodAccessorImpl.invoke(DelegatingMethodAccessorImpl.java:43)
org.junit.ComparisonFailure: expected:<...agereturn>Checksumis[V]> but was:<...agereturn>Checksumis[]>
    at org.junit.Assert.assertEquals(Assert.java:115)
    at org.junit.Assert.assertEquals(Assert.java:144)
    at introclassJava.checksum_36d8008b_003WhiteboxTest.test7(checksum_36d8008b_003WhiteboxTest.java:77)
    at sun.reflect.NativeMethodAccessorImpl.invoke0(Native Method)
    at sun.reflect.NativeMethodAccessorImpl.invoke(NativeMethodAccessorImpl.java:62)
    at sun.reflect.DelegatingMethodAccessorImpl.invoke(DelegatingMethodAccessorImpl.java:43)
org.junit.ComparisonFailure: expected:<...agereturn>Checksumis[X]> but was:<...agereturn>Checksumis[]>
    at org.junit.Assert.assertEquals(Assert.java:115)
    at org.junit.Assert.assertEquals(Assert.java:144)
    at introclassJava.checksum_36d8008b_003WhiteboxTest.test8(checksum_36d8008b_003WhiteboxTest.java:86)
    at sun.reflect.NativeMethodAccessorImpl.invoke0(Native Method)
    at sun.reflect.NativeMethodAccessorImpl.invoke(NativeMethodAccessorImpl.java:62)
    at sun.reflect.DelegatingMethodAccessorImpl.invoke(DelegatingMethodAccessorImpl.java:43)
org.junit.ComparisonFailure: expected:<...agereturn>Checksumis[]]> but was:<...agereturn>Checksumis[]>
    at org.junit.Assert.assertEquals(Assert.java:115)
    at org.junit.Assert.assertEquals(Assert.java:144)
    at introclassJava.checksum_36d8008b_003WhiteboxTest.test1(checksum_36d8008b_003WhiteboxTest.java:14)
    at sun.reflect.NativeMethodAccessorImpl.invoke0(Native Method)
    at sun.reflect.NativeMethodAccessorImpl.invoke(NativeMethodAccessorImpl.java:62)
    at sun.reflect.DelegatingMethodAccessorImpl.invoke(DelegatingMethodAccessorImpl.java:43)
org.junit.ComparisonFailure: expected:<...agereturn>Checksumis[V]> but was:<...agereturn>Checksumis[]>
    at org.junit.Assert.assertEquals(Assert.java:115)
    at org.junit.Assert.assertEquals(Assert.java:144)
    at introclassJava.checksum_36d8008b_003WhiteboxTest.test7(checksum_36d8008b_003WhiteboxTest.java:77)
    at sun.reflect.NativeMethodAccessorImpl.invoke0(Native Method)
    at sun.reflect.NativeMethodAccessorImpl.invoke(NativeMethodAccessorImpl.java:62)
    at sun.reflect.DelegatingMethodAccessorImpl.invoke(DelegatingMethodAccessorImpl.java:43)
org.junit.ComparisonFailure: expected:<...agereturn>Checksumis[X]> but was:<...agereturn>Checksumis[]>
    at org.junit.Assert.assertEquals(Assert.java:115)
    at org.junit.Assert.assertEquals(Assert.java:144)
    at introclassJava.checksum_36d8008b_003WhiteboxTest.test8(checksum_36d8008b_003WhiteboxTest.java:86)
    at sun.reflect.NativeMethodAccessorImpl.invoke0(Native Method)
    at sun.reflect.NativeMethodAccessorImpl.invoke(NativeMethodAccessorImpl.java:62)
    at sun.reflect.DelegatingMethodAccessorImpl.invoke(DelegatingMethodAccessorImpl.java:43)
15:55:21.383 [pool-52-thread-1] INFO  xxl.java.junit.TestCasesListener - Tests run finished (13 ms)
<> Total tests run: 30
<> Ignored tests: 0
<> Failed tests: 9
~ test1(introclassJava.checksum_36d8008b_003WhiteboxTest)
[expected:<...agereturn>Checksumis[]]> but was:<...agereturn>Checksumis[]>]
org.junit.ComparisonFailure: expected:<...agereturn>Checksumis[]]> but was:<...agereturn>Checksumis[]>    at org.junit.Assert.assertEquals(Assert.java:115)
    at org.junit.Assert.assertEquals(Assert.java:144)
    at introclassJava.checksum_36d8008b_003WhiteboxTest.test1(checksum_36d8008b_003WhiteboxTest.java:14)
    at sun.reflect.NativeMethodAccessorImpl.invoke0(Native Method)
    at sun.reflect.NativeMethodAccessorImpl.invoke(NativeMethodAccessorImpl.java:62)
    at sun.reflect.DelegatingMethodAccessorImpl.invoke(DelegatingMethodAccessorImpl.java:43)
~ test7(introclassJava.checksum_36d8008b_003WhiteboxTest)
[expected:<...agereturn>Checksumis[V]> but was:<...agereturn>Checksumis[]>]
org.junit.ComparisonFailure: expected:<...agereturn>Checksumis[V]> but was:<...agereturn>Checksumis[]>    at org.junit.Assert.assertEquals(Assert.java:115)
    at org.junit.Assert.assertEquals(Assert.java:144)
    at introclassJava.checksum_36d8008b_003WhiteboxTest.test7(checksum_36d8008b_003WhiteboxTest.java:77)
    at sun.reflect.NativeMethodAccessorImpl.invoke0(Native Method)
    at sun.reflect.NativeMethodAccessorImpl.invoke(NativeMethodAccessorImpl.java:62)
    at sun.reflect.DelegatingMethodAccessorImpl.invoke(DelegatingMethodAccessorImpl.java:43)
~ test8(introclassJava.checksum_36d8008b_003WhiteboxTest)
[expected:<...agereturn>Checksumis[X]> but was:<...agereturn>Checksumis[]>]
org.junit.ComparisonFailure: expected:<...agereturn>Checksumis[X]> but was:<...agereturn>Checksumis[]>    at org.junit.Assert.assertEquals(Assert.java:115)
    at org.junit.Assert.assertEquals(Assert.java:144)
    at introclassJava.checksum_36d8008b_003WhiteboxTest.test8(checksum_36d8008b_003WhiteboxTest.java:86)
    at sun.reflect.NativeMethodAccessorImpl.invoke0(Native Method)
    at sun.reflect.NativeMethodAccessorImpl.invoke(NativeMethodAccessorImpl.java:62)
    at sun.reflect.DelegatingMethodAccessorImpl.invoke(DelegatingMethodAccessorImpl.java:43)
~ test1(introclassJava.checksum_36d8008b_003WhiteboxTest)
[expected:<...agereturn>Checksumis[]]> but was:<...agereturn>Checksumis[]>]
org.junit.ComparisonFailure: expected:<...agereturn>Checksumis[]]> but was:<...agereturn>Checksumis[]>    at org.junit.Assert.assertEquals(Assert.java:115)
    at org.junit.Assert.assertEquals(Assert.java:144)
    at introclassJava.checksum_36d8008b_003WhiteboxTest.test1(checksum_36d8008b_003WhiteboxTest.java:14)
    at sun.reflect.NativeMethodAccessorImpl.invoke0(Native Method)
    at sun.reflect.NativeMethodAccessorImpl.invoke(NativeMethodAccessorImpl.java:62)
    at sun.reflect.DelegatingMethodAccessorImpl.invoke(DelegatingMethodAccessorImpl.java:43)
~ test7(introclassJava.checksum_36d8008b_003WhiteboxTest)
[expected:<...agereturn>Checksumis[V]> but was:<...agereturn>Checksumis[]>]
org.junit.ComparisonFailure: expected:<...agereturn>Checksumis[V]> but was:<...agereturn>Checksumis[]>    at org.junit.Assert.assertEquals(Assert.java:115)
    at org.junit.Assert.assertEquals(Assert.java:144)
    at introclassJava.checksum_36d8008b_003WhiteboxTest.test7(checksum_36d8008b_003WhiteboxTest.java:77)
    at sun.reflect.NativeMethodAccessorImpl.invoke0(Native Method)
    at sun.reflect.NativeMethodAccessorImpl.invoke(NativeMethodAccessorImpl.java:62)
    at sun.reflect.DelegatingMethodAccessorImpl.invoke(DelegatingMethodAccessorImpl.java:43)
~ test8(introclassJava.checksum_36d8008b_003WhiteboxTest)
[expected:<...agereturn>Checksumis[X]> but was:<...agereturn>Checksumis[]>]
org.junit.ComparisonFailure: expected:<...agereturn>Checksumis[X]> but was:<...agereturn>Checksumis[]>    at org.junit.Assert.assertEquals(Assert.java:115)
    at org.junit.Assert.assertEquals(Assert.java:144)
    at introclassJava.checksum_36d8008b_003WhiteboxTest.test8(checksum_36d8008b_003WhiteboxTest.java:86)
    at sun.reflect.NativeMethodAccessorImpl.invoke0(Native Method)
    at sun.reflect.NativeMethodAccessorImpl.invoke(NativeMethodAccessorImpl.java:62)
    at sun.reflect.DelegatingMethodAccessorImpl.invoke(DelegatingMethodAccessorImpl.java:43)
~ test1(introclassJava.checksum_36d8008b_003WhiteboxTest)
[expected:<...agereturn>Checksumis[]]> but was:<...agereturn>Checksumis[]>]
org.junit.ComparisonFailure: expected:<...agereturn>Checksumis[]]> but was:<...agereturn>Checksumis[]>    at org.junit.Assert.assertEquals(Assert.java:115)
    at org.junit.Assert.assertEquals(Assert.java:144)
    at introclassJava.checksum_36d8008b_003WhiteboxTest.test1(checksum_36d8008b_003WhiteboxTest.java:14)
    at sun.reflect.NativeMethodAccessorImpl.invoke0(Native Method)
    at sun.reflect.NativeMethodAccessorImpl.invoke(NativeMethodAccessorImpl.java:62)
    at sun.reflect.DelegatingMethodAccessorImpl.invoke(DelegatingMethodAccessorImpl.java:43)
~ test7(introclassJava.checksum_36d8008b_003WhiteboxTest)
[expected:<...agereturn>Checksumis[V]> but was:<...agereturn>Checksumis[]>]
org.junit.ComparisonFailure: expected:<...agereturn>Checksumis[V]> but was:<...agereturn>Checksumis[]>    at org.junit.Assert.assertEquals(Assert.java:115)
    at org.junit.Assert.assertEquals(Assert.java:144)
    at introclassJava.checksum_36d8008b_003WhiteboxTest.test7(checksum_36d8008b_003WhiteboxTest.java:77)
    at sun.reflect.NativeMethodAccessorImpl.invoke0(Native Method)
    at sun.reflect.NativeMethodAccessorImpl.invoke(NativeMethodAccessorImpl.java:62)
    at sun.reflect.DelegatingMethodAccessorImpl.invoke(DelegatingMethodAccessorImpl.java:43)
~ test8(introclassJava.checksum_36d8008b_003WhiteboxTest)
[expected:<...agereturn>Checksumis[X]> but was:<...agereturn>Checksumis[]>]
org.junit.ComparisonFailure: expected:<...agereturn>Checksumis[X]> but was:<...agereturn>Checksumis[]>    at org.junit.Assert.assertEquals(Assert.java:115)
    at org.junit.Assert.assertEquals(Assert.java:144)
    at introclassJava.checksum_36d8008b_003WhiteboxTest.test8(checksum_36d8008b_003WhiteboxTest.java:86)
    at sun.reflect.NativeMethodAccessorImpl.invoke0(Native Method)
    at sun.reflect.NativeMethodAccessorImpl.invoke(NativeMethodAccessorImpl.java:62)
    at sun.reflect.DelegatingMethodAccessorImpl.invoke(DelegatingMethodAccessorImpl.java:43)

org.junit.ComparisonFailure: expected:<...agereturn>Checksumis[]]> but was:<...agereturn>Checksumis[]>
    at org.junit.Assert.assertEquals(Assert.java:115)
    at org.junit.Assert.assertEquals(Assert.java:144)
    at introclassJava.checksum_36d8008b_003WhiteboxTest.test1(checksum_36d8008b_003WhiteboxTest.java:14)
    at sun.reflect.NativeMethodAccessorImpl.invoke0(Native Method)
    at sun.reflect.NativeMethodAccessorImpl.invoke(NativeMethodAccessorImpl.java:62)
    at sun.reflect.DelegatingMethodAccessorImpl.invoke(DelegatingMethodAccessorImpl.java:43)
15:55:21.486 [pool-53-thread-1] INFO  f.i.l.c.t.SpecificationTestCasesListener - Tests run finished (2 ms)
<> Total tests run: 1
<> Ignored tests: 0
<> Failed tests: 1
~ test1(introclassJava.checksum_36d8008b_003WhiteboxTest)
[expected:<...agereturn>Checksumis[]]> but was:<...agereturn>Checksumis[]>]
org.junit.ComparisonFailure: expected:<...agereturn>Checksumis[]]> but was:<...agereturn>Checksumis[]>    at org.junit.Assert.assertEquals(Assert.java:115)
    at org.junit.Assert.assertEquals(Assert.java:144)
    at introclassJava.checksum_36d8008b_003WhiteboxTest.test1(checksum_36d8008b_003WhiteboxTest.java:14)
    at sun.reflect.NativeMethodAccessorImpl.invoke0(Native Method)
    at sun.reflect.NativeMethodAccessorImpl.invoke(NativeMethodAccessorImpl.java:62)
    at sun.reflect.DelegatingMethodAccessorImpl.invoke(DelegatingMethodAccessorImpl.java:43)

org.junit.ComparisonFailure: expected:<...agereturn>Checksumis[X]> but was:<...agereturn>Checksumis[]>
    at org.junit.Assert.assertEquals(Assert.java:115)
    at org.junit.Assert.assertEquals(Assert.java:144)
    at introclassJava.checksum_36d8008b_003WhiteboxTest.test8(checksum_36d8008b_003WhiteboxTest.java:86)
    at sun.reflect.NativeMethodAccessorImpl.invoke0(Native Method)
    at sun.reflect.NativeMethodAccessorImpl.invoke(NativeMethodAccessorImpl.java:62)
    at sun.reflect.DelegatingMethodAccessorImpl.invoke(DelegatingMethodAccessorImpl.java:43)
15:55:21.487 [pool-54-thread-1] INFO  f.i.l.c.t.SpecificationTestCasesListener - Tests run finished (1 ms)
<> Total tests run: 1
<> Ignored tests: 0
<> Failed tests: 1
~ test8(introclassJava.checksum_36d8008b_003WhiteboxTest)
[expected:<...agereturn>Checksumis[X]> but was:<...agereturn>Checksumis[]>]
org.junit.ComparisonFailure: expected:<...agereturn>Checksumis[X]> but was:<...agereturn>Checksumis[]>    at org.junit.Assert.assertEquals(Assert.java:115)
    at org.junit.Assert.assertEquals(Assert.java:144)
    at introclassJava.checksum_36d8008b_003WhiteboxTest.test8(checksum_36d8008b_003WhiteboxTest.java:86)
    at sun.reflect.NativeMethodAccessorImpl.invoke0(Native Method)
    at sun.reflect.NativeMethodAccessorImpl.invoke(NativeMethodAccessorImpl.java:62)
    at sun.reflect.DelegatingMethodAccessorImpl.invoke(DelegatingMethodAccessorImpl.java:43)

org.junit.ComparisonFailure: expected:<...agereturn>Checksumis[V]> but was:<...agereturn>Checksumis[]>
    at org.junit.Assert.assertEquals(Assert.java:115)
    at org.junit.Assert.assertEquals(Assert.java:144)
    at introclassJava.checksum_36d8008b_003WhiteboxTest.test7(checksum_36d8008b_003WhiteboxTest.java:77)
    at sun.reflect.NativeMethodAccessorImpl.invoke0(Native Method)
    at sun.reflect.NativeMethodAccessorImpl.invoke(NativeMethodAccessorImpl.java:62)
    at sun.reflect.DelegatingMethodAccessorImpl.invoke(DelegatingMethodAccessorImpl.java:43)
15:55:21.488 [pool-55-thread-1] INFO  f.i.l.c.t.SpecificationTestCasesListener - Tests run finished (0 ms)
<> Total tests run: 1
<> Ignored tests: 0
<> Failed tests: 1
~ test7(introclassJava.checksum_36d8008b_003WhiteboxTest)
[expected:<...agereturn>Checksumis[V]> but was:<...agereturn>Checksumis[]>]
org.junit.ComparisonFailure: expected:<...agereturn>Checksumis[V]> but was:<...agereturn>Checksumis[]>    at org.junit.Assert.assertEquals(Assert.java:115)
    at org.junit.Assert.assertEquals(Assert.java:144)
    at introclassJava.checksum_36d8008b_003WhiteboxTest.test7(checksum_36d8008b_003WhiteboxTest.java:77)
    at sun.reflect.NativeMethodAccessorImpl.invoke0(Native Method)
    at sun.reflect.NativeMethodAccessorImpl.invoke(NativeMethodAccessorImpl.java:62)
    at sun.reflect.DelegatingMethodAccessorImpl.invoke(DelegatingMethodAccessorImpl.java:43)

org.junit.ComparisonFailure: expected:<...agereturn>Checksumis[]]> but was:<...agereturn>Checksumis[]>
    at org.junit.Assert.assertEquals(Assert.java:115)
    at org.junit.Assert.assertEquals(Assert.java:144)
    at introclassJava.checksum_36d8008b_003WhiteboxTest.test1(checksum_36d8008b_003WhiteboxTest.java:14)
    at sun.reflect.NativeMethodAccessorImpl.invoke0(Native Method)
    at sun.reflect.NativeMethodAccessorImpl.invoke(NativeMethodAccessorImpl.java:62)
    at sun.reflect.DelegatingMethodAccessorImpl.invoke(DelegatingMethodAccessorImpl.java:43)
15:55:21.489 [pool-56-thread-1] INFO  f.i.l.c.t.SpecificationTestCasesListener - Tests run finished (0 ms)
<> Total tests run: 1
<> Ignored tests: 0
<> Failed tests: 1
~ test1(introclassJava.checksum_36d8008b_003WhiteboxTest)
[expected:<...agereturn>Checksumis[]]> but was:<...agereturn>Checksumis[]>]
org.junit.ComparisonFailure: expected:<...agereturn>Checksumis[]]> but was:<...agereturn>Checksumis[]>    at org.junit.Assert.assertEquals(Assert.java:115)
    at org.junit.Assert.assertEquals(Assert.java:144)
    at introclassJava.checksum_36d8008b_003WhiteboxTest.test1(checksum_36d8008b_003WhiteboxTest.java:14)
    at sun.reflect.NativeMethodAccessorImpl.invoke0(Native Method)
    at sun.reflect.NativeMethodAccessorImpl.invoke(NativeMethodAccessorImpl.java:62)
    at sun.reflect.DelegatingMethodAccessorImpl.invoke(DelegatingMethodAccessorImpl.java:43)

org.junit.ComparisonFailure: expected:<...agereturn>Checksumis[X]> but was:<...agereturn>Checksumis[]>
    at org.junit.Assert.assertEquals(Assert.java:115)
    at org.junit.Assert.assertEquals(Assert.java:144)
    at introclassJava.checksum_36d8008b_003WhiteboxTest.test8(checksum_36d8008b_003WhiteboxTest.java:86)
    at sun.reflect.NativeMethodAccessorImpl.invoke0(Native Method)
    at sun.reflect.NativeMethodAccessorImpl.invoke(NativeMethodAccessorImpl.java:62)
    at sun.reflect.DelegatingMethodAccessorImpl.invoke(DelegatingMethodAccessorImpl.java:43)
15:55:21.490 [pool-57-thread-1] INFO  f.i.l.c.t.SpecificationTestCasesListener - Tests run finished (0 ms)
<> Total tests run: 1
<> Ignored tests: 0
<> Failed tests: 1
~ test8(introclassJava.checksum_36d8008b_003WhiteboxTest)
[expected:<...agereturn>Checksumis[X]> but was:<...agereturn>Checksumis[]>]
org.junit.ComparisonFailure: expected:<...agereturn>Checksumis[X]> but was:<...agereturn>Checksumis[]>    at org.junit.Assert.assertEquals(Assert.java:115)
    at org.junit.Assert.assertEquals(Assert.java:144)
    at introclassJava.checksum_36d8008b_003WhiteboxTest.test8(checksum_36d8008b_003WhiteboxTest.java:86)
    at sun.reflect.NativeMethodAccessorImpl.invoke0(Native Method)
    at sun.reflect.NativeMethodAccessorImpl.invoke(NativeMethodAccessorImpl.java:62)
    at sun.reflect.DelegatingMethodAccessorImpl.invoke(DelegatingMethodAccessorImpl.java:43)

org.junit.ComparisonFailure: expected:<...agereturn>Checksumis[V]> but was:<...agereturn>Checksumis[]>
    at org.junit.Assert.assertEquals(Assert.java:115)
    at org.junit.Assert.assertEquals(Assert.java:144)
    at introclassJava.checksum_36d8008b_003WhiteboxTest.test7(checksum_36d8008b_003WhiteboxTest.java:77)
    at sun.reflect.NativeMethodAccessorImpl.invoke0(Native Method)
    at sun.reflect.NativeMethodAccessorImpl.invoke(NativeMethodAccessorImpl.java:62)
    at sun.reflect.DelegatingMethodAccessorImpl.invoke(DelegatingMethodAccessorImpl.java:43)
15:55:21.491 [pool-58-thread-1] INFO  f.i.l.c.t.SpecificationTestCasesListener - Tests run finished (0 ms)
<> Total tests run: 1
<> Ignored tests: 0
<> Failed tests: 1
~ test7(introclassJava.checksum_36d8008b_003WhiteboxTest)
[expected:<...agereturn>Checksumis[V]> but was:<...agereturn>Checksumis[]>]
org.junit.ComparisonFailure: expected:<...agereturn>Checksumis[V]> but was:<...agereturn>Checksumis[]>    at org.junit.Assert.assertEquals(Assert.java:115)
    at org.junit.Assert.assertEquals(Assert.java:144)
    at introclassJava.checksum_36d8008b_003WhiteboxTest.test7(checksum_36d8008b_003WhiteboxTest.java:77)
    at sun.reflect.NativeMethodAccessorImpl.invoke0(Native Method)
    at sun.reflect.NativeMethodAccessorImpl.invoke(NativeMethodAccessorImpl.java:62)
    at sun.reflect.DelegatingMethodAccessorImpl.invoke(DelegatingMethodAccessorImpl.java:43)

15:55:21.492 [pool-51-thread-1] DEBUG tests.output - Failing tests with false: 
[test1(introclassJava.checksum_36d8008b_003WhiteboxTest): expected:<...agereturn>Checksumis[]]> but was:<...agereturn>Checksumis[]>, test8(introclassJava.checksum_36d8008b_003WhiteboxTest): expected:<...agereturn>Checksumis[X]> but was:<...agereturn>Checksumis[]>, test7(introclassJava.checksum_36d8008b_003WhiteboxTest): expected:<...agereturn>Checksumis[V]> but was:<...agereturn>Checksumis[]>]
15:55:21.492 [pool-51-thread-1] DEBUG tests.output - Failing tests with true: 
[test1(introclassJava.checksum_36d8008b_003WhiteboxTest): expected:<...agereturn>Checksumis[]]> but was:<...agereturn>Checksumis[]>, test8(introclassJava.checksum_36d8008b_003WhiteboxTest): expected:<...agereturn>Checksumis[X]> but was:<...agereturn>Checksumis[]>, test7(introclassJava.checksum_36d8008b_003WhiteboxTest): expected:<...agereturn>Checksumis[V]> but was:<...agereturn>Checksumis[]>]
15:55:21.492 [pool-51-thread-1] INFO  f.i.l.r.n.synth.SMTNopolSynthesizer - Not enough specifications: 0. A trivial patch is "true" or "false", please write new tests specifying SourceLocation introclassJava.checksum_36d8008b_003:66.
15:55:21.492 [pool-2-thread-1] DEBUG fr.inria.lille.repair.nopol.NoPol - statement #9
15:55:21.492 [pool-2-thread-1] DEBUG fr.inria.lille.repair.nopol.NoPol - Analysing SourceLocation introclassJava.checksum_36d8008b_003:65 which is executed by 16 tests
-2093792494
15:55:21.534 [pool-2-thread-1] DEBUG fr.inria.lille.repair.nopol.NoPol - statement #10
15:55:21.534 [pool-2-thread-1] DEBUG fr.inria.lille.repair.nopol.NoPol - Analysing SourceLocation introclassJava.checksum_36d8008b_003:63 which is executed by 16 tests
-2093792494
15:55:21.574 [pool-2-thread-1] DEBUG fr.inria.lille.repair.nopol.NoPol - looking with class fr.inria.lille.repair.nopol.spoon.smt.ConditionalAdder
org.junit.ComparisonFailure: expected:<...agereturn>Checksumis[]]> but was:<...agereturn>Checksumis[]>
    at org.junit.Assert.assertEquals(Assert.java:115)
    at org.junit.Assert.assertEquals(Assert.java:144)
    at introclassJava.checksum_36d8008b_003WhiteboxTest.test1(checksum_36d8008b_003WhiteboxTest.java:14)
    at sun.reflect.NativeMethodAccessorImpl.invoke0(Native Method)
    at sun.reflect.NativeMethodAccessorImpl.invoke(NativeMethodAccessorImpl.java:62)
    at sun.reflect.DelegatingMethodAccessorImpl.invoke(DelegatingMethodAccessorImpl.java:43)
org.junit.ComparisonFailure: expected:<...agereturn>Checksumis[V]> but was:<...agereturn>Checksumis[]>
    at org.junit.Assert.assertEquals(Assert.java:115)
    at org.junit.Assert.assertEquals(Assert.java:144)
    at introclassJava.checksum_36d8008b_003WhiteboxTest.test7(checksum_36d8008b_003WhiteboxTest.java:77)
    at sun.reflect.NativeMethodAccessorImpl.invoke0(Native Method)
    at sun.reflect.NativeMethodAccessorImpl.invoke(NativeMethodAccessorImpl.java:62)
    at sun.reflect.DelegatingMethodAccessorImpl.invoke(DelegatingMethodAccessorImpl.java:43)
org.junit.ComparisonFailure: expected:<...agereturn>Checksumis[X]> but was:<...agereturn>Checksumis[]>
    at org.junit.Assert.assertEquals(Assert.java:115)
    at org.junit.Assert.assertEquals(Assert.java:144)
    at introclassJava.checksum_36d8008b_003WhiteboxTest.test8(checksum_36d8008b_003WhiteboxTest.java:86)
    at sun.reflect.NativeMethodAccessorImpl.invoke0(Native Method)
    at sun.reflect.NativeMethodAccessorImpl.invoke(NativeMethodAccessorImpl.java:62)
    at sun.reflect.DelegatingMethodAccessorImpl.invoke(DelegatingMethodAccessorImpl.java:43)
org.junit.ComparisonFailure: expected:<...agereturn>Checksumis[]]> but was:<...agereturn>Checksumis[]>
    at org.junit.Assert.assertEquals(Assert.java:115)
    at org.junit.Assert.assertEquals(Assert.java:144)
    at introclassJava.checksum_36d8008b_003WhiteboxTest.test1(checksum_36d8008b_003WhiteboxTest.java:14)
    at sun.reflect.NativeMethodAccessorImpl.invoke0(Native Method)
    at sun.reflect.NativeMethodAccessorImpl.invoke(NativeMethodAccessorImpl.java:62)
    at sun.reflect.DelegatingMethodAccessorImpl.invoke(DelegatingMethodAccessorImpl.java:43)
org.junit.ComparisonFailure: expected:<...agereturn>Checksumis[V]> but was:<...agereturn>Checksumis[]>
    at org.junit.Assert.assertEquals(Assert.java:115)
    at org.junit.Assert.assertEquals(Assert.java:144)
    at introclassJava.checksum_36d8008b_003WhiteboxTest.test7(checksum_36d8008b_003WhiteboxTest.java:77)
    at sun.reflect.NativeMethodAccessorImpl.invoke0(Native Method)
    at sun.reflect.NativeMethodAccessorImpl.invoke(NativeMethodAccessorImpl.java:62)
    at sun.reflect.DelegatingMethodAccessorImpl.invoke(DelegatingMethodAccessorImpl.java:43)
org.junit.ComparisonFailure: expected:<...agereturn>Checksumis[X]> but was:<...agereturn>Checksumis[]>
    at org.junit.Assert.assertEquals(Assert.java:115)
    at org.junit.Assert.assertEquals(Assert.java:144)
    at introclassJava.checksum_36d8008b_003WhiteboxTest.test8(checksum_36d8008b_003WhiteboxTest.java:86)
    at sun.reflect.NativeMethodAccessorImpl.invoke0(Native Method)
    at sun.reflect.NativeMethodAccessorImpl.invoke(NativeMethodAccessorImpl.java:62)
    at sun.reflect.DelegatingMethodAccessorImpl.invoke(DelegatingMethodAccessorImpl.java:43)
org.junit.ComparisonFailure: expected:<...agereturn>Checksumis[]]> but was:<...agereturn>Checksumis[]>
    at org.junit.Assert.assertEquals(Assert.java:115)
    at org.junit.Assert.assertEquals(Assert.java:144)
    at introclassJava.checksum_36d8008b_003WhiteboxTest.test1(checksum_36d8008b_003WhiteboxTest.java:14)
    at sun.reflect.NativeMethodAccessorImpl.invoke0(Native Method)
    at sun.reflect.NativeMethodAccessorImpl.invoke(NativeMethodAccessorImpl.java:62)
    at sun.reflect.DelegatingMethodAccessorImpl.invoke(DelegatingMethodAccessorImpl.java:43)
org.junit.ComparisonFailure: expected:<...agereturn>Checksumis[V]> but was:<...agereturn>Checksumis[]>
    at org.junit.Assert.assertEquals(Assert.java:115)
    at org.junit.Assert.assertEquals(Assert.java:144)
    at introclassJava.checksum_36d8008b_003WhiteboxTest.test7(checksum_36d8008b_003WhiteboxTest.java:77)
    at sun.reflect.NativeMethodAccessorImpl.invoke0(Native Method)
    at sun.reflect.NativeMethodAccessorImpl.invoke(NativeMethodAccessorImpl.java:62)
    at sun.reflect.DelegatingMethodAccessorImpl.invoke(DelegatingMethodAccessorImpl.java:43)
org.junit.ComparisonFailure: expected:<...agereturn>Checksumis[X]> but was:<...agereturn>Checksumis[]>
    at org.junit.Assert.assertEquals(Assert.java:115)
    at org.junit.Assert.assertEquals(Assert.java:144)
    at introclassJava.checksum_36d8008b_003WhiteboxTest.test8(checksum_36d8008b_003WhiteboxTest.java:86)
    at sun.reflect.NativeMethodAccessorImpl.invoke0(Native Method)
    at sun.reflect.NativeMethodAccessorImpl.invoke(NativeMethodAccessorImpl.java:62)
    at sun.reflect.DelegatingMethodAccessorImpl.invoke(DelegatingMethodAccessorImpl.java:43)
15:55:21.590 [pool-60-thread-1] INFO  xxl.java.junit.TestCasesListener - Tests run finished (14 ms)
<> Total tests run: 30
<> Ignored tests: 0
<> Failed tests: 9
~ test1(introclassJava.checksum_36d8008b_003WhiteboxTest)
[expected:<...agereturn>Checksumis[]]> but was:<...agereturn>Checksumis[]>]
org.junit.ComparisonFailure: expected:<...agereturn>Checksumis[]]> but was:<...agereturn>Checksumis[]>    at org.junit.Assert.assertEquals(Assert.java:115)
    at org.junit.Assert.assertEquals(Assert.java:144)
    at introclassJava.checksum_36d8008b_003WhiteboxTest.test1(checksum_36d8008b_003WhiteboxTest.java:14)
    at sun.reflect.NativeMethodAccessorImpl.invoke0(Native Method)
    at sun.reflect.NativeMethodAccessorImpl.invoke(NativeMethodAccessorImpl.java:62)
    at sun.reflect.DelegatingMethodAccessorImpl.invoke(DelegatingMethodAccessorImpl.java:43)
~ test7(introclassJava.checksum_36d8008b_003WhiteboxTest)
[expected:<...agereturn>Checksumis[V]> but was:<...agereturn>Checksumis[]>]
org.junit.ComparisonFailure: expected:<...agereturn>Checksumis[V]> but was:<...agereturn>Checksumis[]>    at org.junit.Assert.assertEquals(Assert.java:115)
    at org.junit.Assert.assertEquals(Assert.java:144)
    at introclassJava.checksum_36d8008b_003WhiteboxTest.test7(checksum_36d8008b_003WhiteboxTest.java:77)
    at sun.reflect.NativeMethodAccessorImpl.invoke0(Native Method)
    at sun.reflect.NativeMethodAccessorImpl.invoke(NativeMethodAccessorImpl.java:62)
    at sun.reflect.DelegatingMethodAccessorImpl.invoke(DelegatingMethodAccessorImpl.java:43)
~ test8(introclassJava.checksum_36d8008b_003WhiteboxTest)
[expected:<...agereturn>Checksumis[X]> but was:<...agereturn>Checksumis[]>]
org.junit.ComparisonFailure: expected:<...agereturn>Checksumis[X]> but was:<...agereturn>Checksumis[]>    at org.junit.Assert.assertEquals(Assert.java:115)
    at org.junit.Assert.assertEquals(Assert.java:144)
    at introclassJava.checksum_36d8008b_003WhiteboxTest.test8(checksum_36d8008b_003WhiteboxTest.java:86)
    at sun.reflect.NativeMethodAccessorImpl.invoke0(Native Method)
    at sun.reflect.NativeMethodAccessorImpl.invoke(NativeMethodAccessorImpl.java:62)
    at sun.reflect.DelegatingMethodAccessorImpl.invoke(DelegatingMethodAccessorImpl.java:43)
~ test1(introclassJava.checksum_36d8008b_003WhiteboxTest)
[expected:<...agereturn>Checksumis[]]> but was:<...agereturn>Checksumis[]>]
org.junit.ComparisonFailure: expected:<...agereturn>Checksumis[]]> but was:<...agereturn>Checksumis[]>    at org.junit.Assert.assertEquals(Assert.java:115)
    at org.junit.Assert.assertEquals(Assert.java:144)
    at introclassJava.checksum_36d8008b_003WhiteboxTest.test1(checksum_36d8008b_003WhiteboxTest.java:14)
    at sun.reflect.NativeMethodAccessorImpl.invoke0(Native Method)
    at sun.reflect.NativeMethodAccessorImpl.invoke(NativeMethodAccessorImpl.java:62)
    at sun.reflect.DelegatingMethodAccessorImpl.invoke(DelegatingMethodAccessorImpl.java:43)
~ test7(introclassJava.checksum_36d8008b_003WhiteboxTest)
[expected:<...agereturn>Checksumis[V]> but was:<...agereturn>Checksumis[]>]
org.junit.ComparisonFailure: expected:<...agereturn>Checksumis[V]> but was:<...agereturn>Checksumis[]>    at org.junit.Assert.assertEquals(Assert.java:115)
    at org.junit.Assert.assertEquals(Assert.java:144)
    at introclassJava.checksum_36d8008b_003WhiteboxTest.test7(checksum_36d8008b_003WhiteboxTest.java:77)
    at sun.reflect.NativeMethodAccessorImpl.invoke0(Native Method)
    at sun.reflect.NativeMethodAccessorImpl.invoke(NativeMethodAccessorImpl.java:62)
    at sun.reflect.DelegatingMethodAccessorImpl.invoke(DelegatingMethodAccessorImpl.java:43)
~ test8(introclassJava.checksum_36d8008b_003WhiteboxTest)
[expected:<...agereturn>Checksumis[X]> but was:<...agereturn>Checksumis[]>]
org.junit.ComparisonFailure: expected:<...agereturn>Checksumis[X]> but was:<...agereturn>Checksumis[]>    at org.junit.Assert.assertEquals(Assert.java:115)
    at org.junit.Assert.assertEquals(Assert.java:144)
    at introclassJava.checksum_36d8008b_003WhiteboxTest.test8(checksum_36d8008b_003WhiteboxTest.java:86)
    at sun.reflect.NativeMethodAccessorImpl.invoke0(Native Method)
    at sun.reflect.NativeMethodAccessorImpl.invoke(NativeMethodAccessorImpl.java:62)
    at sun.reflect.DelegatingMethodAccessorImpl.invoke(DelegatingMethodAccessorImpl.java:43)
~ test1(introclassJava.checksum_36d8008b_003WhiteboxTest)
[expected:<...agereturn>Checksumis[]]> but was:<...agereturn>Checksumis[]>]
org.junit.ComparisonFailure: expected:<...agereturn>Checksumis[]]> but was:<...agereturn>Checksumis[]>    at org.junit.Assert.assertEquals(Assert.java:115)
    at org.junit.Assert.assertEquals(Assert.java:144)
    at introclassJava.checksum_36d8008b_003WhiteboxTest.test1(checksum_36d8008b_003WhiteboxTest.java:14)
    at sun.reflect.NativeMethodAccessorImpl.invoke0(Native Method)
    at sun.reflect.NativeMethodAccessorImpl.invoke(NativeMethodAccessorImpl.java:62)
    at sun.reflect.DelegatingMethodAccessorImpl.invoke(DelegatingMethodAccessorImpl.java:43)
~ test7(introclassJava.checksum_36d8008b_003WhiteboxTest)
[expected:<...agereturn>Checksumis[V]> but was:<...agereturn>Checksumis[]>]
org.junit.ComparisonFailure: expected:<...agereturn>Checksumis[V]> but was:<...agereturn>Checksumis[]>    at org.junit.Assert.assertEquals(Assert.java:115)
    at org.junit.Assert.assertEquals(Assert.java:144)
    at introclassJava.checksum_36d8008b_003WhiteboxTest.test7(checksum_36d8008b_003WhiteboxTest.java:77)
    at sun.reflect.NativeMethodAccessorImpl.invoke0(Native Method)
    at sun.reflect.NativeMethodAccessorImpl.invoke(NativeMethodAccessorImpl.java:62)
    at sun.reflect.DelegatingMethodAccessorImpl.invoke(DelegatingMethodAccessorImpl.java:43)
~ test8(introclassJava.checksum_36d8008b_003WhiteboxTest)
[expected:<...agereturn>Checksumis[X]> but was:<...agereturn>Checksumis[]>]
org.junit.ComparisonFailure: expected:<...agereturn>Checksumis[X]> but was:<...agereturn>Checksumis[]>    at org.junit.Assert.assertEquals(Assert.java:115)
    at org.junit.Assert.assertEquals(Assert.java:144)
    at introclassJava.checksum_36d8008b_003WhiteboxTest.test8(checksum_36d8008b_003WhiteboxTest.java:86)
    at sun.reflect.NativeMethodAccessorImpl.invoke0(Native Method)
    at sun.reflect.NativeMethodAccessorImpl.invoke(NativeMethodAccessorImpl.java:62)
    at sun.reflect.DelegatingMethodAccessorImpl.invoke(DelegatingMethodAccessorImpl.java:43)

org.junit.ComparisonFailure: expected:<[Enteranabitrarilylongstring,endingwithcarriagereturn>Checksumis]]> but was:<[Checksumis]>
    at org.junit.Assert.assertEquals(Assert.java:115)
    at org.junit.Assert.assertEquals(Assert.java:144)
    at introclassJava.checksum_36d8008b_003WhiteboxTest.test1(checksum_36d8008b_003WhiteboxTest.java:14)
    at sun.reflect.NativeMethodAccessorImpl.invoke0(Native Method)
    at sun.reflect.NativeMethodAccessorImpl.invoke(NativeMethodAccessorImpl.java:62)
    at sun.reflect.DelegatingMethodAccessorImpl.invoke(DelegatingMethodAccessorImpl.java:43)
15:55:21.691 [pool-61-thread-1] INFO  f.i.l.c.t.SpecificationTestCasesListener - Tests run finished (2 ms)
<> Total tests run: 1
<> Ignored tests: 0
<> Failed tests: 1
~ test1(introclassJava.checksum_36d8008b_003WhiteboxTest)
[expected:<[Enteranabitrarilylongstring,endingwithcarriagereturn>Checksumis]]> but was:<[Checksumis]>]
org.junit.ComparisonFailure: expected:<[Enteranabitrarilylongstring,endingwithcarriagereturn>Checksumis]]> but was:<[Checksumis]>    at org.junit.Assert.assertEquals(Assert.java:115)
    at org.junit.Assert.assertEquals(Assert.java:144)
    at introclassJava.checksum_36d8008b_003WhiteboxTest.test1(checksum_36d8008b_003WhiteboxTest.java:14)
    at sun.reflect.NativeMethodAccessorImpl.invoke0(Native Method)
    at sun.reflect.NativeMethodAccessorImpl.invoke(NativeMethodAccessorImpl.java:62)
    at sun.reflect.DelegatingMethodAccessorImpl.invoke(DelegatingMethodAccessorImpl.java:43)

org.junit.ComparisonFailure: expected:<[Enteranabitrarilylongstring,endingwithcarriagereturn>ChecksumisX]> but was:<[Checksumis]>
    at org.junit.Assert.assertEquals(Assert.java:115)
    at org.junit.Assert.assertEquals(Assert.java:144)
    at introclassJava.checksum_36d8008b_003WhiteboxTest.test8(checksum_36d8008b_003WhiteboxTest.java:86)
    at sun.reflect.NativeMethodAccessorImpl.invoke0(Native Method)
    at sun.reflect.NativeMethodAccessorImpl.invoke(NativeMethodAccessorImpl.java:62)
    at sun.reflect.DelegatingMethodAccessorImpl.invoke(DelegatingMethodAccessorImpl.java:43)
15:55:21.692 [pool-62-thread-1] INFO  f.i.l.c.t.SpecificationTestCasesListener - Tests run finished (0 ms)
<> Total tests run: 1
<> Ignored tests: 0
<> Failed tests: 1
~ test8(introclassJava.checksum_36d8008b_003WhiteboxTest)
[expected:<[Enteranabitrarilylongstring,endingwithcarriagereturn>ChecksumisX]> but was:<[Checksumis]>]
org.junit.ComparisonFailure: expected:<[Enteranabitrarilylongstring,endingwithcarriagereturn>ChecksumisX]> but was:<[Checksumis]>    at org.junit.Assert.assertEquals(Assert.java:115)
    at org.junit.Assert.assertEquals(Assert.java:144)
    at introclassJava.checksum_36d8008b_003WhiteboxTest.test8(checksum_36d8008b_003WhiteboxTest.java:86)
    at sun.reflect.NativeMethodAccessorImpl.invoke0(Native Method)
    at sun.reflect.NativeMethodAccessorImpl.invoke(NativeMethodAccessorImpl.java:62)
    at sun.reflect.DelegatingMethodAccessorImpl.invoke(DelegatingMethodAccessorImpl.java:43)

org.junit.ComparisonFailure: expected:<[Enteranabitrarilylongstring,endingwithcarriagereturn>ChecksumisV]> but was:<[Checksumis]>
    at org.junit.Assert.assertEquals(Assert.java:115)
    at org.junit.Assert.assertEquals(Assert.java:144)
    at introclassJava.checksum_36d8008b_003WhiteboxTest.test7(checksum_36d8008b_003WhiteboxTest.java:77)
    at sun.reflect.NativeMethodAccessorImpl.invoke0(Native Method)
    at sun.reflect.NativeMethodAccessorImpl.invoke(NativeMethodAccessorImpl.java:62)
    at sun.reflect.DelegatingMethodAccessorImpl.invoke(DelegatingMethodAccessorImpl.java:43)
15:55:21.693 [pool-63-thread-1] INFO  f.i.l.c.t.SpecificationTestCasesListener - Tests run finished (0 ms)
<> Total tests run: 1
<> Ignored tests: 0
<> Failed tests: 1
~ test7(introclassJava.checksum_36d8008b_003WhiteboxTest)
[expected:<[Enteranabitrarilylongstring,endingwithcarriagereturn>ChecksumisV]> but was:<[Checksumis]>]
org.junit.ComparisonFailure: expected:<[Enteranabitrarilylongstring,endingwithcarriagereturn>ChecksumisV]> but was:<[Checksumis]>    at org.junit.Assert.assertEquals(Assert.java:115)
    at org.junit.Assert.assertEquals(Assert.java:144)
    at introclassJava.checksum_36d8008b_003WhiteboxTest.test7(checksum_36d8008b_003WhiteboxTest.java:77)
    at sun.reflect.NativeMethodAccessorImpl.invoke0(Native Method)
    at sun.reflect.NativeMethodAccessorImpl.invoke(NativeMethodAccessorImpl.java:62)
    at sun.reflect.DelegatingMethodAccessorImpl.invoke(DelegatingMethodAccessorImpl.java:43)

org.junit.ComparisonFailure: expected:<...agereturn>Checksumis[]]> but was:<...agereturn>Checksumis[]>
    at org.junit.Assert.assertEquals(Assert.java:115)
    at org.junit.Assert.assertEquals(Assert.java:144)
    at introclassJava.checksum_36d8008b_003WhiteboxTest.test1(checksum_36d8008b_003WhiteboxTest.java:14)
    at sun.reflect.NativeMethodAccessorImpl.invoke0(Native Method)
    at sun.reflect.NativeMethodAccessorImpl.invoke(NativeMethodAccessorImpl.java:62)
    at sun.reflect.DelegatingMethodAccessorImpl.invoke(DelegatingMethodAccessorImpl.java:43)
15:55:21.694 [pool-64-thread-1] INFO  f.i.l.c.t.SpecificationTestCasesListener - Tests run finished (0 ms)
<> Total tests run: 1
<> Ignored tests: 0
<> Failed tests: 1
~ test1(introclassJava.checksum_36d8008b_003WhiteboxTest)
[expected:<...agereturn>Checksumis[]]> but was:<...agereturn>Checksumis[]>]
org.junit.ComparisonFailure: expected:<...agereturn>Checksumis[]]> but was:<...agereturn>Checksumis[]>    at org.junit.Assert.assertEquals(Assert.java:115)
    at org.junit.Assert.assertEquals(Assert.java:144)
    at introclassJava.checksum_36d8008b_003WhiteboxTest.test1(checksum_36d8008b_003WhiteboxTest.java:14)
    at sun.reflect.NativeMethodAccessorImpl.invoke0(Native Method)
    at sun.reflect.NativeMethodAccessorImpl.invoke(NativeMethodAccessorImpl.java:62)
    at sun.reflect.DelegatingMethodAccessorImpl.invoke(DelegatingMethodAccessorImpl.java:43)

org.junit.ComparisonFailure: expected:<...agereturn>Checksumis[X]> but was:<...agereturn>Checksumis[]>
    at org.junit.Assert.assertEquals(Assert.java:115)
    at org.junit.Assert.assertEquals(Assert.java:144)
    at introclassJava.checksum_36d8008b_003WhiteboxTest.test8(checksum_36d8008b_003WhiteboxTest.java:86)
    at sun.reflect.NativeMethodAccessorImpl.invoke0(Native Method)
    at sun.reflect.NativeMethodAccessorImpl.invoke(NativeMethodAccessorImpl.java:62)
    at sun.reflect.DelegatingMethodAccessorImpl.invoke(DelegatingMethodAccessorImpl.java:43)
15:55:21.695 [pool-65-thread-1] INFO  f.i.l.c.t.SpecificationTestCasesListener - Tests run finished (0 ms)
<> Total tests run: 1
<> Ignored tests: 0
<> Failed tests: 1
~ test8(introclassJava.checksum_36d8008b_003WhiteboxTest)
[expected:<...agereturn>Checksumis[X]> but was:<...agereturn>Checksumis[]>]
org.junit.ComparisonFailure: expected:<...agereturn>Checksumis[X]> but was:<...agereturn>Checksumis[]>    at org.junit.Assert.assertEquals(Assert.java:115)
    at org.junit.Assert.assertEquals(Assert.java:144)
    at introclassJava.checksum_36d8008b_003WhiteboxTest.test8(checksum_36d8008b_003WhiteboxTest.java:86)
    at sun.reflect.NativeMethodAccessorImpl.invoke0(Native Method)
    at sun.reflect.NativeMethodAccessorImpl.invoke(NativeMethodAccessorImpl.java:62)
    at sun.reflect.DelegatingMethodAccessorImpl.invoke(DelegatingMethodAccessorImpl.java:43)

org.junit.ComparisonFailure: expected:<...agereturn>Checksumis[V]> but was:<...agereturn>Checksumis[]>
    at org.junit.Assert.assertEquals(Assert.java:115)
    at org.junit.Assert.assertEquals(Assert.java:144)
    at introclassJava.checksum_36d8008b_003WhiteboxTest.test7(checksum_36d8008b_003WhiteboxTest.java:77)
    at sun.reflect.NativeMethodAccessorImpl.invoke0(Native Method)
    at sun.reflect.NativeMethodAccessorImpl.invoke(NativeMethodAccessorImpl.java:62)
    at sun.reflect.DelegatingMethodAccessorImpl.invoke(DelegatingMethodAccessorImpl.java:43)
15:55:21.696 [pool-66-thread-1] INFO  f.i.l.c.t.SpecificationTestCasesListener - Tests run finished (0 ms)
<> Total tests run: 1
<> Ignored tests: 0
<> Failed tests: 1
~ test7(introclassJava.checksum_36d8008b_003WhiteboxTest)
[expected:<...agereturn>Checksumis[V]> but was:<...agereturn>Checksumis[]>]
org.junit.ComparisonFailure: expected:<...agereturn>Checksumis[V]> but was:<...agereturn>Checksumis[]>    at org.junit.Assert.assertEquals(Assert.java:115)
    at org.junit.Assert.assertEquals(Assert.java:144)
    at introclassJava.checksum_36d8008b_003WhiteboxTest.test7(checksum_36d8008b_003WhiteboxTest.java:77)
    at sun.reflect.NativeMethodAccessorImpl.invoke0(Native Method)
    at sun.reflect.NativeMethodAccessorImpl.invoke(NativeMethodAccessorImpl.java:62)
    at sun.reflect.DelegatingMethodAccessorImpl.invoke(DelegatingMethodAccessorImpl.java:43)

15:55:21.697 [pool-59-thread-1] DEBUG tests.output - Failing tests with false: 
[test1(introclassJava.checksum_36d8008b_003WhiteboxTest): expected:<[Enteranabitrarilylongstring,endingwithcarriagereturn>Checksumis]]> but was:<[Checksumis]>, test8(introclassJava.checksum_36d8008b_003WhiteboxTest): expected:<[Enteranabitrarilylongstring,endingwithcarriagereturn>ChecksumisX]> but was:<[Checksumis]>, test7(introclassJava.checksum_36d8008b_003WhiteboxTest): expected:<[Enteranabitrarilylongstring,endingwithcarriagereturn>ChecksumisV]> but was:<[Checksumis]>]
15:55:21.697 [pool-59-thread-1] DEBUG tests.output - Failing tests with true: 
[test1(introclassJava.checksum_36d8008b_003WhiteboxTest): expected:<...agereturn>Checksumis[]]> but was:<...agereturn>Checksumis[]>, test8(introclassJava.checksum_36d8008b_003WhiteboxTest): expected:<...agereturn>Checksumis[X]> but was:<...agereturn>Checksumis[]>, test7(introclassJava.checksum_36d8008b_003WhiteboxTest): expected:<...agereturn>Checksumis[V]> but was:<...agereturn>Checksumis[]>]
15:55:21.697 [pool-59-thread-1] INFO  f.i.l.r.n.synth.SMTNopolSynthesizer - Not enough specifications: 0. A trivial patch is "true" or "false", please write new tests specifying SourceLocation introclassJava.checksum_36d8008b_003:63.
15:55:21.697 [pool-2-thread-1] DEBUG fr.inria.lille.repair.nopol.NoPol - statement #11
15:55:21.697 [pool-2-thread-1] DEBUG fr.inria.lille.repair.nopol.NoPol - Analysing SourceLocation introclassJava.checksum_36d8008b_003:62 which is executed by 16 tests
-2093792494
15:55:21.738 [pool-2-thread-1] DEBUG fr.inria.lille.repair.nopol.NoPol - looking with class fr.inria.lille.repair.nopol.spoon.smt.ConditionalAdder
org.junit.ComparisonFailure: expected:<...agereturn>Checksumis[]]> but was:<...agereturn>Checksumis[]>
    at org.junit.Assert.assertEquals(Assert.java:115)
    at org.junit.Assert.assertEquals(Assert.java:144)
    at introclassJava.checksum_36d8008b_003WhiteboxTest.test1(checksum_36d8008b_003WhiteboxTest.java:14)
    at sun.reflect.NativeMethodAccessorImpl.invoke0(Native Method)
    at sun.reflect.NativeMethodAccessorImpl.invoke(NativeMethodAccessorImpl.java:62)
    at sun.reflect.DelegatingMethodAccessorImpl.invoke(DelegatingMethodAccessorImpl.java:43)
org.junit.ComparisonFailure: expected:<...agereturn>Checksumis[V]> but was:<...agereturn>Checksumis[]>
    at org.junit.Assert.assertEquals(Assert.java:115)
    at org.junit.Assert.assertEquals(Assert.java:144)
    at introclassJava.checksum_36d8008b_003WhiteboxTest.test7(checksum_36d8008b_003WhiteboxTest.java:77)
    at sun.reflect.NativeMethodAccessorImpl.invoke0(Native Method)
    at sun.reflect.NativeMethodAccessorImpl.invoke(NativeMethodAccessorImpl.java:62)
    at sun.reflect.DelegatingMethodAccessorImpl.invoke(DelegatingMethodAccessorImpl.java:43)
org.junit.ComparisonFailure: expected:<...agereturn>Checksumis[X]> but was:<...agereturn>Checksumis[]>
    at org.junit.Assert.assertEquals(Assert.java:115)
    at org.junit.Assert.assertEquals(Assert.java:144)
    at introclassJava.checksum_36d8008b_003WhiteboxTest.test8(checksum_36d8008b_003WhiteboxTest.java:86)
    at sun.reflect.NativeMethodAccessorImpl.invoke0(Native Method)
    at sun.reflect.NativeMethodAccessorImpl.invoke(NativeMethodAccessorImpl.java:62)
    at sun.reflect.DelegatingMethodAccessorImpl.invoke(DelegatingMethodAccessorImpl.java:43)
org.junit.ComparisonFailure: expected:<...agereturn>Checksumis[]]> but was:<...agereturn>Checksumis[]>
    at org.junit.Assert.assertEquals(Assert.java:115)
    at org.junit.Assert.assertEquals(Assert.java:144)
    at introclassJava.checksum_36d8008b_003WhiteboxTest.test1(checksum_36d8008b_003WhiteboxTest.java:14)
    at sun.reflect.NativeMethodAccessorImpl.invoke0(Native Method)
    at sun.reflect.NativeMethodAccessorImpl.invoke(NativeMethodAccessorImpl.java:62)
    at sun.reflect.DelegatingMethodAccessorImpl.invoke(DelegatingMethodAccessorImpl.java:43)
org.junit.ComparisonFailure: expected:<...agereturn>Checksumis[V]> but was:<...agereturn>Checksumis[]>
    at org.junit.Assert.assertEquals(Assert.java:115)
    at org.junit.Assert.assertEquals(Assert.java:144)
    at introclassJava.checksum_36d8008b_003WhiteboxTest.test7(checksum_36d8008b_003WhiteboxTest.java:77)
    at sun.reflect.NativeMethodAccessorImpl.invoke0(Native Method)
    at sun.reflect.NativeMethodAccessorImpl.invoke(NativeMethodAccessorImpl.java:62)
    at sun.reflect.DelegatingMethodAccessorImpl.invoke(DelegatingMethodAccessorImpl.java:43)
org.junit.ComparisonFailure: expected:<...agereturn>Checksumis[X]> but was:<...agereturn>Checksumis[]>
    at org.junit.Assert.assertEquals(Assert.java:115)
    at org.junit.Assert.assertEquals(Assert.java:144)
    at introclassJava.checksum_36d8008b_003WhiteboxTest.test8(checksum_36d8008b_003WhiteboxTest.java:86)
    at sun.reflect.NativeMethodAccessorImpl.invoke0(Native Method)
    at sun.reflect.NativeMethodAccessorImpl.invoke(NativeMethodAccessorImpl.java:62)
    at sun.reflect.DelegatingMethodAccessorImpl.invoke(DelegatingMethodAccessorImpl.java:43)
org.junit.ComparisonFailure: expected:<...agereturn>Checksumis[]]> but was:<...agereturn>Checksumis[]>
    at org.junit.Assert.assertEquals(Assert.java:115)
    at org.junit.Assert.assertEquals(Assert.java:144)
    at introclassJava.checksum_36d8008b_003WhiteboxTest.test1(checksum_36d8008b_003WhiteboxTest.java:14)
    at sun.reflect.NativeMethodAccessorImpl.invoke0(Native Method)
    at sun.reflect.NativeMethodAccessorImpl.invoke(NativeMethodAccessorImpl.java:62)
    at sun.reflect.DelegatingMethodAccessorImpl.invoke(DelegatingMethodAccessorImpl.java:43)
org.junit.ComparisonFailure: expected:<...agereturn>Checksumis[V]> but was:<...agereturn>Checksumis[]>
    at org.junit.Assert.assertEquals(Assert.java:115)
    at org.junit.Assert.assertEquals(Assert.java:144)
    at introclassJava.checksum_36d8008b_003WhiteboxTest.test7(checksum_36d8008b_003WhiteboxTest.java:77)
    at sun.reflect.NativeMethodAccessorImpl.invoke0(Native Method)
    at sun.reflect.NativeMethodAccessorImpl.invoke(NativeMethodAccessorImpl.java:62)
    at sun.reflect.DelegatingMethodAccessorImpl.invoke(DelegatingMethodAccessorImpl.java:43)
org.junit.ComparisonFailure: expected:<...agereturn>Checksumis[X]> but was:<...agereturn>Checksumis[]>
    at org.junit.Assert.assertEquals(Assert.java:115)
    at org.junit.Assert.assertEquals(Assert.java:144)
    at introclassJava.checksum_36d8008b_003WhiteboxTest.test8(checksum_36d8008b_003WhiteboxTest.java:86)
    at sun.reflect.NativeMethodAccessorImpl.invoke0(Native Method)
    at sun.reflect.NativeMethodAccessorImpl.invoke(NativeMethodAccessorImpl.java:62)
    at sun.reflect.DelegatingMethodAccessorImpl.invoke(DelegatingMethodAccessorImpl.java:43)
15:55:21.751 [pool-68-thread-1] INFO  xxl.java.junit.TestCasesListener - Tests run finished (11 ms)
<> Total tests run: 30
<> Ignored tests: 0
<> Failed tests: 9
~ test1(introclassJava.checksum_36d8008b_003WhiteboxTest)
[expected:<...agereturn>Checksumis[]]> but was:<...agereturn>Checksumis[]>]
org.junit.ComparisonFailure: expected:<...agereturn>Checksumis[]]> but was:<...agereturn>Checksumis[]>    at org.junit.Assert.assertEquals(Assert.java:115)
    at org.junit.Assert.assertEquals(Assert.java:144)
    at introclassJava.checksum_36d8008b_003WhiteboxTest.test1(checksum_36d8008b_003WhiteboxTest.java:14)
    at sun.reflect.NativeMethodAccessorImpl.invoke0(Native Method)
    at sun.reflect.NativeMethodAccessorImpl.invoke(NativeMethodAccessorImpl.java:62)
    at sun.reflect.DelegatingMethodAccessorImpl.invoke(DelegatingMethodAccessorImpl.java:43)
~ test7(introclassJava.checksum_36d8008b_003WhiteboxTest)
[expected:<...agereturn>Checksumis[V]> but was:<...agereturn>Checksumis[]>]
org.junit.ComparisonFailure: expected:<...agereturn>Checksumis[V]> but was:<...agereturn>Checksumis[]>    at org.junit.Assert.assertEquals(Assert.java:115)
    at org.junit.Assert.assertEquals(Assert.java:144)
    at introclassJava.checksum_36d8008b_003WhiteboxTest.test7(checksum_36d8008b_003WhiteboxTest.java:77)
    at sun.reflect.NativeMethodAccessorImpl.invoke0(Native Method)
    at sun.reflect.NativeMethodAccessorImpl.invoke(NativeMethodAccessorImpl.java:62)
    at sun.reflect.DelegatingMethodAccessorImpl.invoke(DelegatingMethodAccessorImpl.java:43)
~ test8(introclassJava.checksum_36d8008b_003WhiteboxTest)
[expected:<...agereturn>Checksumis[X]> but was:<...agereturn>Checksumis[]>]
org.junit.ComparisonFailure: expected:<...agereturn>Checksumis[X]> but was:<...agereturn>Checksumis[]>    at org.junit.Assert.assertEquals(Assert.java:115)
    at org.junit.Assert.assertEquals(Assert.java:144)
    at introclassJava.checksum_36d8008b_003WhiteboxTest.test8(checksum_36d8008b_003WhiteboxTest.java:86)
    at sun.reflect.NativeMethodAccessorImpl.invoke0(Native Method)
    at sun.reflect.NativeMethodAccessorImpl.invoke(NativeMethodAccessorImpl.java:62)
    at sun.reflect.DelegatingMethodAccessorImpl.invoke(DelegatingMethodAccessorImpl.java:43)
~ test1(introclassJava.checksum_36d8008b_003WhiteboxTest)
[expected:<...agereturn>Checksumis[]]> but was:<...agereturn>Checksumis[]>]
org.junit.ComparisonFailure: expected:<...agereturn>Checksumis[]]> but was:<...agereturn>Checksumis[]>    at org.junit.Assert.assertEquals(Assert.java:115)
    at org.junit.Assert.assertEquals(Assert.java:144)
    at introclassJava.checksum_36d8008b_003WhiteboxTest.test1(checksum_36d8008b_003WhiteboxTest.java:14)
    at sun.reflect.NativeMethodAccessorImpl.invoke0(Native Method)
    at sun.reflect.NativeMethodAccessorImpl.invoke(NativeMethodAccessorImpl.java:62)
    at sun.reflect.DelegatingMethodAccessorImpl.invoke(DelegatingMethodAccessorImpl.java:43)
~ test7(introclassJava.checksum_36d8008b_003WhiteboxTest)
[expected:<...agereturn>Checksumis[V]> but was:<...agereturn>Checksumis[]>]
org.junit.ComparisonFailure: expected:<...agereturn>Checksumis[V]> but was:<...agereturn>Checksumis[]>    at org.junit.Assert.assertEquals(Assert.java:115)
    at org.junit.Assert.assertEquals(Assert.java:144)
    at introclassJava.checksum_36d8008b_003WhiteboxTest.test7(checksum_36d8008b_003WhiteboxTest.java:77)
    at sun.reflect.NativeMethodAccessorImpl.invoke0(Native Method)
    at sun.reflect.NativeMethodAccessorImpl.invoke(NativeMethodAccessorImpl.java:62)
    at sun.reflect.DelegatingMethodAccessorImpl.invoke(DelegatingMethodAccessorImpl.java:43)
~ test8(introclassJava.checksum_36d8008b_003WhiteboxTest)
[expected:<...agereturn>Checksumis[X]> but was:<...agereturn>Checksumis[]>]
org.junit.ComparisonFailure: expected:<...agereturn>Checksumis[X]> but was:<...agereturn>Checksumis[]>    at org.junit.Assert.assertEquals(Assert.java:115)
    at org.junit.Assert.assertEquals(Assert.java:144)
    at introclassJava.checksum_36d8008b_003WhiteboxTest.test8(checksum_36d8008b_003WhiteboxTest.java:86)
    at sun.reflect.NativeMethodAccessorImpl.invoke0(Native Method)
    at sun.reflect.NativeMethodAccessorImpl.invoke(NativeMethodAccessorImpl.java:62)
    at sun.reflect.DelegatingMethodAccessorImpl.invoke(DelegatingMethodAccessorImpl.java:43)
~ test1(introclassJava.checksum_36d8008b_003WhiteboxTest)
[expected:<...agereturn>Checksumis[]]> but was:<...agereturn>Checksumis[]>]
org.junit.ComparisonFailure: expected:<...agereturn>Checksumis[]]> but was:<...agereturn>Checksumis[]>    at org.junit.Assert.assertEquals(Assert.java:115)
    at org.junit.Assert.assertEquals(Assert.java:144)
    at introclassJava.checksum_36d8008b_003WhiteboxTest.test1(checksum_36d8008b_003WhiteboxTest.java:14)
    at sun.reflect.NativeMethodAccessorImpl.invoke0(Native Method)
    at sun.reflect.NativeMethodAccessorImpl.invoke(NativeMethodAccessorImpl.java:62)
    at sun.reflect.DelegatingMethodAccessorImpl.invoke(DelegatingMethodAccessorImpl.java:43)
~ test7(introclassJava.checksum_36d8008b_003WhiteboxTest)
[expected:<...agereturn>Checksumis[V]> but was:<...agereturn>Checksumis[]>]
org.junit.ComparisonFailure: expected:<...agereturn>Checksumis[V]> but was:<...agereturn>Checksumis[]>    at org.junit.Assert.assertEquals(Assert.java:115)
    at org.junit.Assert.assertEquals(Assert.java:144)
    at introclassJava.checksum_36d8008b_003WhiteboxTest.test7(checksum_36d8008b_003WhiteboxTest.java:77)
    at sun.reflect.NativeMethodAccessorImpl.invoke0(Native Method)
    at sun.reflect.NativeMethodAccessorImpl.invoke(NativeMethodAccessorImpl.java:62)
    at sun.reflect.DelegatingMethodAccessorImpl.invoke(DelegatingMethodAccessorImpl.java:43)
~ test8(introclassJava.checksum_36d8008b_003WhiteboxTest)
[expected:<...agereturn>Checksumis[X]> but was:<...agereturn>Checksumis[]>]
org.junit.ComparisonFailure: expected:<...agereturn>Checksumis[X]> but was:<...agereturn>Checksumis[]>    at org.junit.Assert.assertEquals(Assert.java:115)
    at org.junit.Assert.assertEquals(Assert.java:144)
    at introclassJava.checksum_36d8008b_003WhiteboxTest.test8(checksum_36d8008b_003WhiteboxTest.java:86)
    at sun.reflect.NativeMethodAccessorImpl.invoke0(Native Method)
    at sun.reflect.NativeMethodAccessorImpl.invoke(NativeMethodAccessorImpl.java:62)
    at sun.reflect.DelegatingMethodAccessorImpl.invoke(DelegatingMethodAccessorImpl.java:43)

org.junit.ComparisonFailure: expected:<...agereturn>Checksumis[]]> but was:<...agereturn>Checksumis[]>
    at org.junit.Assert.assertEquals(Assert.java:115)
    at org.junit.Assert.assertEquals(Assert.java:144)
    at introclassJava.checksum_36d8008b_003WhiteboxTest.test1(checksum_36d8008b_003WhiteboxTest.java:14)
    at sun.reflect.NativeMethodAccessorImpl.invoke0(Native Method)
    at sun.reflect.NativeMethodAccessorImpl.invoke(NativeMethodAccessorImpl.java:62)
    at sun.reflect.DelegatingMethodAccessorImpl.invoke(DelegatingMethodAccessorImpl.java:43)
15:55:21.825 [pool-69-thread-1] INFO  f.i.l.c.t.SpecificationTestCasesListener - Tests run finished (2 ms)
<> Total tests run: 1
<> Ignored tests: 0
<> Failed tests: 1
~ test1(introclassJava.checksum_36d8008b_003WhiteboxTest)
[expected:<...agereturn>Checksumis[]]> but was:<...agereturn>Checksumis[]>]
org.junit.ComparisonFailure: expected:<...agereturn>Checksumis[]]> but was:<...agereturn>Checksumis[]>    at org.junit.Assert.assertEquals(Assert.java:115)
    at org.junit.Assert.assertEquals(Assert.java:144)
    at introclassJava.checksum_36d8008b_003WhiteboxTest.test1(checksum_36d8008b_003WhiteboxTest.java:14)
    at sun.reflect.NativeMethodAccessorImpl.invoke0(Native Method)
    at sun.reflect.NativeMethodAccessorImpl.invoke(NativeMethodAccessorImpl.java:62)
    at sun.reflect.DelegatingMethodAccessorImpl.invoke(DelegatingMethodAccessorImpl.java:43)

org.junit.ComparisonFailure: expected:<...agereturn>Checksumis[X]> but was:<...agereturn>Checksumis[]>
    at org.junit.Assert.assertEquals(Assert.java:115)
    at org.junit.Assert.assertEquals(Assert.java:144)
    at introclassJava.checksum_36d8008b_003WhiteboxTest.test8(checksum_36d8008b_003WhiteboxTest.java:86)
    at sun.reflect.NativeMethodAccessorImpl.invoke0(Native Method)
    at sun.reflect.NativeMethodAccessorImpl.invoke(NativeMethodAccessorImpl.java:62)
    at sun.reflect.DelegatingMethodAccessorImpl.invoke(DelegatingMethodAccessorImpl.java:43)
15:55:21.826 [pool-70-thread-1] INFO  f.i.l.c.t.SpecificationTestCasesListener - Tests run finished (1 ms)
<> Total tests run: 1
<> Ignored tests: 0
<> Failed tests: 1
~ test8(introclassJava.checksum_36d8008b_003WhiteboxTest)
[expected:<...agereturn>Checksumis[X]> but was:<...agereturn>Checksumis[]>]
org.junit.ComparisonFailure: expected:<...agereturn>Checksumis[X]> but was:<...agereturn>Checksumis[]>    at org.junit.Assert.assertEquals(Assert.java:115)
    at org.junit.Assert.assertEquals(Assert.java:144)
    at introclassJava.checksum_36d8008b_003WhiteboxTest.test8(checksum_36d8008b_003WhiteboxTest.java:86)
    at sun.reflect.NativeMethodAccessorImpl.invoke0(Native Method)
    at sun.reflect.NativeMethodAccessorImpl.invoke(NativeMethodAccessorImpl.java:62)
    at sun.reflect.DelegatingMethodAccessorImpl.invoke(DelegatingMethodAccessorImpl.java:43)

org.junit.ComparisonFailure: expected:<...agereturn>Checksumis[V]> but was:<...agereturn>Checksumis[]>
    at org.junit.Assert.assertEquals(Assert.java:115)
    at org.junit.Assert.assertEquals(Assert.java:144)
    at introclassJava.checksum_36d8008b_003WhiteboxTest.test7(checksum_36d8008b_003WhiteboxTest.java:77)
    at sun.reflect.NativeMethodAccessorImpl.invoke0(Native Method)
    at sun.reflect.NativeMethodAccessorImpl.invoke(NativeMethodAccessorImpl.java:62)
    at sun.reflect.DelegatingMethodAccessorImpl.invoke(DelegatingMethodAccessorImpl.java:43)
15:55:21.827 [pool-71-thread-1] INFO  f.i.l.c.t.SpecificationTestCasesListener - Tests run finished (1 ms)
<> Total tests run: 1
<> Ignored tests: 0
<> Failed tests: 1
~ test7(introclassJava.checksum_36d8008b_003WhiteboxTest)
[expected:<...agereturn>Checksumis[V]> but was:<...agereturn>Checksumis[]>]
org.junit.ComparisonFailure: expected:<...agereturn>Checksumis[V]> but was:<...agereturn>Checksumis[]>    at org.junit.Assert.assertEquals(Assert.java:115)
    at org.junit.Assert.assertEquals(Assert.java:144)
    at introclassJava.checksum_36d8008b_003WhiteboxTest.test7(checksum_36d8008b_003WhiteboxTest.java:77)
    at sun.reflect.NativeMethodAccessorImpl.invoke0(Native Method)
    at sun.reflect.NativeMethodAccessorImpl.invoke(NativeMethodAccessorImpl.java:62)
    at sun.reflect.DelegatingMethodAccessorImpl.invoke(DelegatingMethodAccessorImpl.java:43)

org.junit.ComparisonFailure: expected:<...agereturn>Checksumis[]]> but was:<...agereturn>Checksumis[]>
    at org.junit.Assert.assertEquals(Assert.java:115)
    at org.junit.Assert.assertEquals(Assert.java:144)
    at introclassJava.checksum_36d8008b_003WhiteboxTest.test1(checksum_36d8008b_003WhiteboxTest.java:14)
    at sun.reflect.NativeMethodAccessorImpl.invoke0(Native Method)
    at sun.reflect.NativeMethodAccessorImpl.invoke(NativeMethodAccessorImpl.java:62)
    at sun.reflect.DelegatingMethodAccessorImpl.invoke(DelegatingMethodAccessorImpl.java:43)
15:55:21.828 [pool-72-thread-1] INFO  f.i.l.c.t.SpecificationTestCasesListener - Tests run finished (1 ms)
<> Total tests run: 1
<> Ignored tests: 0
<> Failed tests: 1
~ test1(introclassJava.checksum_36d8008b_003WhiteboxTest)
[expected:<...agereturn>Checksumis[]]> but was:<...agereturn>Checksumis[]>]
org.junit.ComparisonFailure: expected:<...agereturn>Checksumis[]]> but was:<...agereturn>Checksumis[]>    at org.junit.Assert.assertEquals(Assert.java:115)
    at org.junit.Assert.assertEquals(Assert.java:144)
    at introclassJava.checksum_36d8008b_003WhiteboxTest.test1(checksum_36d8008b_003WhiteboxTest.java:14)
    at sun.reflect.NativeMethodAccessorImpl.invoke0(Native Method)
    at sun.reflect.NativeMethodAccessorImpl.invoke(NativeMethodAccessorImpl.java:62)
    at sun.reflect.DelegatingMethodAccessorImpl.invoke(DelegatingMethodAccessorImpl.java:43)

org.junit.ComparisonFailure: expected:<...agereturn>Checksumis[X]> but was:<...agereturn>Checksumis[]>
    at org.junit.Assert.assertEquals(Assert.java:115)
    at org.junit.Assert.assertEquals(Assert.java:144)
    at introclassJava.checksum_36d8008b_003WhiteboxTest.test8(checksum_36d8008b_003WhiteboxTest.java:86)
    at sun.reflect.NativeMethodAccessorImpl.invoke0(Native Method)
    at sun.reflect.NativeMethodAccessorImpl.invoke(NativeMethodAccessorImpl.java:62)
    at sun.reflect.DelegatingMethodAccessorImpl.invoke(DelegatingMethodAccessorImpl.java:43)
15:55:21.829 [pool-73-thread-1] INFO  f.i.l.c.t.SpecificationTestCasesListener - Tests run finished (1 ms)
<> Total tests run: 1
<> Ignored tests: 0
<> Failed tests: 1
~ test8(introclassJava.checksum_36d8008b_003WhiteboxTest)
[expected:<...agereturn>Checksumis[X]> but was:<...agereturn>Checksumis[]>]
org.junit.ComparisonFailure: expected:<...agereturn>Checksumis[X]> but was:<...agereturn>Checksumis[]>    at org.junit.Assert.assertEquals(Assert.java:115)
    at org.junit.Assert.assertEquals(Assert.java:144)
    at introclassJava.checksum_36d8008b_003WhiteboxTest.test8(checksum_36d8008b_003WhiteboxTest.java:86)
    at sun.reflect.NativeMethodAccessorImpl.invoke0(Native Method)
    at sun.reflect.NativeMethodAccessorImpl.invoke(NativeMethodAccessorImpl.java:62)
    at sun.reflect.DelegatingMethodAccessorImpl.invoke(DelegatingMethodAccessorImpl.java:43)

org.junit.ComparisonFailure: expected:<...agereturn>Checksumis[V]> but was:<...agereturn>Checksumis[]>
    at org.junit.Assert.assertEquals(Assert.java:115)
    at org.junit.Assert.assertEquals(Assert.java:144)
    at introclassJava.checksum_36d8008b_003WhiteboxTest.test7(checksum_36d8008b_003WhiteboxTest.java:77)
    at sun.reflect.NativeMethodAccessorImpl.invoke0(Native Method)
    at sun.reflect.NativeMethodAccessorImpl.invoke(NativeMethodAccessorImpl.java:62)
    at sun.reflect.DelegatingMethodAccessorImpl.invoke(DelegatingMethodAccessorImpl.java:43)
15:55:21.830 [pool-74-thread-1] INFO  f.i.l.c.t.SpecificationTestCasesListener - Tests run finished (1 ms)
<> Total tests run: 1
<> Ignored tests: 0
<> Failed tests: 1
~ test7(introclassJava.checksum_36d8008b_003WhiteboxTest)
[expected:<...agereturn>Checksumis[V]> but was:<...agereturn>Checksumis[]>]
org.junit.ComparisonFailure: expected:<...agereturn>Checksumis[V]> but was:<...agereturn>Checksumis[]>    at org.junit.Assert.assertEquals(Assert.java:115)
    at org.junit.Assert.assertEquals(Assert.java:144)
    at introclassJava.checksum_36d8008b_003WhiteboxTest.test7(checksum_36d8008b_003WhiteboxTest.java:77)
    at sun.reflect.NativeMethodAccessorImpl.invoke0(Native Method)
    at sun.reflect.NativeMethodAccessorImpl.invoke(NativeMethodAccessorImpl.java:62)
    at sun.reflect.DelegatingMethodAccessorImpl.invoke(DelegatingMethodAccessorImpl.java:43)

15:55:21.830 [pool-67-thread-1] DEBUG tests.output - Failing tests with false: 
[test1(introclassJava.checksum_36d8008b_003WhiteboxTest): expected:<...agereturn>Checksumis[]]> but was:<...agereturn>Checksumis[]>, test8(introclassJava.checksum_36d8008b_003WhiteboxTest): expected:<...agereturn>Checksumis[X]> but was:<...agereturn>Checksumis[]>, test7(introclassJava.checksum_36d8008b_003WhiteboxTest): expected:<...agereturn>Checksumis[V]> but was:<...agereturn>Checksumis[]>]
15:55:21.830 [pool-67-thread-1] DEBUG tests.output - Failing tests with true: 
[test1(introclassJava.checksum_36d8008b_003WhiteboxTest): expected:<...agereturn>Checksumis[]]> but was:<...agereturn>Checksumis[]>, test8(introclassJava.checksum_36d8008b_003WhiteboxTest): expected:<...agereturn>Checksumis[X]> but was:<...agereturn>Checksumis[]>, test7(introclassJava.checksum_36d8008b_003WhiteboxTest): expected:<...agereturn>Checksumis[V]> but was:<...agereturn>Checksumis[]>]
15:55:21.830 [pool-67-thread-1] INFO  f.i.l.r.n.synth.SMTNopolSynthesizer - Not enough specifications: 0. A trivial patch is "true" or "false", please write new tests specifying SourceLocation introclassJava.checksum_36d8008b_003:62.
15:55:21.830 [pool-2-thread-1] DEBUG fr.inria.lille.repair.nopol.NoPol - statement #12
15:55:21.831 [pool-2-thread-1] DEBUG fr.inria.lille.repair.nopol.NoPol - Analysing SourceLocation introclassJava.checksum_36d8008b_003:61 which is executed by 16 tests
-2093792494
15:55:21.870 [pool-2-thread-1] DEBUG fr.inria.lille.repair.nopol.NoPol - statement #13
15:55:21.871 [pool-2-thread-1] DEBUG fr.inria.lille.repair.nopol.NoPol - Analysing SourceLocation introclassJava.checksum_36d8008b_003:60 which is executed by 16 tests
-2093792494
15:55:21.909 [pool-2-thread-1] INFO  fr.inria.lille.repair.nopol.NoPol - ----INFORMATION----
15:55:21.915 [pool-2-thread-1] INFO  fr.inria.lille.repair.nopol.NoPol - Nb classes : 6
15:55:21.915 [pool-2-thread-1] INFO  fr.inria.lille.repair.nopol.NoPol - Nb methods : 2
15:55:21.915 [pool-2-thread-1] INFO  fr.inria.lille.repair.nopol.NoPol - Nb Statements Analyzed : 9
15:55:21.915 [pool-2-thread-1] INFO  fr.inria.lille.repair.nopol.NoPol - Nb Statements with Angelic Value Found : 0
15:55:21.915 [pool-2-thread-1] INFO  fr.inria.lille.repair.nopol.NoPol - Nb inputs in SMT : 0
15:55:21.918 [pool-2-thread-1] INFO  fr.inria.lille.repair.nopol.NoPol - Nb SMT level: 0
15:55:21.918 [pool-2-thread-1] INFO  fr.inria.lille.repair.nopol.NoPol - Nb variables in SMT : 0
15:55:21.918 [pool-2-thread-1] INFO  fr.inria.lille.repair.nopol.NoPol - NoPol Execution time : 11400ms
15:55:21.918 [pool-2-thread-1] INFO  fr.inria.lille.repair.nopol.NoPol - 
NO_ANGELIC_VALUE
Command exited with non-zero status 255
31.43user 1.90system 0:12.50elapsed 266%CPU (0avgtext+0avgdata 1258868maxresident)k
46248inputs+5768outputs (3major+357804minor)pagefaults 0swaps


Node: uvb-41.sophia.grid5000.fr



Date: Wed Dec  5 15:55:22 EST 2018

